# JRE version: OpenJDK Runtime Environment (21.0.7) (build 21.0.7+-13880790-b1038.58)
# Java VM: OpenJDK 64-Bit Server VM (21.0.7+-13880790-b1038.58, mixed mode, tiered, compressed oops, compressed class ptrs, g1 gc, windows-amd64)
GC Precious Log:
 CardTable entry size: 512
 Card Set container configuration: InlinePtr #cards 4 size 8 Array Of Cards #cards 16 size 48 Howl #buckets 8 coarsen threshold 3686 Howl Bitmap #cards 512 size 80 coarsen threshold 460 Card regions per heap region 1 cards per card region 4096
 CPUs: 12 total, 12 available
 Memory: 7520M
 Large Page Support: Disabled
 NUMA Support: Disabled
 Compressed Oops: Enabled (Zero based)
 Heap Region Size: 2M
 Heap Min Capacity: 8M
 Heap Initial Capacity: 118M
 Heap Max Capacity: 4G
 Pre-touch: Disabled
 Parallel Workers: 10
 Concurrent Workers: 3
 Concurrent Refinement Workers: 10
 Periodic GC: Disabled
Heap:
 garbage-first heap   total 409600K, used 275051K [0x0000000700000000, 0x0000000800000000)
  region size 2048K, 8 young (16384K), 8 survivors (16384K)
 Metaspace       used 159031K, committed 161664K, reserved 1245184K
  class space    used 21239K, committed 22528K, reserved 1048576K
GC Heap History (20 events):
Event: 16.147 GC heap after
{Heap after GC invocations=50 (full 0):
 garbage-first heap   total 348160K, used 181119K [0x0000000700000000, 0x0000000800000000)
  region size 2048K, 6 young (12288K), 6 survivors (12288K)
 Metaspace       used 128088K, committed 130368K, reserved 1179648K
  class space    used 17427K, committed 18560K, reserved 1048576K
}
Event: 17.620 GC heap before
{Heap before GC invocations=50 (full 0):
 garbage-first heap   total 348160K, used 314239K [0x0000000700000000, 0x0000000800000000)
  region size 2048K, 71 young (145408K), 6 survivors (12288K)
 Metaspace       used 138015K, committed 140480K, reserved 1179648K
  class space    used 18726K, committed 19968K, reserved 1048576K
}
Event: 17.635 GC heap after
{Heap after GC invocations=51 (full 0):
 garbage-first heap   total 348160K, used 187854K [0x0000000700000000, 0x0000000800000000)
  region size 2048K, 9 young (18432K), 9 survivors (18432K)
 Metaspace       used 138015K, committed 140480K, reserved 1179648K
  class space    used 18726K, committed 19968K, reserved 1048576K
}
Event: 18.330 GC heap before
{Heap before GC invocations=51 (full 0):
 garbage-first heap   total 348160K, used 308686K [0x0000000700000000, 0x0000000800000000)
  region size 2048K, 69 young (141312K), 9 survivors (18432K)
 Metaspace       used 138800K, committed 141248K, reserved 1179648K
  class space    used 18794K, committed 20032K, reserved 1048576K
}
Event: 18.345 GC heap after
{Heap after GC invocations=52 (full 0):
 garbage-first heap   total 348160K, used 196298K [0x0000000700000000, 0x0000000800000000)
  region size 2048K, 5 young (10240K), 5 survivors (10240K)
 Metaspace       used 138800K, committed 141248K, reserved 1179648K
  class space    used 18794K, committed 20032K, reserved 1048576K
}
Event: 19.422 GC heap before
{Heap before GC invocations=53 (full 0):
 garbage-first heap   total 348160K, used 319178K [0x0000000700000000, 0x0000000800000000)
  region size 2048K, 65 young (133120K), 5 survivors (10240K)
 Metaspace       used 145533K, committed 148032K, reserved 1179648K
  class space    used 19593K, committed 20864K, reserved 1048576K
}
Event: 19.435 GC heap after
{Heap after GC invocations=54 (full 0):
 garbage-first heap   total 348160K, used 205038K [0x0000000700000000, 0x0000000800000000)
  region size 2048K, 9 young (18432K), 9 survivors (18432K)
 Metaspace       used 145533K, committed 148032K, reserved 1179648K
  class space    used 19593K, committed 20864K, reserved 1048576K
}
Event: 39.489 GC heap before
{Heap before GC invocations=54 (full 0):
 garbage-first heap   total 348160K, used 307438K [0x0000000700000000, 0x0000000800000000)
  region size 2048K, 60 young (122880K), 9 survivors (18432K)
 Metaspace       used 150773K, committed 153344K, reserved 1245184K
  class space    used 20065K, committed 21376K, reserved 1048576K
}
Event: 39.506 GC heap after
{Heap after GC invocations=55 (full 0):
 garbage-first heap   total 348160K, used 210840K [0x0000000700000000, 0x0000000800000000)
  region size 2048K, 5 young (10240K), 5 survivors (10240K)
 Metaspace       used 150773K, committed 153344K, reserved 1245184K
  class space    used 20065K, committed 21376K, reserved 1048576K
}
Event: 40.317 GC heap before
{Heap before GC invocations=55 (full 0):
 garbage-first heap   total 348160K, used 317336K [0x0000000700000000, 0x0000000800000000)
  region size 2048K, 57 young (116736K), 5 survivors (10240K)
 Metaspace       used 153380K, committed 155968K, reserved 1245184K
  class space    used 20388K, committed 21696K, reserved 1048576K
}
Event: 40.327 GC heap after
{Heap after GC invocations=56 (full 0):
 garbage-first heap   total 348160K, used 222035K [0x0000000700000000, 0x0000000800000000)
  region size 2048K, 8 young (16384K), 8 survivors (16384K)
 Metaspace       used 153380K, committed 155968K, reserved 1245184K
  class space    used 20388K, committed 21696K, reserved 1048576K
}
Event: 40.876 GC heap before
{Heap before GC invocations=57 (full 0):
 garbage-first heap   total 372736K, used 308051K [0x0000000700000000, 0x0000000800000000)
  region size 2048K, 51 young (104448K), 8 survivors (16384K)
 Metaspace       used 154274K, committed 156800K, reserved 1245184K
  class space    used 20551K, committed 21824K, reserved 1048576K
}
Event: 40.890 GC heap after
{Heap after GC invocations=58 (full 0):
 garbage-first heap   total 372736K, used 233089K [0x0000000700000000, 0x0000000800000000)
  region size 2048K, 6 young (12288K), 6 survivors (12288K)
 Metaspace       used 154274K, committed 156800K, reserved 1245184K
  class space    used 20551K, committed 21824K, reserved 1048576K
}
Event: 41.445 GC heap before
{Heap before GC invocations=58 (full 0):
 garbage-first heap   total 372736K, used 337537K [0x0000000700000000, 0x0000000800000000)
  region size 2048K, 58 young (118784K), 6 survivors (12288K)
 Metaspace       used 155905K, committed 158464K, reserved 1245184K
  class space    used 20778K, committed 22016K, reserved 1048576K
}
Event: 41.463 GC heap after
{Heap after GC invocations=59 (full 0):
 garbage-first heap   total 372736K, used 228874K [0x0000000700000000, 0x0000000800000000)
  region size 2048K, 5 young (10240K), 5 survivors (10240K)
 Metaspace       used 155905K, committed 158464K, reserved 1245184K
  class space    used 20778K, committed 22016K, reserved 1048576K
}
Event: 41.598 GC heap before
{Heap before GC invocations=59 (full 0):
 garbage-first heap   total 372736K, used 282122K [0x0000000700000000, 0x0000000800000000)
  region size 2048K, 33 young (67584K), 5 survivors (10240K)
 Metaspace       used 156080K, committed 158656K, reserved 1245184K
  class space    used 20809K, committed 22080K, reserved 1048576K
}
Event: 41.607 GC heap after
{Heap after GC invocations=60 (full 0):
 garbage-first heap   total 372736K, used 231419K [0x0000000700000000, 0x0000000800000000)
  region size 2048K, 3 young (6144K), 3 survivors (6144K)
 Metaspace       used 156080K, committed 158656K, reserved 1245184K
  class space    used 20809K, committed 22080K, reserved 1048576K
}
Event: 41.918 GC heap before
{Heap before GC invocations=61 (full 0):
 garbage-first heap   total 407552K, used 350203K [0x0000000700000000, 0x0000000800000000)
  region size 2048K, 58 young (118784K), 3 survivors (6144K)
 Metaspace       used 156771K, committed 159360K, reserved 1245184K
  class space    used 20914K, committed 22208K, reserved 1048576K
}
Event: 41.929 GC heap after
{Heap after GC invocations=62 (full 0):
 garbage-first heap   total 407552K, used 258379K [0x0000000700000000, 0x0000000800000000)
  region size 2048K, 8 young (16384K), 8 survivors (16384K)
 Metaspace       used 156771K, committed 159360K, reserved 1245184K
  class space    used 20914K, committed 22208K, reserved 1048576K
}
Event: 42.355 GC heap before
{Heap before GC invocations=62 (full 0):
 garbage-first heap   total 407552K, used 362827K [0x0000000700000000, 0x0000000800000000)
  region size 2048K, 60 young (122880K), 8 survivors (16384K)
 Metaspace       used 159031K, committed 161664K, reserved 1245184K
  class space    used 21239K, committed 22528K, reserved 1048576K
}

