# JRE version: OpenJDK Runtime Environment (21.0.7) (build 21.0.7+-13880790-b1038.58)
# Java VM: OpenJDK 64-Bit Server VM (21.0.7+-13880790-b1038.58, mixed mode, tiered, compressed oops, compressed class ptrs, g1 gc, windows-amd64)
GC Precious Log:
 CardTable entry size: 512
 Card Set container configuration: InlinePtr #cards 5 size 8 Array Of Cards #cards 12 size 40 Howl #buckets 4 coarsen threshold 1843 Howl Bitmap #cards 512 size 80 coarsen threshold 460 Card regions per heap region 1 cards per card region 2048
 CPUs: 12 total, 12 available
 Memory: 7520M
 Large Page Support: Disabled
 NUMA Support: Disabled
 Compressed Oops: Enabled (32-bit)
 Heap Region Size: 1M
 Heap Min Capacity: 8M
 Heap Initial Capacity: 118M
 Heap Max Capacity: 1882M
 Pre-touch: Disabled
 Parallel Workers: 10
 Concurrent Workers: 3
 Concurrent Refinement Workers: 10
 Periodic GC: Disabled
Heap:
 garbage-first heap   total 331776K, used 211221K [0x000000008a600000, 0x0000000100000000)
  region size 1024K, 25 young (25600K), 11 survivors (11264K)
 Metaspace       used 98143K, committed 98560K, reserved 1179648K
  class space    used 9835K, committed 10048K, reserved 1048576K
GC Heap History (20 events):
Event: 8.497 GC heap before
{Heap before GC invocations=32 (full 0):
 garbage-first heap   total 231424K, used 197981K [0x000000008a600000, 0x0000000100000000)
  region size 1024K, 78 young (79872K), 7 survivors (7168K)
 Metaspace       used 63023K, committed 63296K, reserved 1114112K
  class space    used 7024K, committed 7168K, reserved 1048576K
}
Event: 8.506 GC heap after
{Heap after GC invocations=33 (full 0):
 garbage-first heap   total 231424K, used 131813K [0x000000008a600000, 0x0000000100000000)
  region size 1024K, 6 young (6144K), 6 survivors (6144K)
 Metaspace       used 63023K, committed 63296K, reserved 1114112K
  class space    used 7024K, committed 7168K, reserved 1048576K
}
Event: 9.756 GC heap before
{Heap before GC invocations=34 (full 0):
 garbage-first heap   total 231424K, used 202469K [0x000000008a600000, 0x0000000100000000)
  region size 1024K, 76 young (77824K), 6 survivors (6144K)
 Metaspace       used 67048K, committed 67328K, reserved 1114112K
  class space    used 7338K, committed 7488K, reserved 1048576K
}
Event: 9.768 GC heap after
{Heap after GC invocations=35 (full 0):
 garbage-first heap   total 231424K, used 136906K [0x000000008a600000, 0x0000000100000000)
  region size 1024K, 7 young (7168K), 7 survivors (7168K)
 Metaspace       used 67048K, committed 67328K, reserved 1114112K
  class space    used 7338K, committed 7488K, reserved 1048576K
}
Event: 10.591 GC heap before
{Heap before GC invocations=35 (full 0):
 garbage-first heap   total 231424K, used 205514K [0x000000008a600000, 0x0000000100000000)
  region size 1024K, 75 young (76800K), 7 survivors (7168K)
 Metaspace       used 71043K, committed 71296K, reserved 1114112K
  class space    used 7664K, committed 7808K, reserved 1048576K
}
Event: 10.605 GC heap after
{Heap after GC invocations=36 (full 0):
 garbage-first heap   total 231424K, used 146062K [0x000000008a600000, 0x0000000100000000)
  region size 1024K, 10 young (10240K), 10 survivors (10240K)
 Metaspace       used 71043K, committed 71296K, reserved 1114112K
  class space    used 7664K, committed 7808K, reserved 1048576K
}
Event: 11.496 GC heap before
{Heap before GC invocations=36 (full 0):
 garbage-first heap   total 231424K, used 207502K [0x000000008a600000, 0x0000000100000000)
  region size 1024K, 70 young (71680K), 10 survivors (10240K)
 Metaspace       used 76667K, committed 76992K, reserved 1179648K
  class space    used 8123K, committed 8256K, reserved 1048576K
}
Event: 11.513 GC heap after
{Heap after GC invocations=37 (full 0):
 garbage-first heap   total 231424K, used 155591K [0x000000008a600000, 0x0000000100000000)
  region size 1024K, 9 young (9216K), 9 survivors (9216K)
 Metaspace       used 76667K, committed 76992K, reserved 1179648K
  class space    used 8123K, committed 8256K, reserved 1048576K
}
Event: 12.269 GC heap before
{Heap before GC invocations=38 (full 0):
 garbage-first heap   total 260096K, used 207815K [0x000000008a600000, 0x0000000100000000)
  region size 1024K, 60 young (61440K), 9 survivors (9216K)
 Metaspace       used 79336K, committed 79616K, reserved 1179648K
  class space    used 8378K, committed 8512K, reserved 1048576K
}
Event: 12.282 GC heap after
{Heap after GC invocations=39 (full 0):
 garbage-first heap   total 260096K, used 165112K [0x000000008a600000, 0x0000000100000000)
  region size 1024K, 8 young (8192K), 8 survivors (8192K)
 Metaspace       used 79336K, committed 79616K, reserved 1179648K
  class space    used 8378K, committed 8512K, reserved 1048576K
}
Event: 12.945 GC heap before
{Heap before GC invocations=39 (full 0):
 garbage-first heap   total 260096K, used 231672K [0x000000008a600000, 0x0000000100000000)
  region size 1024K, 73 young (74752K), 8 survivors (8192K)
 Metaspace       used 80928K, committed 81216K, reserved 1179648K
  class space    used 8505K, committed 8640K, reserved 1048576K
}
Event: 12.961 GC heap after
{Heap after GC invocations=40 (full 0):
 garbage-first heap   total 260096K, used 178949K [0x000000008a600000, 0x0000000100000000)
  region size 1024K, 10 young (10240K), 10 survivors (10240K)
 Metaspace       used 80928K, committed 81216K, reserved 1179648K
  class space    used 8505K, committed 8640K, reserved 1048576K
}
Event: 13.868 GC heap before
{Heap before GC invocations=40 (full 0):
 garbage-first heap   total 260096K, used 232197K [0x000000008a600000, 0x0000000100000000)
  region size 1024K, 62 young (63488K), 10 survivors (10240K)
 Metaspace       used 87995K, committed 88384K, reserved 1179648K
  class space    used 9167K, committed 9344K, reserved 1048576K
}
Event: 13.880 GC heap after
{Heap after GC invocations=41 (full 0):
 garbage-first heap   total 260096K, used 184667K [0x000000008a600000, 0x0000000100000000)
  region size 1024K, 5 young (5120K), 5 survivors (5120K)
 Metaspace       used 87995K, committed 88384K, reserved 1179648K
  class space    used 9167K, committed 9344K, reserved 1048576K
}
Event: 15.075 GC heap before
{Heap before GC invocations=42 (full 0):
 garbage-first heap   total 309248K, used 235867K [0x000000008a600000, 0x0000000100000000)
  region size 1024K, 55 young (56320K), 5 survivors (5120K)
 Metaspace       used 90514K, committed 90880K, reserved 1179648K
  class space    used 9285K, committed 9472K, reserved 1048576K
}
Event: 15.082 GC heap after
{Heap after GC invocations=43 (full 0):
 garbage-first heap   total 309248K, used 189310K [0x000000008a600000, 0x0000000100000000)
  region size 1024K, 5 young (5120K), 5 survivors (5120K)
 Metaspace       used 90514K, committed 90880K, reserved 1179648K
  class space    used 9285K, committed 9472K, reserved 1048576K
}
Event: 16.635 GC heap before
{Heap before GC invocations=43 (full 0):
 garbage-first heap   total 309248K, used 278398K [0x000000008a600000, 0x0000000100000000)
  region size 1024K, 92 young (94208K), 5 survivors (5120K)
 Metaspace       used 97666K, committed 98112K, reserved 1179648K
  class space    used 9832K, committed 10048K, reserved 1048576K
}
Event: 16.644 GC heap after
{Heap after GC invocations=44 (full 0):
 garbage-first heap   total 309248K, used 193805K [0x000000008a600000, 0x0000000100000000)
  region size 1024K, 11 young (11264K), 11 survivors (11264K)
 Metaspace       used 97666K, committed 98112K, reserved 1179648K
  class space    used 9832K, committed 10048K, reserved 1048576K
}
Event: 17.134 GC heap before
{Heap before GC invocations=44 (full 0):
 garbage-first heap   total 309248K, used 280845K [0x000000008a600000, 0x0000000100000000)
  region size 1024K, 96 young (98304K), 11 survivors (11264K)
 Metaspace       used 98118K, committed 98560K, reserved 1179648K
  class space    used 9835K, committed 10048K, reserved 1048576K
}
Event: 17.143 GC heap after
{Heap after GC invocations=45 (full 0):
 garbage-first heap   total 309248K, used 197909K [0x000000008a600000, 0x0000000100000000)
  region size 1024K, 11 young (11264K), 11 survivors (11264K)
 Metaspace       used 98118K, committed 98560K, reserved 1179648K
  class space    used 9835K, committed 10048K, reserved 1048576K
}

