# JRE version: OpenJDK Runtime Environment (21.0.7) (build 21.0.7+-13880790-b1038.58)
# Java VM: OpenJDK 64-Bit Server VM (21.0.7+-13880790-b1038.58, mixed mode, tiered, compressed oops, compressed class ptrs, g1 gc, windows-amd64)
GC Precious Log:
 CardTable entry size: 512
 Card Set container configuration: InlinePtr #cards 4 size 8 Array Of Cards #cards 16 size 48 Howl #buckets 8 coarsen threshold 3686 Howl Bitmap #cards 512 size 80 coarsen threshold 460 Card regions per heap region 1 cards per card region 4096
 CPUs: 12 total, 12 available
 Memory: 7520M
 Large Page Support: Disabled
 NUMA Support: Disabled
 Compressed Oops: Enabled (Zero based)
 Heap Region Size: 2M
 Heap Min Capacity: 8M
 Heap Initial Capacity: 118M
 Heap Max Capacity: 4G
 Pre-touch: Disabled
 Parallel Workers: 10
 Concurrent Workers: 3
 Concurrent Refinement Workers: 10
 Periodic GC: Disabled
Heap:
 garbage-first heap   total 321536K, used 221478K [0x0000000700000000, 0x0000000800000000)
  region size 2048K, 6 young (12288K), 6 survivors (12288K)
 Metaspace       used 132182K, committed 134464K, reserved 1179648K
  class space    used 18115K, committed 19264K, reserved 1048576K
GC Heap History (20 events):
Event: 14.499 GC heap after
{Heap after GC invocations=45 (full 0):
 garbage-first heap   total 194560K, used 124075K [0x0000000700000000, 0x0000000800000000)
  region size 2048K, 4 young (8192K), 4 survivors (8192K)
 Metaspace       used 120332K, committed 122624K, reserved 1179648K
  class space    used 16483K, committed 17600K, reserved 1048576K
}
Event: 14.894 GC heap before
{Heap before GC invocations=45 (full 0):
 garbage-first heap   total 194560K, used 173227K [0x0000000700000000, 0x0000000800000000)
  region size 2048K, 28 young (57344K), 4 survivors (8192K)
 Metaspace       used 121653K, committed 123904K, reserved 1179648K
  class space    used 16628K, committed 17728K, reserved 1048576K
}
Event: 14.903 GC heap after
{Heap after GC invocations=46 (full 0):
 garbage-first heap   total 194560K, used 131241K [0x0000000700000000, 0x0000000800000000)
  region size 2048K, 4 young (8192K), 4 survivors (8192K)
 Metaspace       used 121653K, committed 123904K, reserved 1179648K
  class space    used 16628K, committed 17728K, reserved 1048576K
}
Event: 15.002 GC heap before
{Heap before GC invocations=46 (full 0):
 garbage-first heap   total 194560K, used 172201K [0x0000000700000000, 0x0000000800000000)
  region size 2048K, 24 young (49152K), 4 survivors (8192K)
 Metaspace       used 121667K, committed 123904K, reserved 1179648K
  class space    used 16630K, committed 17728K, reserved 1048576K
}
Event: 15.007 GC heap after
{Heap after GC invocations=47 (full 0):
 garbage-first heap   total 194560K, used 132600K [0x0000000700000000, 0x0000000800000000)
  region size 2048K, 2 young (4096K), 2 survivors (4096K)
 Metaspace       used 121667K, committed 123904K, reserved 1179648K
  class space    used 16630K, committed 17728K, reserved 1048576K
}
Event: 15.218 GC heap before
{Heap before GC invocations=48 (full 0):
 garbage-first heap   total 223232K, used 175608K [0x0000000700000000, 0x0000000800000000)
  region size 2048K, 24 young (49152K), 2 survivors (4096K)
 Metaspace       used 121994K, committed 124224K, reserved 1179648K
  class space    used 16698K, committed 17792K, reserved 1048576K
}
Event: 15.224 GC heap after
{Heap after GC invocations=49 (full 0):
 garbage-first heap   total 223232K, used 134115K [0x0000000700000000, 0x0000000800000000)
  region size 2048K, 3 young (6144K), 3 survivors (6144K)
 Metaspace       used 121994K, committed 124224K, reserved 1179648K
  class space    used 16698K, committed 17792K, reserved 1048576K
}
Event: 15.857 GC heap before
{Heap before GC invocations=49 (full 0):
 garbage-first heap   total 223232K, used 199651K [0x0000000700000000, 0x0000000800000000)
  region size 2048K, 36 young (73728K), 3 survivors (6144K)
 Metaspace       used 124399K, committed 126656K, reserved 1179648K
  class space    used 16982K, committed 18112K, reserved 1048576K
}
Event: 15.866 GC heap after
{Heap after GC invocations=50 (full 0):
 garbage-first heap   total 288768K, used 134450K [0x0000000700000000, 0x0000000800000000)
  region size 2048K, 4 young (8192K), 4 survivors (8192K)
 Metaspace       used 124399K, committed 126656K, reserved 1179648K
  class space    used 16982K, committed 18112K, reserved 1048576K
}
Event: 16.580 GC heap before
{Heap before GC invocations=50 (full 0):
 garbage-first heap   total 288768K, used 255282K [0x0000000700000000, 0x0000000800000000)
  region size 2048K, 64 young (131072K), 4 survivors (8192K)
 Metaspace       used 125709K, committed 128000K, reserved 1179648K
  class space    used 17153K, committed 18240K, reserved 1048576K
}
Event: 16.588 GC heap after
{Heap after GC invocations=51 (full 0):
 garbage-first heap   total 288768K, used 141626K [0x0000000700000000, 0x0000000800000000)
  region size 2048K, 8 young (16384K), 8 survivors (16384K)
 Metaspace       used 125709K, committed 128000K, reserved 1179648K
  class space    used 17153K, committed 18240K, reserved 1048576K
}
Event: 16.906 GC heap before
{Heap before GC invocations=52 (full 0):
 garbage-first heap   total 288768K, used 260410K [0x0000000700000000, 0x0000000800000000)
  region size 2048K, 62 young (126976K), 8 survivors (16384K)
 Metaspace       used 126929K, committed 129216K, reserved 1179648K
  class space    used 17340K, committed 18496K, reserved 1048576K
}
Event: 16.919 GC heap after
{Heap after GC invocations=53 (full 0):
 garbage-first heap   total 292864K, used 157367K [0x0000000700000000, 0x0000000800000000)
  region size 2048K, 8 young (16384K), 8 survivors (16384K)
 Metaspace       used 126929K, committed 129216K, reserved 1179648K
  class space    used 17340K, committed 18496K, reserved 1048576K
}
Event: 17.007 GC heap before
{Heap before GC invocations=53 (full 0):
 garbage-first heap   total 292864K, used 257719K [0x0000000700000000, 0x0000000800000000)
  region size 2048K, 58 young (118784K), 8 survivors (16384K)
 Metaspace       used 127186K, committed 129536K, reserved 1179648K
  class space    used 17373K, committed 18560K, reserved 1048576K
}
Event: 17.019 GC heap after
{Heap after GC invocations=54 (full 0):
 garbage-first heap   total 303104K, used 179823K [0x0000000700000000, 0x0000000800000000)
  region size 2048K, 8 young (16384K), 8 survivors (16384K)
 Metaspace       used 127186K, committed 129536K, reserved 1179648K
  class space    used 17373K, committed 18560K, reserved 1048576K
}
Event: 17.588 GC heap before
{Heap before GC invocations=54 (full 0):
 garbage-first heap   total 303104K, used 261743K [0x0000000700000000, 0x0000000800000000)
  region size 2048K, 49 young (100352K), 8 survivors (16384K)
 Metaspace       used 131538K, committed 133888K, reserved 1179648K
  class space    used 18038K, committed 19200K, reserved 1048576K
}
Event: 17.598 GC heap after
{Heap after GC invocations=55 (full 0):
 garbage-first heap   total 303104K, used 192417K [0x0000000700000000, 0x0000000800000000)
  region size 2048K, 7 young (14336K), 7 survivors (14336K)
 Metaspace       used 131538K, committed 133888K, reserved 1179648K
  class space    used 18038K, committed 19200K, reserved 1048576K
}
Event: 17.897 GC heap before
{Heap before GC invocations=56 (full 0):
 garbage-first heap   total 321536K, used 268193K [0x0000000700000000, 0x0000000800000000)
  region size 2048K, 44 young (90112K), 7 survivors (14336K)
 Metaspace       used 131675K, committed 134016K, reserved 1179648K
  class space    used 18047K, committed 19200K, reserved 1048576K
}
Event: 17.914 GC heap after
{Heap after GC invocations=57 (full 0):
 garbage-first heap   total 321536K, used 207397K [0x0000000700000000, 0x0000000800000000)
  region size 2048K, 6 young (12288K), 6 survivors (12288K)
 Metaspace       used 131675K, committed 134016K, reserved 1179648K
  class space    used 18047K, committed 19200K, reserved 1048576K
}
Event: 18.023 GC heap before
{Heap before GC invocations=57 (full 0):
 garbage-first heap   total 321536K, used 283173K [0x0000000700000000, 0x0000000800000000)
  region size 2048K, 43 young (88064K), 6 survivors (12288K)
 Metaspace       used 132182K, committed 134464K, reserved 1179648K
  class space    used 18115K, committed 19264K, reserved 1048576K
}

