# JRE version: OpenJDK Runtime Environment (21.0.7) (build 21.0.7+-13880790-b1038.58)
# Java VM: OpenJDK 64-Bit Server VM (21.0.7+-13880790-b1038.58, mixed mode, tiered, compressed oops, compressed class ptrs, g1 gc, windows-amd64)
GC Precious Log:
 CardTable entry size: 512
 Card Set container configuration: InlinePtr #cards 4 size 8 Array Of Cards #cards 16 size 48 Howl #buckets 8 coarsen threshold 3686 Howl Bitmap #cards 512 size 80 coarsen threshold 460 Card regions per heap region 1 cards per card region 4096
 CPUs: 12 total, 12 available
 Memory: 7520M
 Large Page Support: Disabled
 NUMA Support: Disabled
 Compressed Oops: Enabled (Zero based)
 Heap Region Size: 2M
 Heap Min Capacity: 8M
 Heap Initial Capacity: 118M
 Heap Max Capacity: 4G
 Pre-touch: Disabled
 Parallel Workers: 10
 Concurrent Workers: 3
 Concurrent Refinement Workers: 10
 Periodic GC: Disabled
Heap:
 garbage-first heap   total 296960K, used 193438K [0x0000000700000000, 0x0000000800000000)
  region size 2048K, 4 young (8192K), 4 survivors (8192K)
 Metaspace       used 149694K, committed 152128K, reserved 1179648K
  class space    used 21446K, committed 22656K, reserved 1048576K
GC Heap History (20 events):
Event: 14.567 GC heap after
{Heap after GC invocations=43 (full 0):
 garbage-first heap   total 202752K, used 131201K [0x0000000700000000, 0x0000000800000000)
  region size 2048K, 3 young (6144K), 3 survivors (6144K)
 Metaspace       used 121560K, committed 123840K, reserved 1179648K
  class space    used 16617K, committed 17792K, reserved 1048576K
}
Event: 14.884 GC heap before
{Heap before GC invocations=43 (full 0):
 garbage-first heap   total 202752K, used 182401K [0x0000000700000000, 0x0000000800000000)
  region size 2048K, 28 young (57344K), 3 survivors (6144K)
 Metaspace       used 122126K, committed 124416K, reserved 1179648K
  class space    used 16724K, committed 17856K, reserved 1048576K
}
Event: 14.890 GC heap after
{Heap after GC invocations=44 (full 0):
 garbage-first heap   total 202752K, used 134321K [0x0000000700000000, 0x0000000800000000)
  region size 2048K, 3 young (6144K), 3 survivors (6144K)
 Metaspace       used 122126K, committed 124416K, reserved 1179648K
  class space    used 16724K, committed 17856K, reserved 1048576K
}
Event: 15.492 GC heap before
{Heap before GC invocations=45 (full 0):
 garbage-first heap   total 225280K, used 181425K [0x0000000700000000, 0x0000000800000000)
  region size 2048K, 27 young (55296K), 3 survivors (6144K)
 Metaspace       used 124944K, committed 127296K, reserved 1179648K
  class space    used 17073K, committed 18240K, reserved 1048576K
}
Event: 15.498 GC heap after
{Heap after GC invocations=46 (full 0):
 garbage-first heap   total 225280K, used 138023K [0x0000000700000000, 0x0000000800000000)
  region size 2048K, 3 young (6144K), 3 survivors (6144K)
 Metaspace       used 124944K, committed 127296K, reserved 1179648K
  class space    used 17073K, committed 18240K, reserved 1048576K
}
Event: 15.741 GC heap before
{Heap before GC invocations=46 (full 0):
 garbage-first heap   total 225280K, used 201511K [0x0000000700000000, 0x0000000800000000)
  region size 2048K, 35 young (71680K), 3 survivors (6144K)
 Metaspace       used 125055K, committed 127360K, reserved 1179648K
  class space    used 17086K, committed 18240K, reserved 1048576K
}
Event: 15.748 GC heap after
{Heap after GC invocations=47 (full 0):
 garbage-first heap   total 270336K, used 138854K [0x0000000700000000, 0x0000000800000000)
  region size 2048K, 3 young (6144K), 3 survivors (6144K)
 Metaspace       used 125055K, committed 127360K, reserved 1179648K
  class space    used 17086K, committed 18240K, reserved 1048576K
}
Event: 17.042 GC heap before
{Heap before GC invocations=47 (full 0):
 garbage-first heap   total 270336K, used 241254K [0x0000000700000000, 0x0000000800000000)
  region size 2048K, 54 young (110592K), 3 survivors (6144K)
 Metaspace       used 126914K, committed 129280K, reserved 1179648K
  class space    used 17305K, committed 18496K, reserved 1048576K
}
Event: 17.049 GC heap after
{Heap after GC invocations=48 (full 0):
 garbage-first heap   total 270336K, used 142480K [0x0000000700000000, 0x0000000800000000)
  region size 2048K, 5 young (10240K), 5 survivors (10240K)
 Metaspace       used 126914K, committed 129280K, reserved 1179648K
  class space    used 17305K, committed 18496K, reserved 1048576K
}
Event: 17.568 GC heap before
{Heap before GC invocations=48 (full 0):
 garbage-first heap   total 270336K, used 203920K [0x0000000700000000, 0x0000000800000000)
  region size 2048K, 37 young (75776K), 5 survivors (10240K)
 Metaspace       used 127421K, committed 129728K, reserved 1179648K
  class space    used 17360K, committed 18560K, reserved 1048576K
}
Event: 17.576 GC heap after
{Heap after GC invocations=49 (full 0):
 garbage-first heap   total 270336K, used 144944K [0x0000000700000000, 0x0000000800000000)
  region size 2048K, 5 young (10240K), 5 survivors (10240K)
 Metaspace       used 127421K, committed 129728K, reserved 1179648K
  class space    used 17360K, committed 18560K, reserved 1048576K
}
Event: 18.358 GC heap before
{Heap before GC invocations=50 (full 0):
 garbage-first heap   total 270336K, used 241200K [0x0000000700000000, 0x0000000800000000)
  region size 2048K, 52 young (106496K), 5 survivors (10240K)
 Metaspace       used 130840K, committed 133184K, reserved 1179648K
  class space    used 17878K, committed 19072K, reserved 1048576K
}
Event: 18.366 GC heap after
{Heap after GC invocations=51 (full 0):
 garbage-first heap   total 270336K, used 157979K [0x0000000700000000, 0x0000000800000000)
  region size 2048K, 7 young (14336K), 7 survivors (14336K)
 Metaspace       used 130840K, committed 133184K, reserved 1179648K
  class space    used 17878K, committed 19072K, reserved 1048576K
}
Event: 18.773 GC heap before
{Heap before GC invocations=51 (full 0):
 garbage-first heap   total 270336K, used 235803K [0x0000000700000000, 0x0000000800000000)
  region size 2048K, 46 young (94208K), 7 survivors (14336K)
 Metaspace       used 136566K, committed 138880K, reserved 1179648K
  class space    used 18917K, committed 20096K, reserved 1048576K
}
Event: 18.789 GC heap after
{Heap after GC invocations=52 (full 0):
 garbage-first heap   total 270336K, used 167153K [0x0000000700000000, 0x0000000800000000)
  region size 2048K, 5 young (10240K), 5 survivors (10240K)
 Metaspace       used 136566K, committed 138880K, reserved 1179648K
  class space    used 18917K, committed 20096K, reserved 1048576K
}
Event: 19.144 GC heap before
{Heap before GC invocations=52 (full 0):
 garbage-first heap   total 270336K, used 240881K [0x0000000700000000, 0x0000000800000000)
  region size 2048K, 42 young (86016K), 5 survivors (10240K)
 Metaspace       used 141990K, committed 144384K, reserved 1179648K
  class space    used 19991K, committed 21184K, reserved 1048576K
}
Event: 19.156 GC heap after
{Heap after GC invocations=53 (full 0):
 garbage-first heap   total 270336K, used 177193K [0x0000000700000000, 0x0000000800000000)
  region size 2048K, 5 young (10240K), 5 survivors (10240K)
 Metaspace       used 141990K, committed 144384K, reserved 1179648K
  class space    used 19991K, committed 21184K, reserved 1048576K
}
Event: 19.409 GC heap before
{Heap before GC invocations=54 (full 0):
 garbage-first heap   total 296960K, used 240681K [0x0000000700000000, 0x0000000800000000)
  region size 2048K, 37 young (75776K), 5 survivors (10240K)
 Metaspace       used 145391K, committed 147776K, reserved 1179648K
  class space    used 20615K, committed 21824K, reserved 1048576K
}
Event: 19.426 GC heap after
{Heap after GC invocations=55 (full 0):
 garbage-first heap   total 296960K, used 187290K [0x0000000700000000, 0x0000000800000000)
  region size 2048K, 5 young (10240K), 5 survivors (10240K)
 Metaspace       used 145391K, committed 147776K, reserved 1179648K
  class space    used 20615K, committed 21824K, reserved 1048576K
}
Event: 19.695 GC heap before
{Heap before GC invocations=55 (full 0):
 garbage-first heap   total 296960K, used 265114K [0x0000000700000000, 0x0000000800000000)
  region size 2048K, 44 young (90112K), 5 survivors (10240K)
 Metaspace       used 149694K, committed 152128K, reserved 1179648K
  class space    used 21446K, committed 22656K, reserved 1048576K
}

