# JRE version: OpenJDK Runtime Environment (21.0.7) (build 21.0.7+-13880790-b1038.58)
# Java VM: OpenJDK 64-Bit Server VM (21.0.7+-13880790-b1038.58, mixed mode, tiered, compressed oops, compressed class ptrs, g1 gc, windows-amd64)
GC Precious Log:
 CardTable entry size: 512
 Card Set container configuration: InlinePtr #cards 4 size 8 Array Of Cards #cards 16 size 48 Howl #buckets 8 coarsen threshold 3686 Howl Bitmap #cards 512 size 80 coarsen threshold 460 Card regions per heap region 1 cards per card region 4096
 CPUs: 12 total, 12 available
 Memory: 7520M
 Large Page Support: Disabled
 NUMA Support: Disabled
 Compressed Oops: Enabled (Zero based)
 Heap Region Size: 2M
 Heap Min Capacity: 8M
 Heap Initial Capacity: 118M
 Heap Max Capacity: 4G
 Pre-touch: Disabled
 Parallel Workers: 10
 Concurrent Workers: 3
 Concurrent Refinement Workers: 10
 Periodic GC: Disabled
Heap:
 garbage-first heap   total 96256K, used 73093K [0x0000000700000000, 0x0000000800000000)
  region size 2048K, 17 young (34816K), 2 survivors (4096K)
 Metaspace       used 68423K, committed 70144K, reserved 1114112K
  class space    used 9495K, committed 10368K, reserved 1048576K
GC Heap History (20 events):
Event: 2.003 GC heap before
{Heap before GC invocations=3 (full 0):
 garbage-first heap   total 120832K, used 28185K [0x0000000700000000, 0x0000000800000000)
  region size 2048K, 9 young (18432K), 4 survivors (8192K)
 Metaspace       used 21263K, committed 21504K, reserved 1114112K
  class space    used 2493K, committed 2624K, reserved 1048576K
}
Event: 2.008 GC heap after
{Heap after GC invocations=4 (full 0):
 garbage-first heap   total 120832K, used 21096K [0x0000000700000000, 0x0000000800000000)
  region size 2048K, 1 young (2048K), 1 survivors (2048K)
 Metaspace       used 21263K, committed 21504K, reserved 1114112K
  class space    used 2493K, committed 2624K, reserved 1048576K
}
Event: 2.789 GC heap before
{Heap before GC invocations=5 (full 0):
 garbage-first heap   total 75776K, used 74344K [0x0000000700000000, 0x0000000800000000)
  region size 2048K, 27 young (55296K), 1 survivors (2048K)
 Metaspace       used 29843K, committed 30400K, reserved 1114112K
  class space    used 3878K, committed 4160K, reserved 1048576K
}
Event: 2.794 GC heap after
{Heap after GC invocations=6 (full 0):
 garbage-first heap   total 79872K, used 23646K [0x0000000700000000, 0x0000000800000000)
  region size 2048K, 2 young (4096K), 2 survivors (4096K)
 Metaspace       used 29843K, committed 30400K, reserved 1114112K
  class space    used 3878K, committed 4160K, reserved 1048576K
}
Event: 3.341 GC heap before
{Heap before GC invocations=6 (full 0):
 garbage-first heap   total 79872K, used 64606K [0x0000000700000000, 0x0000000800000000)
  region size 2048K, 22 young (45056K), 2 survivors (4096K)
 Metaspace       used 35279K, committed 36096K, reserved 1114112K
  class space    used 4793K, committed 5184K, reserved 1048576K
}
Event: 3.347 GC heap after
{Heap after GC invocations=7 (full 0):
 garbage-first heap   total 79872K, used 25802K [0x0000000700000000, 0x0000000800000000)
  region size 2048K, 3 young (6144K), 3 survivors (6144K)
 Metaspace       used 35279K, committed 36096K, reserved 1114112K
  class space    used 4793K, committed 5184K, reserved 1048576K
}
Event: 3.350 GC heap before
{Heap before GC invocations=7 (full 0):
 garbage-first heap   total 79872K, used 25802K [0x0000000700000000, 0x0000000800000000)
  region size 2048K, 4 young (8192K), 3 survivors (6144K)
 Metaspace       used 35326K, committed 36096K, reserved 1114112K
  class space    used 4796K, committed 5184K, reserved 1048576K
}
Event: 3.354 GC heap after
{Heap after GC invocations=8 (full 0):
 garbage-first heap   total 79872K, used 26068K [0x0000000700000000, 0x0000000800000000)
  region size 2048K, 2 young (4096K), 2 survivors (4096K)
 Metaspace       used 35326K, committed 36096K, reserved 1114112K
  class space    used 4796K, committed 5184K, reserved 1048576K
}
Event: 3.967 GC heap before
{Heap before GC invocations=9 (full 0):
 garbage-first heap   total 79872K, used 62932K [0x0000000700000000, 0x0000000800000000)
  region size 2048K, 21 young (43008K), 2 survivors (4096K)
 Metaspace       used 43323K, committed 44224K, reserved 1114112K
  class space    used 5836K, committed 6272K, reserved 1048576K
}
Event: 3.971 GC heap after
{Heap after GC invocations=10 (full 0):
 garbage-first heap   total 96256K, used 29324K [0x0000000700000000, 0x0000000800000000)
  region size 2048K, 3 young (6144K), 3 survivors (6144K)
 Metaspace       used 43323K, committed 44224K, reserved 1114112K
  class space    used 5836K, committed 6272K, reserved 1048576K
}
Event: 4.529 GC heap before
{Heap before GC invocations=10 (full 0):
 garbage-first heap   total 96256K, used 84620K [0x0000000700000000, 0x0000000800000000)
  region size 2048K, 28 young (57344K), 3 survivors (6144K)
 Metaspace       used 47508K, committed 48512K, reserved 1114112K
  class space    used 6326K, committed 6784K, reserved 1048576K
}
Event: 4.536 GC heap after
{Heap after GC invocations=11 (full 0):
 garbage-first heap   total 96256K, used 34338K [0x0000000700000000, 0x0000000800000000)
  region size 2048K, 4 young (8192K), 4 survivors (8192K)
 Metaspace       used 47508K, committed 48512K, reserved 1114112K
  class space    used 6326K, committed 6784K, reserved 1048576K
}
Event: 5.110 GC heap before
{Heap before GC invocations=11 (full 0):
 garbage-first heap   total 96256K, used 81442K [0x0000000700000000, 0x0000000800000000)
  region size 2048K, 27 young (55296K), 4 survivors (8192K)
 Metaspace       used 53316K, committed 54720K, reserved 1114112K
  class space    used 7304K, committed 8000K, reserved 1048576K
}
Event: 5.116 GC heap after
{Heap after GC invocations=12 (full 0):
 garbage-first heap   total 96256K, used 36769K [0x0000000700000000, 0x0000000800000000)
  region size 2048K, 4 young (8192K), 4 survivors (8192K)
 Metaspace       used 53316K, committed 54720K, reserved 1114112K
  class space    used 7304K, committed 8000K, reserved 1048576K
}
Event: 5.649 GC heap before
{Heap before GC invocations=12 (full 0):
 garbage-first heap   total 96256K, used 77729K [0x0000000700000000, 0x0000000800000000)
  region size 2048K, 25 young (51200K), 4 survivors (8192K)
 Metaspace       used 57537K, committed 59072K, reserved 1114112K
  class space    used 7842K, committed 8576K, reserved 1048576K
}
Event: 5.656 GC heap after
{Heap after GC invocations=13 (full 0):
 garbage-first heap   total 96256K, used 41444K [0x0000000700000000, 0x0000000800000000)
  region size 2048K, 4 young (8192K), 4 survivors (8192K)
 Metaspace       used 57537K, committed 59072K, reserved 1114112K
  class space    used 7842K, committed 8576K, reserved 1048576K
}
Event: 5.851 GC heap before
{Heap before GC invocations=13 (full 0):
 garbage-first heap   total 96256K, used 70116K [0x0000000700000000, 0x0000000800000000)
  region size 2048K, 19 young (38912K), 4 survivors (8192K)
 Metaspace       used 58888K, committed 60416K, reserved 1114112K
  class space    used 8051K, committed 8832K, reserved 1048576K
}
Event: 5.856 GC heap after
{Heap after GC invocations=14 (full 0):
 garbage-first heap   total 96256K, used 42605K [0x0000000700000000, 0x0000000800000000)
  region size 2048K, 1 young (2048K), 1 survivors (2048K)
 Metaspace       used 58888K, committed 60416K, reserved 1114112K
  class space    used 8051K, committed 8832K, reserved 1048576K
}
Event: 6.287 GC heap before
{Heap before GC invocations=15 (full 0):
 garbage-first heap   total 96256K, used 81517K [0x0000000700000000, 0x0000000800000000)
  region size 2048K, 21 young (43008K), 1 survivors (2048K)
 Metaspace       used 64709K, committed 66304K, reserved 1114112K
  class space    used 8898K, committed 9664K, reserved 1048576K
}
Event: 6.290 GC heap after
{Heap after GC invocations=16 (full 0):
 garbage-first heap   total 96256K, used 44421K [0x0000000700000000, 0x0000000800000000)
  region size 2048K, 2 young (4096K), 2 survivors (4096K)
 Metaspace       used 64709K, committed 66304K, reserved 1114112K
  class space    used 8898K, committed 9664K, reserved 1048576K
}

