# JRE version: OpenJDK Runtime Environment (21.0.7) (build 21.0.7+-13880790-b1038.58)
# Java VM: OpenJDK 64-Bit Server VM (21.0.7+-13880790-b1038.58, mixed mode, tiered, compressed oops, compressed class ptrs, g1 gc, windows-amd64)
GC Precious Log:
 CardTable entry size: 512
 Card Set container configuration: InlinePtr #cards 4 size 8 Array Of Cards #cards 16 size 48 Howl #buckets 8 coarsen threshold 3686 Howl Bitmap #cards 512 size 80 coarsen threshold 460 Card regions per heap region 1 cards per card region 4096
 CPUs: 12 total, 12 available
 Memory: 7520M
 Large Page Support: Disabled
 NUMA Support: Disabled
 Compressed Oops: Enabled (Zero based)
 Heap Region Size: 2M
 Heap Min Capacity: 8M
 Heap Initial Capacity: 118M
 Heap Max Capacity: 4G
 Pre-touch: Disabled
 Parallel Workers: 10
 Concurrent Workers: 3
 Concurrent Refinement Workers: 10
 Periodic GC: Disabled
Heap:
 garbage-first heap   total 591872K, used 382700K [0x0000000700000000, 0x0000000800000000)
  region size 2048K, 10 young (20480K), 10 survivors (20480K)
 Metaspace       used 167325K, committed 169792K, reserved 1245184K
  class space    used 22825K, committed 24064K, reserved 1048576K
GC Heap History (20 events):
Event: 17.246 GC heap after
{Heap after GC invocations=52 (full 0):
 garbage-first heap   total 284672K, used 161763K [0x0000000700000000, 0x0000000800000000)
  region size 2048K, 2 young (4096K), 2 survivors (4096K)
 Metaspace       used 151192K, committed 153600K, reserved 1245184K
  class space    used 21104K, committed 22272K, reserved 1048576K
}
Event: 291.235 GC heap before
{Heap before GC invocations=52 (full 0):
 garbage-first heap   total 284672K, used 258019K [0x0000000700000000, 0x0000000800000000)
  region size 2048K, 49 young (100352K), 2 survivors (4096K)
 Metaspace       used 152258K, committed 154688K, reserved 1245184K
  class space    used 21148K, committed 22336K, reserved 1048576K
}
Event: 291.268 GC heap after
{Heap after GC invocations=53 (full 0):
 garbage-first heap   total 284672K, used 165284K [0x0000000700000000, 0x0000000800000000)
  region size 2048K, 5 young (10240K), 5 survivors (10240K)
 Metaspace       used 152258K, committed 154688K, reserved 1245184K
  class space    used 21148K, committed 22336K, reserved 1048576K
}
Event: 292.634 GC heap before
{Heap before GC invocations=53 (full 0):
 garbage-first heap   total 284672K, used 255396K [0x0000000700000000, 0x0000000800000000)
  region size 2048K, 50 young (102400K), 5 survivors (10240K)
 Metaspace       used 153895K, committed 156288K, reserved 1245184K
  class space    used 21290K, committed 22464K, reserved 1048576K
}
Event: 292.654 GC heap after
{Heap after GC invocations=54 (full 0):
 garbage-first heap   total 286720K, used 183561K [0x0000000700000000, 0x0000000800000000)
  region size 2048K, 7 young (14336K), 7 survivors (14336K)
 Metaspace       used 153895K, committed 156288K, reserved 1245184K
  class space    used 21290K, committed 22464K, reserved 1048576K
}
Event: 293.175 GC heap before
{Heap before GC invocations=55 (full 0):
 garbage-first heap   total 311296K, used 257289K [0x0000000700000000, 0x0000000800000000)
  region size 2048K, 41 young (83968K), 7 survivors (14336K)
 Metaspace       used 157017K, committed 159360K, reserved 1245184K
  class space    used 21552K, committed 22720K, reserved 1048576K
}
Event: 293.184 GC heap after
{Heap after GC invocations=56 (full 0):
 garbage-first heap   total 311296K, used 192908K [0x0000000700000000, 0x0000000800000000)
  region size 2048K, 4 young (8192K), 4 survivors (8192K)
 Metaspace       used 157017K, committed 159360K, reserved 1245184K
  class space    used 21552K, committed 22720K, reserved 1048576K
}
Event: 293.667 GC heap before
{Heap before GC invocations=56 (full 0):
 garbage-first heap   total 311296K, used 278924K [0x0000000700000000, 0x0000000800000000)
  region size 2048K, 46 young (94208K), 4 survivors (8192K)
 Metaspace       used 158699K, committed 161024K, reserved 1245184K
  class space    used 21747K, committed 22912K, reserved 1048576K
}
Event: 293.686 GC heap after
{Heap after GC invocations=57 (full 0):
 garbage-first heap   total 374784K, used 188195K [0x0000000700000000, 0x0000000800000000)
  region size 2048K, 2 young (4096K), 2 survivors (4096K)
 Metaspace       used 158699K, committed 161024K, reserved 1245184K
  class space    used 21747K, committed 22912K, reserved 1048576K
}
Event: 294.043 GC heap before
{Heap before GC invocations=57 (full 0):
 garbage-first heap   total 374784K, used 241443K [0x0000000700000000, 0x0000000800000000)
  region size 2048K, 30 young (61440K), 2 survivors (4096K)
 Metaspace       used 159938K, committed 162368K, reserved 1245184K
  class space    used 21874K, committed 23040K, reserved 1048576K
}
Event: 294.049 GC heap after
{Heap after GC invocations=58 (full 0):
 garbage-first heap   total 374784K, used 196095K [0x0000000700000000, 0x0000000800000000)
  region size 2048K, 6 young (12288K), 6 survivors (12288K)
 Metaspace       used 159938K, committed 162368K, reserved 1245184K
  class space    used 21874K, committed 23040K, reserved 1048576K
}
Event: 294.427 GC heap before
{Heap before GC invocations=59 (full 0):
 garbage-first heap   total 378880K, used 376319K [0x0000000700000000, 0x0000000800000000)
  region size 2048K, 47 young (96256K), 6 survivors (12288K)
 Metaspace       used 161093K, committed 163456K, reserved 1245184K
  class space    used 22009K, committed 23168K, reserved 1048576K
}
Event: 294.441 GC heap after
{Heap after GC invocations=60 (full 0):
 garbage-first heap   total 413696K, used 291340K [0x0000000700000000, 0x0000000800000000)
  region size 2048K, 10 young (20480K), 10 survivors (20480K)
 Metaspace       used 161093K, committed 163456K, reserved 1245184K
  class space    used 22009K, committed 23168K, reserved 1048576K
}
Event: 294.475 GC heap before
{Heap before GC invocations=60 (full 0):
 garbage-first heap   total 413696K, used 410124K [0x0000000700000000, 0x0000000800000000)
  region size 2048K, 20 young (40960K), 10 survivors (20480K)
 Metaspace       used 161265K, committed 163712K, reserved 1245184K
  class space    used 22016K, committed 23232K, reserved 1048576K
}
Event: 294.637 GC heap after
{Heap after GC invocations=61 (full 0):
 garbage-first heap   total 458752K, used 319712K [0x0000000700000000, 0x0000000800000000)
  region size 2048K, 4 young (8192K), 4 survivors (8192K)
 Metaspace       used 161265K, committed 163712K, reserved 1245184K
  class space    used 22016K, committed 23232K, reserved 1048576K
}
Event: 294.762 GC heap before
{Heap before GC invocations=61 (full 0):
 garbage-first heap   total 458752K, used 358624K [0x0000000700000000, 0x0000000800000000)
  region size 2048K, 24 young (49152K), 4 survivors (8192K)
 Metaspace       used 162070K, committed 164480K, reserved 1245184K
  class space    used 22153K, committed 23360K, reserved 1048576K
}
Event: 294.772 GC heap after
{Heap after GC invocations=62 (full 0):
 garbage-first heap   total 458752K, used 332095K [0x0000000700000000, 0x0000000800000000)
  region size 2048K, 6 young (12288K), 6 survivors (12288K)
 Metaspace       used 162070K, committed 164480K, reserved 1245184K
  class space    used 22153K, committed 23360K, reserved 1048576K
}
Event: 295.162 GC heap before
{Heap before GC invocations=63 (full 0):
 garbage-first heap   total 591872K, used 430399K [0x0000000700000000, 0x0000000800000000)
  region size 2048K, 45 young (92160K), 6 survivors (12288K)
 Metaspace       used 163367K, committed 165824K, reserved 1245184K
  class space    used 22333K, committed 23552K, reserved 1048576K
}
Event: 295.186 GC heap after
{Heap after GC invocations=64 (full 0):
 garbage-first heap   total 591872K, used 361232K [0x0000000700000000, 0x0000000800000000)
  region size 2048K, 6 young (12288K), 6 survivors (12288K)
 Metaspace       used 163367K, committed 165824K, reserved 1245184K
  class space    used 22333K, committed 23552K, reserved 1048576K
}
Event: 295.923 GC heap before
{Heap before GC invocations=64 (full 0):
 garbage-first heap   total 591872K, used 500496K [0x0000000700000000, 0x0000000800000000)
  region size 2048K, 74 young (151552K), 6 survivors (12288K)
 Metaspace       used 167325K, committed 169792K, reserved 1245184K
  class space    used 22825K, committed 24064K, reserved 1048576K
}

