# JRE version: OpenJDK Runtime Environment (21.0.7) (build 21.0.7+-13880790-b1038.58)
# Java VM: OpenJDK 64-Bit Server VM (21.0.7+-13880790-b1038.58, mixed mode, tiered, compressed oops, compressed class ptrs, g1 gc, windows-amd64)
GC Precious Log:
 CardTable entry size: 512
 Card Set container configuration: InlinePtr #cards 4 size 8 Array Of Cards #cards 16 size 48 Howl #buckets 8 coarsen threshold 3686 Howl Bitmap #cards 512 size 80 coarsen threshold 460 Card regions per heap region 1 cards per card region 4096
 CPUs: 12 total, 12 available
 Memory: 7520M
 Large Page Support: Disabled
 NUMA Support: Disabled
 Compressed Oops: Enabled (Zero based)
 Heap Region Size: 2M
 Heap Min Capacity: 8M
 Heap Initial Capacity: 118M
 Heap Max Capacity: 4G
 Pre-touch: Disabled
 Parallel Workers: 10
 Concurrent Workers: 3
 Concurrent Refinement Workers: 10
 Periodic GC: Disabled
Heap:
 garbage-first heap   total 346112K, used 239522K [0x0000000700000000, 0x0000000800000000)
  region size 2048K, 6 young (12288K), 6 survivors (12288K)
 Metaspace       used 132676K, committed 134976K, reserved 1179648K
  class space    used 18246K, committed 19392K, reserved 1048576K
GC Heap History (20 events):
Event: 11.348 GC heap after
{Heap after GC invocations=40 (full 0):
 garbage-first heap   total 194560K, used 126271K [0x0000000700000000, 0x0000000800000000)
  region size 2048K, 4 young (8192K), 4 survivors (8192K)
 Metaspace       used 121331K, committed 123648K, reserved 1179648K
  class space    used 16601K, committed 17728K, reserved 1048576K
}
Event: 11.543 GC heap before
{Heap before GC invocations=40 (full 0):
 garbage-first heap   total 194560K, used 173375K [0x0000000700000000, 0x0000000800000000)
  region size 2048K, 27 young (55296K), 4 survivors (8192K)
 Metaspace       used 121643K, committed 123904K, reserved 1179648K
  class space    used 16618K, committed 17728K, reserved 1048576K
}
Event: 11.550 GC heap after
{Heap after GC invocations=41 (full 0):
 garbage-first heap   total 194560K, used 132876K [0x0000000700000000, 0x0000000800000000)
  region size 2048K, 4 young (8192K), 4 survivors (8192K)
 Metaspace       used 121643K, committed 123904K, reserved 1179648K
  class space    used 16618K, committed 17728K, reserved 1048576K
}
Event: 11.640 GC heap before
{Heap before GC invocations=41 (full 0):
 garbage-first heap   total 225280K, used 169740K [0x0000000700000000, 0x0000000800000000)
  region size 2048K, 23 young (47104K), 4 survivors (8192K)
 Metaspace       used 121653K, committed 123904K, reserved 1179648K
  class space    used 16618K, committed 17728K, reserved 1048576K
}
Event: 11.644 GC heap after
{Heap after GC invocations=42 (full 0):
 garbage-first heap   total 225280K, used 134568K [0x0000000700000000, 0x0000000800000000)
  region size 2048K, 2 young (4096K), 2 survivors (4096K)
 Metaspace       used 121653K, committed 123904K, reserved 1179648K
  class space    used 16618K, committed 17728K, reserved 1048576K
}
Event: 11.913 GC heap before
{Heap before GC invocations=43 (full 0):
 garbage-first heap   total 225280K, used 200104K [0x0000000700000000, 0x0000000800000000)
  region size 2048K, 35 young (71680K), 2 survivors (4096K)
 Metaspace       used 122210K, committed 124544K, reserved 1179648K
  class space    used 16719K, committed 17856K, reserved 1048576K
}
Event: 11.918 GC heap after
{Heap after GC invocations=44 (full 0):
 garbage-first heap   total 305152K, used 136978K [0x0000000700000000, 0x0000000800000000)
  region size 2048K, 4 young (8192K), 4 survivors (8192K)
 Metaspace       used 122210K, committed 124544K, reserved 1179648K
  class space    used 16719K, committed 17856K, reserved 1048576K
}
Event: 12.725 GC heap before
{Heap before GC invocations=44 (full 0):
 garbage-first heap   total 305152K, used 266002K [0x0000000700000000, 0x0000000800000000)
  region size 2048K, 68 young (139264K), 4 survivors (8192K)
 Metaspace       used 125269K, committed 127616K, reserved 1179648K
  class space    used 17105K, committed 18304K, reserved 1048576K
}
Event: 12.734 GC heap after
{Heap after GC invocations=45 (full 0):
 garbage-first heap   total 305152K, used 142181K [0x0000000700000000, 0x0000000800000000)
  region size 2048K, 7 young (14336K), 7 survivors (14336K)
 Metaspace       used 125269K, committed 127616K, reserved 1179648K
  class space    used 17105K, committed 18304K, reserved 1048576K
}
Event: 12.775 GC heap before
{Heap before GC invocations=45 (full 0):
 garbage-first heap   total 305152K, used 158565K [0x0000000700000000, 0x0000000800000000)
  region size 2048K, 16 young (32768K), 7 survivors (14336K)
 Metaspace       used 125395K, committed 127744K, reserved 1179648K
  class space    used 17126K, committed 18304K, reserved 1048576K
}
Event: 12.783 GC heap after
{Heap after GC invocations=46 (full 0):
 garbage-first heap   total 305152K, used 143065K [0x0000000700000000, 0x0000000800000000)
  region size 2048K, 5 young (10240K), 5 survivors (10240K)
 Metaspace       used 125395K, committed 127744K, reserved 1179648K
  class space    used 17126K, committed 18304K, reserved 1048576K
}
Event: 13.110 GC heap before
{Heap before GC invocations=47 (full 0):
 garbage-first heap   total 305152K, used 280281K [0x0000000700000000, 0x0000000800000000)
  region size 2048K, 68 young (139264K), 5 survivors (10240K)
 Metaspace       used 126137K, committed 128448K, reserved 1179648K
  class space    used 17237K, committed 18432K, reserved 1048576K
}
Event: 13.125 GC heap after
{Heap after GC invocations=48 (full 0):
 garbage-first heap   total 321536K, used 173846K [0x0000000700000000, 0x0000000800000000)
  region size 2048K, 9 young (18432K), 9 survivors (18432K)
 Metaspace       used 126137K, committed 128448K, reserved 1179648K
  class space    used 17237K, committed 18432K, reserved 1048576K
}
Event: 13.623 GC heap before
{Heap before GC invocations=48 (full 0):
 garbage-first heap   total 321536K, used 278294K [0x0000000700000000, 0x0000000800000000)
  region size 2048K, 61 young (124928K), 9 survivors (18432K)
 Metaspace       used 130416K, committed 132736K, reserved 1179648K
  class space    used 17898K, committed 19072K, reserved 1048576K
}
Event: 13.634 GC heap after
{Heap after GC invocations=49 (full 0):
 garbage-first heap   total 321536K, used 188416K [0x0000000700000000, 0x0000000800000000)
  region size 2048K, 8 young (16384K), 8 survivors (16384K)
 Metaspace       used 130416K, committed 132736K, reserved 1179648K
  class space    used 17898K, committed 19072K, reserved 1048576K
}
Event: 13.763 GC heap before
{Heap before GC invocations=49 (full 0):
 garbage-first heap   total 321536K, used 280576K [0x0000000700000000, 0x0000000800000000)
  region size 2048K, 53 young (108544K), 8 survivors (16384K)
 Metaspace       used 130828K, committed 133184K, reserved 1179648K
  class space    used 17932K, committed 19136K, reserved 1048576K
}
Event: 13.778 GC heap after
{Heap after GC invocations=50 (full 0):
 garbage-first heap   total 321536K, used 206848K [0x0000000700000000, 0x0000000800000000)
  region size 2048K, 7 young (14336K), 7 survivors (14336K)
 Metaspace       used 130828K, committed 133184K, reserved 1179648K
  class space    used 17932K, committed 19136K, reserved 1048576K
}
Event: 13.963 GC heap before
{Heap before GC invocations=51 (full 0):
 garbage-first heap   total 346112K, used 284672K [0x0000000700000000, 0x0000000800000000)
  region size 2048K, 45 young (92160K), 7 survivors (14336K)
 Metaspace       used 131733K, committed 134080K, reserved 1179648K
  class space    used 18074K, committed 19264K, reserved 1048576K
}
Event: 13.979 GC heap after
{Heap after GC invocations=52 (full 0):
 garbage-first heap   total 346112K, used 222630K [0x0000000700000000, 0x0000000800000000)
  region size 2048K, 6 young (12288K), 6 survivors (12288K)
 Metaspace       used 131733K, committed 134080K, reserved 1179648K
  class space    used 18074K, committed 19264K, reserved 1048576K
}
Event: 14.087 GC heap before
{Heap before GC invocations=52 (full 0):
 garbage-first heap   total 346112K, used 306598K [0x0000000700000000, 0x0000000800000000)
  region size 2048K, 47 young (96256K), 6 survivors (12288K)
 Metaspace       used 132676K, committed 134976K, reserved 1179648K
  class space    used 18246K, committed 19392K, reserved 1048576K
}

