# JRE version: OpenJDK Runtime Environment (21.0.7) (build 21.0.7+-13880790-b1038.58)
# Java VM: OpenJDK 64-Bit Server VM (21.0.7+-13880790-b1038.58, mixed mode, tiered, compressed oops, compressed class ptrs, g1 gc, windows-amd64)
GC Precious Log:
 CardTable entry size: 512
 Card Set container configuration: InlinePtr #cards 4 size 8 Array Of Cards #cards 16 size 48 Howl #buckets 8 coarsen threshold 3686 Howl Bitmap #cards 512 size 80 coarsen threshold 460 Card regions per heap region 1 cards per card region 4096
 CPUs: 12 total, 12 available
 Memory: 7520M
 Large Page Support: Disabled
 NUMA Support: Disabled
 Compressed Oops: Enabled (Zero based)
 Heap Region Size: 2M
 Heap Min Capacity: 8M
 Heap Initial Capacity: 118M
 Heap Max Capacity: 4G
 Pre-touch: Disabled
 Parallel Workers: 10
 Concurrent Workers: 3
 Concurrent Refinement Workers: 10
 Periodic GC: Disabled
Heap:
 garbage-first heap   total 268288K, used 185159K [0x0000000700000000, 0x0000000800000000)
  region size 2048K, 11 young (22528K), 5 survivors (10240K)
 Metaspace       used 141086K, committed 143552K, reserved 1179648K
  class space    used 19799K, committed 21056K, reserved 1048576K
GC Heap History (20 events):
Event: 13.994 GC heap before
{Heap before GC invocations=39 (full 0):
 garbage-first heap   total 208896K, used 180625K [0x0000000700000000, 0x0000000800000000)
  region size 2048K, 40 young (81920K), 6 survivors (12288K)
 Metaspace       used 121083K, committed 123392K, reserved 1179648K
  class space    used 16597K, committed 17728K, reserved 1048576K
}
Event: 14.005 GC heap after
{Heap after GC invocations=40 (full 0):
 garbage-first heap   total 208896K, used 124019K [0x0000000700000000, 0x0000000800000000)
  region size 2048K, 5 young (10240K), 5 survivors (10240K)
 Metaspace       used 121083K, committed 123392K, reserved 1179648K
  class space    used 16597K, committed 17728K, reserved 1048576K
}
Event: 14.480 GC heap before
{Heap before GC invocations=40 (full 0):
 garbage-first heap   total 208896K, used 183411K [0x0000000700000000, 0x0000000800000000)
  region size 2048K, 35 young (71680K), 5 survivors (10240K)
 Metaspace       used 121697K, committed 123904K, reserved 1179648K
  class space    used 16638K, committed 17728K, reserved 1048576K
}
Event: 14.491 GC heap after
{Heap after GC invocations=41 (full 0):
 garbage-first heap   total 208896K, used 131730K [0x0000000700000000, 0x0000000800000000)
  region size 2048K, 4 young (8192K), 4 survivors (8192K)
 Metaspace       used 121697K, committed 123904K, reserved 1179648K
  class space    used 16638K, committed 17728K, reserved 1048576K
}
Event: 14.765 GC heap before
{Heap before GC invocations=42 (full 0):
 garbage-first heap   total 223232K, used 187026K [0x0000000700000000, 0x0000000800000000)
  region size 2048K, 31 young (63488K), 4 survivors (8192K)
 Metaspace       used 122212K, committed 124416K, reserved 1179648K
  class space    used 16740K, committed 17856K, reserved 1048576K
}
Event: 14.770 GC heap after
{Heap after GC invocations=43 (full 0):
 garbage-first heap   total 223232K, used 134827K [0x0000000700000000, 0x0000000800000000)
  region size 2048K, 3 young (6144K), 3 survivors (6144K)
 Metaspace       used 122212K, committed 124416K, reserved 1179648K
  class space    used 16740K, committed 17856K, reserved 1048576K
}
Event: 15.016 GC heap before
{Heap before GC invocations=43 (full 0):
 garbage-first heap   total 223232K, used 198315K [0x0000000700000000, 0x0000000800000000)
  region size 2048K, 35 young (71680K), 3 survivors (6144K)
 Metaspace       used 122508K, committed 124736K, reserved 1179648K
  class space    used 16771K, committed 17856K, reserved 1048576K
}
Event: 15.022 GC heap after
{Heap after GC invocations=44 (full 0):
 garbage-first heap   total 268288K, used 136062K [0x0000000700000000, 0x0000000800000000)
  region size 2048K, 5 young (10240K), 5 survivors (10240K)
 Metaspace       used 122508K, committed 124736K, reserved 1179648K
  class space    used 16771K, committed 17856K, reserved 1048576K
}
Event: 15.985 GC heap before
{Heap before GC invocations=44 (full 0):
 garbage-first heap   total 268288K, used 234366K [0x0000000700000000, 0x0000000800000000)
  region size 2048K, 54 young (110592K), 5 survivors (10240K)
 Metaspace       used 126184K, committed 128448K, reserved 1179648K
  class space    used 17244K, committed 18368K, reserved 1048576K
}
Event: 15.993 GC heap after
{Heap after GC invocations=45 (full 0):
 garbage-first heap   total 268288K, used 141499K [0x0000000700000000, 0x0000000800000000)
  region size 2048K, 6 young (12288K), 6 survivors (12288K)
 Metaspace       used 126184K, committed 128448K, reserved 1179648K
  class space    used 17244K, committed 18368K, reserved 1048576K
}
Event: 26.249 GC heap before
{Heap before GC invocations=45 (full 0):
 garbage-first heap   total 268288K, used 235707K [0x0000000700000000, 0x0000000800000000)
  region size 2048K, 53 young (108544K), 6 survivors (12288K)
 Metaspace       used 127249K, committed 129600K, reserved 1179648K
  class space    used 17418K, committed 18560K, reserved 1048576K
}
Event: 26.257 GC heap after
{Heap after GC invocations=46 (full 0):
 garbage-first heap   total 268288K, used 145296K [0x0000000700000000, 0x0000000800000000)
  region size 2048K, 4 young (8192K), 4 survivors (8192K)
 Metaspace       used 127249K, committed 129600K, reserved 1179648K
  class space    used 17418K, committed 18560K, reserved 1048576K
}
Event: 26.408 GC heap before
{Heap before GC invocations=46 (full 0):
 garbage-first heap   total 268288K, used 153488K [0x0000000700000000, 0x0000000800000000)
  region size 2048K, 10 young (20480K), 4 survivors (8192K)
 Metaspace       used 127560K, committed 129920K, reserved 1179648K
  class space    used 17459K, committed 18624K, reserved 1048576K
}
Event: 26.412 GC heap after
{Heap after GC invocations=47 (full 0):
 garbage-first heap   total 268288K, used 145497K [0x0000000700000000, 0x0000000800000000)
  region size 2048K, 4 young (8192K), 4 survivors (8192K)
 Metaspace       used 127560K, committed 129920K, reserved 1179648K
  class space    used 17459K, committed 18624K, reserved 1048576K
}
Event: 26.938 GC heap before
{Heap before GC invocations=48 (full 0):
 garbage-first heap   total 268288K, used 231513K [0x0000000700000000, 0x0000000800000000)
  region size 2048K, 46 young (94208K), 4 survivors (8192K)
 Metaspace       used 130207K, committed 132608K, reserved 1179648K
  class space    used 17876K, committed 19072K, reserved 1048576K
}
Event: 26.947 GC heap after
{Heap after GC invocations=49 (full 0):
 garbage-first heap   total 268288K, used 161915K [0x0000000700000000, 0x0000000800000000)
  region size 2048K, 6 young (12288K), 6 survivors (12288K)
 Metaspace       used 130207K, committed 132608K, reserved 1179648K
  class space    used 17876K, committed 19072K, reserved 1048576K
}
Event: 27.368 GC heap before
{Heap before GC invocations=49 (full 0):
 garbage-first heap   total 268288K, used 231547K [0x0000000700000000, 0x0000000800000000)
  region size 2048K, 41 young (83968K), 6 survivors (12288K)
 Metaspace       used 135512K, committed 137920K, reserved 1179648K
  class space    used 18808K, committed 20032K, reserved 1048576K
}
Event: 27.377 GC heap after
{Heap after GC invocations=50 (full 0):
 garbage-first heap   total 268288K, used 167820K [0x0000000700000000, 0x0000000800000000)
  region size 2048K, 5 young (10240K), 5 survivors (10240K)
 Metaspace       used 135512K, committed 137920K, reserved 1179648K
  class space    used 18808K, committed 20032K, reserved 1048576K
}
Event: 27.590 GC heap before
{Heap before GC invocations=50 (full 0):
 garbage-first heap   total 268288K, used 233356K [0x0000000700000000, 0x0000000800000000)
  region size 2048K, 38 young (77824K), 5 survivors (10240K)
 Metaspace       used 139771K, committed 142208K, reserved 1179648K
  class space    used 19520K, committed 20736K, reserved 1048576K
}
Event: 27.599 GC heap after
{Heap after GC invocations=51 (full 0):
 garbage-first heap   total 268288K, used 176967K [0x0000000700000000, 0x0000000800000000)
  region size 2048K, 5 young (10240K), 5 survivors (10240K)
 Metaspace       used 139771K, committed 142208K, reserved 1179648K
  class space    used 19520K, committed 20736K, reserved 1048576K
}

