# JRE version: OpenJDK Runtime Environment (21.0.7) (build 21.0.7+-13880790-b1038.58)
# Java VM: OpenJDK 64-Bit Server VM (21.0.7+-13880790-b1038.58, mixed mode, tiered, compressed oops, compressed class ptrs, g1 gc, windows-amd64)
GC Precious Log:
 CardTable entry size: 512
 Card Set container configuration: InlinePtr #cards 4 size 8 Array Of Cards #cards 16 size 48 Howl #buckets 8 coarsen threshold 3686 Howl Bitmap #cards 512 size 80 coarsen threshold 460 Card regions per heap region 1 cards per card region 4096
 CPUs: 12 total, 12 available
 Memory: 7520M
 Large Page Support: Disabled
 NUMA Support: Disabled
 Compressed Oops: Enabled (Zero based)
 Heap Region Size: 2M
 Heap Min Capacity: 8M
 Heap Initial Capacity: 118M
 Heap Max Capacity: 4G
 Pre-touch: Disabled
 Parallel Workers: 10
 Concurrent Workers: 3
 Concurrent Refinement Workers: 10
 Periodic GC: Disabled
Heap:
 garbage-first heap   total 413696K, used 230757K [0x0000000700000000, 0x0000000800000000)
  region size 2048K, 5 young (10240K), 5 survivors (10240K)
 Metaspace       used 170049K, committed 172544K, reserved 1245184K
  class space    used 23238K, committed 24512K, reserved 1048576K
GC Heap History (20 events):
Event: 40.503 GC heap after
{Heap after GC invocations=60 (full 0):
 garbage-first heap   total 393216K, used 169766K [0x0000000700000000, 0x0000000800000000)
  region size 2048K, 4 young (8192K), 4 survivors (8192K)
 Metaspace       used 152319K, committed 154816K, reserved 1245184K
  class space    used 21537K, committed 22784K, reserved 1048576K
}
Event: 41.739 GC heap before
{Heap before GC invocations=60 (full 0):
 garbage-first heap   total 393216K, used 358182K [0x0000000700000000, 0x0000000800000000)
  region size 2048K, 97 young (198656K), 4 survivors (8192K)
 Metaspace       used 153546K, committed 156032K, reserved 1245184K
  class space    used 21640K, committed 22848K, reserved 1048576K
}
Event: 41.754 GC heap after
{Heap after GC invocations=61 (full 0):
 garbage-first heap   total 393216K, used 169463K [0x0000000700000000, 0x0000000800000000)
  region size 2048K, 5 young (10240K), 5 survivors (10240K)
 Metaspace       used 153546K, committed 156032K, reserved 1245184K
  class space    used 21640K, committed 22848K, reserved 1048576K
}
Event: 173.557 GC heap before
{Heap before GC invocations=61 (full 0):
 garbage-first heap   total 393216K, used 390647K [0x0000000700000000, 0x0000000800000000)
  region size 2048K, 94 young (192512K), 5 survivors (10240K)
 Metaspace       used 163584K, committed 166080K, reserved 1245184K
  class space    used 22693K, committed 23936K, reserved 1048576K
}
Event: 173.585 GC heap after
{Heap after GC invocations=62 (full 0):
 garbage-first heap   total 407552K, used 171373K [0x0000000700000000, 0x0000000800000000)
  region size 2048K, 6 young (12288K), 6 survivors (12288K)
 Metaspace       used 163584K, committed 166080K, reserved 1245184K
  class space    used 22693K, committed 23936K, reserved 1048576K
}
Event: 180.360 GC heap before
{Heap before GC invocations=62 (full 0):
 garbage-first heap   total 407552K, used 376173K [0x0000000700000000, 0x0000000800000000)
  region size 2048K, 104 young (212992K), 6 survivors (12288K)
 Metaspace       used 168899K, committed 171392K, reserved 1245184K
  class space    used 23192K, committed 24448K, reserved 1048576K
}
Event: 180.396 GC heap after
{Heap after GC invocations=63 (full 0):
 garbage-first heap   total 407552K, used 187507K [0x0000000700000000, 0x0000000800000000)
  region size 2048K, 13 young (26624K), 13 survivors (26624K)
 Metaspace       used 168899K, committed 171392K, reserved 1245184K
  class space    used 23192K, committed 24448K, reserved 1048576K
}
Event: 180.417 GC heap before
{Heap before GC invocations=63 (full 0):
 garbage-first heap   total 407552K, used 189555K [0x0000000700000000, 0x0000000800000000)
  region size 2048K, 16 young (32768K), 13 survivors (26624K)
 Metaspace       used 168902K, committed 171392K, reserved 1245184K
  class space    used 23192K, committed 24448K, reserved 1048576K
}
Event: 180.445 GC heap after
{Heap after GC invocations=64 (full 0):
 garbage-first heap   total 407552K, used 190593K [0x0000000700000000, 0x0000000800000000)
  region size 2048K, 2 young (4096K), 2 survivors (4096K)
 Metaspace       used 168902K, committed 171392K, reserved 1245184K
  class space    used 23192K, committed 24448K, reserved 1048576K
}
Event: 2683.943 GC heap before
{Heap before GC invocations=65 (full 0):
 garbage-first heap   total 407552K, used 403585K [0x0000000700000000, 0x0000000800000000)
  region size 2048K, 86 young (176128K), 2 survivors (4096K)
 Metaspace       used 169345K, committed 171904K, reserved 1245184K
  class space    used 23211K, committed 24512K, reserved 1048576K
}
Event: 2684.082 GC heap after
{Heap after GC invocations=66 (full 0):
 garbage-first heap   total 409600K, used 189040K [0x0000000700000000, 0x0000000800000000)
  region size 2048K, 1 young (2048K), 1 survivors (2048K)
 Metaspace       used 169345K, committed 171904K, reserved 1245184K
  class space    used 23211K, committed 24512K, reserved 1048576K
}
Event: 2704.738 GC heap before
{Heap before GC invocations=66 (full 0):
 garbage-first heap   total 409600K, used 383600K [0x0000000700000000, 0x0000000800000000)
  region size 2048K, 96 young (196608K), 1 survivors (2048K)
 Metaspace       used 169820K, committed 172416K, reserved 1245184K
  class space    used 23217K, committed 24512K, reserved 1048576K
}
Event: 2704.781 GC heap after
{Heap after GC invocations=67 (full 0):
 garbage-first heap   total 413696K, used 208704K [0x0000000700000000, 0x0000000800000000)
  region size 2048K, 11 young (22528K), 11 survivors (22528K)
 Metaspace       used 169820K, committed 172416K, reserved 1245184K
  class space    used 23217K, committed 24512K, reserved 1048576K
}
Event: 2704.786 GC heap before
{Heap before GC invocations=67 (full 0):
 garbage-first heap   total 413696K, used 210752K [0x0000000700000000, 0x0000000800000000)
  region size 2048K, 12 young (24576K), 11 survivors (22528K)
 Metaspace       used 169824K, committed 172416K, reserved 1245184K
  class space    used 23217K, committed 24512K, reserved 1048576K
}
Event: 2704.810 GC heap after
{Heap after GC invocations=68 (full 0):
 garbage-first heap   total 413696K, used 210550K [0x0000000700000000, 0x0000000800000000)
  region size 2048K, 2 young (4096K), 2 survivors (4096K)
 Metaspace       used 169824K, committed 172416K, reserved 1245184K
  class space    used 23217K, committed 24512K, reserved 1048576K
}
Event: 2705.893 GC heap before
{Heap before GC invocations=68 (full 0):
 garbage-first heap   total 413696K, used 374390K [0x0000000700000000, 0x0000000800000000)
  region size 2048K, 83 young (169984K), 2 survivors (4096K)
 Metaspace       used 169856K, committed 172416K, reserved 1245184K
  class space    used 23220K, committed 24512K, reserved 1048576K
}
Event: 2705.923 GC heap after
{Heap after GC invocations=69 (full 0):
 garbage-first heap   total 413696K, used 224058K [0x0000000700000000, 0x0000000800000000)
  region size 2048K, 8 young (16384K), 8 survivors (16384K)
 Metaspace       used 169856K, committed 172416K, reserved 1245184K
  class space    used 23220K, committed 24512K, reserved 1048576K
}
Event: 2706.068 GC heap before
{Heap before GC invocations=69 (full 0):
 garbage-first heap   total 413696K, used 344890K [0x0000000700000000, 0x0000000800000000)
  region size 2048K, 68 young (139264K), 8 survivors (16384K)
 Metaspace       used 169892K, committed 172416K, reserved 1245184K
  class space    used 23227K, committed 24512K, reserved 1048576K
}
Event: 2706.079 GC heap after
{Heap after GC invocations=70 (full 0):
 garbage-first heap   total 413696K, used 226154K [0x0000000700000000, 0x0000000800000000)
  region size 2048K, 2 young (4096K), 2 survivors (4096K)
 Metaspace       used 169892K, committed 172416K, reserved 1245184K
  class space    used 23227K, committed 24512K, reserved 1048576K
}
Event: 2706.260 GC heap before
{Heap before GC invocations=70 (full 0):
 garbage-first heap   total 413696K, used 377706K [0x0000000700000000, 0x0000000800000000)
  region size 2048K, 77 young (157696K), 2 survivors (4096K)
 Metaspace       used 170049K, committed 172544K, reserved 1245184K
  class space    used 23238K, committed 24512K, reserved 1048576K
}

