# JRE version: OpenJDK Runtime Environment (21.0.7) (build 21.0.7+-13880790-b1038.58)
# Java VM: OpenJDK 64-Bit Server VM (21.0.7+-13880790-b1038.58, mixed mode, tiered, compressed oops, compressed class ptrs, g1 gc, windows-amd64)
GC Precious Log:
 CardTable entry size: 512
 Card Set container configuration: InlinePtr #cards 4 size 8 Array Of Cards #cards 16 size 48 Howl #buckets 8 coarsen threshold 3686 Howl Bitmap #cards 512 size 80 coarsen threshold 460 Card regions per heap region 1 cards per card region 4096
 CPUs: 12 total, 12 available
 Memory: 7520M
 Large Page Support: Disabled
 NUMA Support: Disabled
 Compressed Oops: Enabled (Zero based)
 Heap Region Size: 2M
 Heap Min Capacity: 8M
 Heap Initial Capacity: 118M
 Heap Max Capacity: 4G
 Pre-touch: Disabled
 Parallel Workers: 10
 Concurrent Workers: 3
 Concurrent Refinement Workers: 10
 Periodic GC: Disabled
Heap:
 garbage-first heap   total 694272K, used 473784K [0x0000000700000000, 0x0000000800000000)
  region size 2048K, 3 young (6144K), 3 survivors (6144K)
 Metaspace       used 186368K, committed 189056K, reserved 1245184K
  class space    used 25460K, committed 26816K, reserved 1048576K
GC Heap History (20 events):
Event: 148.745 GC heap after
{Heap after GC invocations=59 (full 0):
 garbage-first heap   total 378880K, used 253100K [0x0000000700000000, 0x0000000800000000)
  region size 2048K, 8 young (16384K), 8 survivors (16384K)
 Metaspace       used 161975K, committed 164608K, reserved 1245184K
  class space    used 21889K, committed 23168K, reserved 1048576K
}
Event: 148.880 GC heap before
{Heap before GC invocations=59 (full 0):
 garbage-first heap   total 378880K, used 265388K [0x0000000700000000, 0x0000000800000000)
  region size 2048K, 16 young (32768K), 8 survivors (16384K)
 Metaspace       used 162034K, committed 164672K, reserved 1245184K
  class space    used 21894K, committed 23168K, reserved 1048576K
}
Event: 148.888 GC heap after
{Heap after GC invocations=60 (full 0):
 garbage-first heap   total 378880K, used 260096K [0x0000000700000000, 0x0000000800000000)
  region size 2048K, 3 young (6144K), 3 survivors (6144K)
 Metaspace       used 162034K, committed 164672K, reserved 1245184K
  class space    used 21894K, committed 23168K, reserved 1048576K
}
Event: 149.406 GC heap before
{Heap before GC invocations=61 (full 0):
 garbage-first heap   total 458752K, used 358400K [0x0000000700000000, 0x0000000800000000)
  region size 2048K, 45 young (92160K), 3 survivors (6144K)
 Metaspace       used 165963K, committed 168640K, reserved 1245184K
  class space    used 22257K, committed 23552K, reserved 1048576K
}
Event: 149.458 GC heap after
{Heap after GC invocations=62 (full 0):
 garbage-first heap   total 458752K, used 263339K [0x0000000700000000, 0x0000000800000000)
  region size 2048K, 5 young (10240K), 5 survivors (10240K)
 Metaspace       used 165963K, committed 168640K, reserved 1245184K
  class space    used 22257K, committed 23552K, reserved 1048576K
}
Event: 150.161 GC heap before
{Heap before GC invocations=62 (full 0):
 garbage-first heap   total 458752K, used 408747K [0x0000000700000000, 0x0000000800000000)
  region size 2048K, 77 young (157696K), 5 survivors (10240K)
 Metaspace       used 168468K, committed 171072K, reserved 1245184K
  class space    used 22589K, committed 23872K, reserved 1048576K
}
Event: 150.179 GC heap after
{Heap after GC invocations=63 (full 0):
 garbage-first heap   total 458752K, used 253640K [0x0000000700000000, 0x0000000800000000)
  region size 2048K, 5 young (10240K), 5 survivors (10240K)
 Metaspace       used 168468K, committed 171072K, reserved 1245184K
  class space    used 22589K, committed 23872K, reserved 1048576K
}
Event: 150.344 GC heap before
{Heap before GC invocations=63 (full 0):
 garbage-first heap   total 458752K, used 315080K [0x0000000700000000, 0x0000000800000000)
  region size 2048K, 37 young (75776K), 5 survivors (10240K)
 Metaspace       used 168633K, committed 171200K, reserved 1245184K
  class space    used 22619K, committed 23872K, reserved 1048576K
}
Event: 150.354 GC heap after
{Heap after GC invocations=64 (full 0):
 garbage-first heap   total 651264K, used 255199K [0x0000000700000000, 0x0000000800000000)
  region size 2048K, 6 young (12288K), 6 survivors (12288K)
 Metaspace       used 168633K, committed 171200K, reserved 1245184K
  class space    used 22619K, committed 23872K, reserved 1048576K
}
Event: 151.688 GC heap before
{Heap before GC invocations=65 (full 0):
 garbage-first heap   total 651264K, used 609503K [0x0000000700000000, 0x0000000800000000)
  region size 2048K, 175 young (358400K), 6 survivors (12288K)
 Metaspace       used 174293K, committed 176960K, reserved 1245184K
  class space    used 23456K, committed 24768K, reserved 1048576K
}
Event: 151.776 GC heap after
{Heap after GC invocations=66 (full 0):
 garbage-first heap   total 694272K, used 325860K [0x0000000700000000, 0x0000000800000000)
  region size 2048K, 22 young (45056K), 22 survivors (45056K)
 Metaspace       used 174293K, committed 176960K, reserved 1245184K
  class space    used 23456K, committed 24768K, reserved 1048576K
}
Event: 152.377 GC heap before
{Heap before GC invocations=66 (full 0):
 garbage-first heap   total 694272K, used 557284K [0x0000000700000000, 0x0000000800000000)
  region size 2048K, 136 young (278528K), 22 survivors (45056K)
 Metaspace       used 176888K, committed 179520K, reserved 1245184K
  class space    used 23894K, committed 25216K, reserved 1048576K
}
Event: 152.431 GC heap after
{Heap after GC invocations=67 (full 0):
 garbage-first heap   total 694272K, used 356803K [0x0000000700000000, 0x0000000800000000)
  region size 2048K, 17 young (34816K), 17 survivors (34816K)
 Metaspace       used 176888K, committed 179520K, reserved 1245184K
  class space    used 23894K, committed 25216K, reserved 1048576K
}
Event: 152.642 GC heap before
{Heap before GC invocations=67 (full 0):
 garbage-first heap   total 694272K, used 575939K [0x0000000700000000, 0x0000000800000000)
  region size 2048K, 124 young (253952K), 17 survivors (34816K)
 Metaspace       used 178705K, committed 181376K, reserved 1245184K
  class space    used 24082K, committed 25408K, reserved 1048576K
}
Event: 152.698 GC heap after
{Heap after GC invocations=68 (full 0):
 garbage-first heap   total 694272K, used 411395K [0x0000000700000000, 0x0000000800000000)
  region size 2048K, 16 young (32768K), 16 survivors (32768K)
 Metaspace       used 178705K, committed 181376K, reserved 1245184K
  class space    used 24082K, committed 25408K, reserved 1048576K
}
Event: 153.222 GC heap before
{Heap before GC invocations=69 (full 0):
 garbage-first heap   total 694272K, used 597763K [0x0000000700000000, 0x0000000800000000)
  region size 2048K, 107 young (219136K), 16 survivors (32768K)
 Metaspace       used 180392K, committed 183040K, reserved 1245184K
  class space    used 24447K, committed 25792K, reserved 1048576K
}
Event: 153.259 GC heap after
{Heap after GC invocations=70 (full 0):
 garbage-first heap   total 694272K, used 450560K [0x0000000700000000, 0x0000000800000000)
  region size 2048K, 14 young (28672K), 14 survivors (28672K)
 Metaspace       used 180392K, committed 183040K, reserved 1245184K
  class space    used 24447K, committed 25792K, reserved 1048576K
}
Event: 153.669 GC heap before
{Heap before GC invocations=70 (full 0):
 garbage-first heap   total 694272K, used 614400K [0x0000000700000000, 0x0000000800000000)
  region size 2048K, 94 young (192512K), 14 survivors (28672K)
 Metaspace       used 185106K, committed 187840K, reserved 1245184K
  class space    used 25307K, committed 26624K, reserved 1048576K
}
Event: 153.700 GC heap after
{Heap after GC invocations=71 (full 0):
 garbage-first heap   total 694272K, used 466327K [0x0000000700000000, 0x0000000800000000)
  region size 2048K, 12 young (24576K), 12 survivors (24576K)
 Metaspace       used 185106K, committed 187840K, reserved 1245184K
  class space    used 25307K, committed 26624K, reserved 1048576K
}
Event: 154.121 GC heap before
{Heap before GC invocations=71 (full 0):
 garbage-first heap   total 694272K, used 621975K [0x0000000700000000, 0x0000000800000000)
  region size 2048K, 88 young (180224K), 12 survivors (24576K)
 Metaspace       used 186368K, committed 189056K, reserved 1245184K
  class space    used 25460K, committed 26816K, reserved 1048576K
}

