# JRE version: OpenJDK Runtime Environment (21.0.7) (build 21.0.7+-13880790-b1038.58)
# Java VM: OpenJDK 64-Bit Server VM (21.0.7+-13880790-b1038.58, mixed mode, tiered, compressed oops, compressed class ptrs, g1 gc, windows-amd64)
GC Precious Log:
 CardTable entry size: 512
 Card Set container configuration: InlinePtr #cards 4 size 8 Array Of Cards #cards 16 size 48 Howl #buckets 8 coarsen threshold 3686 Howl Bitmap #cards 512 size 80 coarsen threshold 460 Card regions per heap region 1 cards per card region 4096
 CPUs: 12 total, 12 available
 Memory: 7520M
 Large Page Support: Disabled
 NUMA Support: Disabled
 Compressed Oops: Enabled (Zero based)
 Heap Region Size: 2M
 Heap Min Capacity: 8M
 Heap Initial Capacity: 118M
 Heap Max Capacity: 4G
 Pre-touch: Disabled
 Parallel Workers: 10
 Concurrent Workers: 3
 Concurrent Refinement Workers: 10
 Periodic GC: Disabled
Heap:
 garbage-first heap   total 464896K, used 200620K [0x0000000700000000, 0x0000000800000000)
  region size 2048K, 8 young (16384K), 8 survivors (16384K)
 Metaspace       used 147814K, committed 150144K, reserved 1179648K
  class space    used 20962K, committed 22144K, reserved 1048576K
GC Heap History (20 events):
Event: 17.827 GC heap after
{Heap after GC invocations=54 (full 0):
 garbage-first heap   total 303104K, used 170799K [0x0000000700000000, 0x0000000800000000)
  region size 2048K, 8 young (16384K), 8 survivors (16384K)
 Metaspace       used 135708K, committed 138048K, reserved 1179648K
  class space    used 19003K, committed 20160K, reserved 1048576K
}
Event: 18.082 GC heap before
{Heap before GC invocations=54 (full 0):
 garbage-first heap   total 303104K, used 265007K [0x0000000700000000, 0x0000000800000000)
  region size 2048K, 55 young (112640K), 8 survivors (16384K)
 Metaspace       used 141342K, committed 143744K, reserved 1179648K
  class space    used 20107K, committed 21312K, reserved 1048576K
}
Event: 18.097 GC heap after
{Heap after GC invocations=55 (full 0):
 garbage-first heap   total 303104K, used 184189K [0x0000000700000000, 0x0000000800000000)
  region size 2048K, 7 young (14336K), 7 survivors (14336K)
 Metaspace       used 141342K, committed 143744K, reserved 1179648K
  class space    used 20107K, committed 21312K, reserved 1048576K
}
Event: 18.356 GC heap before
{Heap before GC invocations=56 (full 0):
 garbage-first heap   total 307200K, used 268157K [0x0000000700000000, 0x0000000800000000)
  region size 2048K, 49 young (100352K), 7 survivors (14336K)
 Metaspace       used 145965K, committed 148352K, reserved 1179648K
  class space    used 20847K, committed 22080K, reserved 1048576K
}
Event: 18.365 GC heap after
{Heap after GC invocations=57 (full 0):
 garbage-first heap   total 307200K, used 190730K [0x0000000700000000, 0x0000000800000000)
  region size 2048K, 4 young (8192K), 4 survivors (8192K)
 Metaspace       used 145965K, committed 148352K, reserved 1179648K
  class space    used 20847K, committed 22080K, reserved 1048576K
}
Event: 18.516 GC heap before
{Heap before GC invocations=57 (full 0):
 garbage-first heap   total 307200K, used 276746K [0x0000000700000000, 0x0000000800000000)
  region size 2048K, 46 young (94208K), 4 survivors (8192K)
 Metaspace       used 146270K, committed 148672K, reserved 1179648K
  class space    used 20887K, committed 22080K, reserved 1048576K
}
Event: 18.521 GC heap after
{Heap after GC invocations=58 (full 0):
 garbage-first heap   total 307200K, used 189044K [0x0000000700000000, 0x0000000800000000)
  region size 2048K, 3 young (6144K), 3 survivors (6144K)
 Metaspace       used 146270K, committed 148672K, reserved 1179648K
  class space    used 20887K, committed 22080K, reserved 1048576K
}
Event: 18.665 GC heap before
{Heap before GC invocations=58 (full 0):
 garbage-first heap   total 307200K, used 279156K [0x0000000700000000, 0x0000000800000000)
  region size 2048K, 48 young (98304K), 3 survivors (6144K)
 Metaspace       used 146428K, committed 148800K, reserved 1179648K
  class space    used 20899K, committed 22080K, reserved 1048576K
}
Event: 18.671 GC heap after
{Heap after GC invocations=59 (full 0):
 garbage-first heap   total 464896K, used 192161K [0x0000000700000000, 0x0000000800000000)
  region size 2048K, 4 young (8192K), 4 survivors (8192K)
 Metaspace       used 146428K, committed 148800K, reserved 1179648K
  class space    used 20899K, committed 22080K, reserved 1048576K
}
Event: 18.993 GC heap before
{Heap before GC invocations=60 (full 0):
 garbage-first heap   total 464896K, used 413345K [0x0000000700000000, 0x0000000800000000)
  region size 2048K, 113 young (231424K), 4 survivors (8192K)
 Metaspace       used 146787K, committed 149184K, reserved 1179648K
  class space    used 20884K, committed 22080K, reserved 1048576K
}
Event: 19.001 GC heap after
{Heap after GC invocations=61 (full 0):
 garbage-first heap   total 464896K, used 198411K [0x0000000700000000, 0x0000000800000000)
  region size 2048K, 7 young (14336K), 7 survivors (14336K)
 Metaspace       used 146787K, committed 149184K, reserved 1179648K
  class space    used 20884K, committed 22080K, reserved 1048576K
}
Event: 19.197 GC heap before
{Heap before GC invocations=61 (full 0):
 garbage-first heap   total 464896K, used 425739K [0x0000000700000000, 0x0000000800000000)
  region size 2048K, 118 young (241664K), 7 survivors (14336K)
 Metaspace       used 147169K, committed 149568K, reserved 1179648K
  class space    used 20923K, committed 22144K, reserved 1048576K
}
Event: 19.205 GC heap after
{Heap after GC invocations=62 (full 0):
 garbage-first heap   total 464896K, used 196801K [0x0000000700000000, 0x0000000800000000)
  region size 2048K, 8 young (16384K), 8 survivors (16384K)
 Metaspace       used 147169K, committed 149568K, reserved 1179648K
  class space    used 20923K, committed 22144K, reserved 1048576K
}
Event: 19.367 GC heap before
{Heap before GC invocations=62 (full 0):
 garbage-first heap   total 464896K, used 422081K [0x0000000700000000, 0x0000000800000000)
  region size 2048K, 118 young (241664K), 8 survivors (16384K)
 Metaspace       used 147383K, committed 149760K, reserved 1179648K
  class space    used 20940K, committed 22144K, reserved 1048576K
}
Event: 19.376 GC heap after
{Heap after GC invocations=63 (full 0):
 garbage-first heap   total 464896K, used 201030K [0x0000000700000000, 0x0000000800000000)
  region size 2048K, 10 young (20480K), 10 survivors (20480K)
 Metaspace       used 147383K, committed 149760K, reserved 1179648K
  class space    used 20940K, committed 22144K, reserved 1048576K
}
Event: 19.570 GC heap before
{Heap before GC invocations=64 (full 0):
 garbage-first heap   total 464896K, used 416070K [0x0000000700000000, 0x0000000800000000)
  region size 2048K, 116 young (237568K), 10 survivors (20480K)
 Metaspace       used 147610K, committed 150016K, reserved 1179648K
  class space    used 20948K, committed 22144K, reserved 1048576K
}
Event: 19.580 GC heap after
{Heap after GC invocations=65 (full 0):
 garbage-first heap   total 464896K, used 201753K [0x0000000700000000, 0x0000000800000000)
  region size 2048K, 8 young (16384K), 8 survivors (16384K)
 Metaspace       used 147610K, committed 150016K, reserved 1179648K
  class space    used 20948K, committed 22144K, reserved 1048576K
}
Event: 19.744 GC heap before
{Heap before GC invocations=65 (full 0):
 garbage-first heap   total 464896K, used 420889K [0x0000000700000000, 0x0000000800000000)
  region size 2048K, 116 young (237568K), 8 survivors (16384K)
 Metaspace       used 147707K, committed 150080K, reserved 1179648K
  class space    used 20951K, committed 22144K, reserved 1048576K
}
Event: 19.756 GC heap after
{Heap after GC invocations=66 (full 0):
 garbage-first heap   total 464896K, used 200968K [0x0000000700000000, 0x0000000800000000)
  region size 2048K, 10 young (20480K), 10 survivors (20480K)
 Metaspace       used 147707K, committed 150080K, reserved 1179648K
  class space    used 20951K, committed 22144K, reserved 1048576K
}
Event: 19.923 GC heap before
{Heap before GC invocations=66 (full 0):
 garbage-first heap   total 464896K, used 416008K [0x0000000700000000, 0x0000000800000000)
  region size 2048K, 116 young (237568K), 10 survivors (20480K)
 Metaspace       used 147814K, committed 150144K, reserved 1179648K
  class space    used 20962K, committed 22144K, reserved 1048576K
}

