# JRE version: OpenJDK Runtime Environment (21.0.7) (build 21.0.7+-13880790-b1038.58)
# Java VM: OpenJDK 64-Bit Server VM (21.0.7+-13880790-b1038.58, mixed mode, tiered, compressed oops, compressed class ptrs, g1 gc, windows-amd64)
GC Precious Log:
 CardTable entry size: 512
 Card Set container configuration: InlinePtr #cards 4 size 8 Array Of Cards #cards 16 size 48 Howl #buckets 8 coarsen threshold 3686 Howl Bitmap #cards 512 size 80 coarsen threshold 460 Card regions per heap region 1 cards per card region 4096
 CPUs: 12 total, 12 available
 Memory: 7520M
 Large Page Support: Disabled
 NUMA Support: Disabled
 Compressed Oops: Enabled (Zero based)
 Heap Region Size: 2M
 Heap Min Capacity: 8M
 Heap Initial Capacity: 118M
 Heap Max Capacity: 4G
 Pre-touch: Disabled
 Parallel Workers: 10
 Concurrent Workers: 3
 Concurrent Refinement Workers: 10
 Periodic GC: Disabled
Heap:
 garbage-first heap   total 352256K, used 197237K [0x0000000700000000, 0x0000000800000000)
  region size 2048K, 7 young (14336K), 7 survivors (14336K)
 Metaspace       used 149624K, committed 152000K, reserved 1179648K
  class space    used 21115K, committed 22272K, reserved 1048576K
GC Heap History (20 events):
Event: 14.383 GC heap after
{Heap after GC invocations=42 (full 0):
 garbage-first heap   total 233472K, used 136934K [0x0000000700000000, 0x0000000800000000)
  region size 2048K, 5 young (10240K), 5 survivors (10240K)
 Metaspace       used 124487K, committed 126784K, reserved 1179648K
  class space    used 17021K, committed 18176K, reserved 1048576K
}
Event: 14.649 GC heap before
{Heap before GC invocations=42 (full 0):
 garbage-first heap   total 233472K, used 202470K [0x0000000700000000, 0x0000000800000000)
  region size 2048K, 38 young (77824K), 5 survivors (10240K)
 Metaspace       used 125058K, committed 127296K, reserved 1179648K
  class space    used 17104K, committed 18240K, reserved 1048576K
}
Event: 14.657 GC heap after
{Heap after GC invocations=43 (full 0):
 garbage-first heap   total 233472K, used 141542K [0x0000000700000000, 0x0000000800000000)
  region size 2048K, 4 young (8192K), 4 survivors (8192K)
 Metaspace       used 125058K, committed 127296K, reserved 1179648K
  class space    used 17104K, committed 18240K, reserved 1048576K
}
Event: 14.960 GC heap before
{Heap before GC invocations=44 (full 0):
 garbage-first heap   total 239616K, used 207078K [0x0000000700000000, 0x0000000800000000)
  region size 2048K, 36 young (73728K), 4 survivors (8192K)
 Metaspace       used 125197K, committed 127488K, reserved 1179648K
  class space    used 17118K, committed 18304K, reserved 1048576K
}
Event: 14.967 GC heap after
{Heap after GC invocations=45 (full 0):
 garbage-first heap   total 239616K, used 143073K [0x0000000700000000, 0x0000000800000000)
  region size 2048K, 3 young (6144K), 3 survivors (6144K)
 Metaspace       used 125197K, committed 127488K, reserved 1179648K
  class space    used 17118K, committed 18304K, reserved 1048576K
}
Event: 15.995 GC heap before
{Heap before GC invocations=45 (full 0):
 garbage-first heap   total 239616K, used 212705K [0x0000000700000000, 0x0000000800000000)
  region size 2048K, 38 young (77824K), 3 survivors (6144K)
 Metaspace       used 126972K, committed 129280K, reserved 1179648K
  class space    used 17333K, committed 18496K, reserved 1048576K
}
Event: 16.003 GC heap after
{Heap after GC invocations=46 (full 0):
 garbage-first heap   total 239616K, used 144031K [0x0000000700000000, 0x0000000800000000)
  region size 2048K, 4 young (8192K), 4 survivors (8192K)
 Metaspace       used 126972K, committed 129280K, reserved 1179648K
  class space    used 17333K, committed 18496K, reserved 1048576K
}
Event: 16.227 GC heap before
{Heap before GC invocations=46 (full 0):
 garbage-first heap   total 239616K, used 174751K [0x0000000700000000, 0x0000000800000000)
  region size 2048K, 20 young (40960K), 4 survivors (8192K)
 Metaspace       used 127309K, committed 129600K, reserved 1179648K
  class space    used 17368K, committed 18496K, reserved 1048576K
}
Event: 16.234 GC heap after
{Heap after GC invocations=47 (full 0):
 garbage-first heap   total 239616K, used 145372K [0x0000000700000000, 0x0000000800000000)
  region size 2048K, 4 young (8192K), 4 survivors (8192K)
 Metaspace       used 127309K, committed 129600K, reserved 1179648K
  class space    used 17368K, committed 18496K, reserved 1048576K
}
Event: 16.512 GC heap before
{Heap before GC invocations=48 (full 0):
 garbage-first heap   total 249856K, used 215004K [0x0000000700000000, 0x0000000800000000)
  region size 2048K, 38 young (77824K), 4 survivors (8192K)
 Metaspace       used 128770K, committed 131072K, reserved 1179648K
  class space    used 17580K, committed 18752K, reserved 1048576K
}
Event: 16.519 GC heap after
{Heap after GC invocations=49 (full 0):
 garbage-first heap   total 249856K, used 155639K [0x0000000700000000, 0x0000000800000000)
  region size 2048K, 5 young (10240K), 5 survivors (10240K)
 Metaspace       used 128770K, committed 131072K, reserved 1179648K
  class space    used 17580K, committed 18752K, reserved 1048576K
}
Event: 17.025 GC heap before
{Heap before GC invocations=49 (full 0):
 garbage-first heap   total 249856K, used 223223K [0x0000000700000000, 0x0000000800000000)
  region size 2048K, 39 young (79872K), 5 survivors (10240K)
 Metaspace       used 133912K, committed 136256K, reserved 1179648K
  class space    used 18409K, committed 19584K, reserved 1048576K
}
Event: 17.041 GC heap after
{Heap after GC invocations=50 (full 0):
 garbage-first heap   total 352256K, used 163289K [0x0000000700000000, 0x0000000800000000)
  region size 2048K, 5 young (10240K), 5 survivors (10240K)
 Metaspace       used 133912K, committed 136256K, reserved 1179648K
  class space    used 18409K, committed 19584K, reserved 1048576K
}
Event: 17.619 GC heap before
{Heap before GC invocations=50 (full 0):
 garbage-first heap   total 352256K, used 302553K [0x0000000700000000, 0x0000000800000000)
  region size 2048K, 74 young (151552K), 5 survivors (10240K)
 Metaspace       used 141260K, committed 143616K, reserved 1179648K
  class space    used 19755K, committed 20928K, reserved 1048576K
}
Event: 17.642 GC heap after
{Heap after GC invocations=51 (full 0):
 garbage-first heap   total 352256K, used 183817K [0x0000000700000000, 0x0000000800000000)
  region size 2048K, 10 young (20480K), 10 survivors (20480K)
 Metaspace       used 141260K, committed 143616K, reserved 1179648K
  class space    used 19755K, committed 20928K, reserved 1048576K
}
Event: 18.199 GC heap before
{Heap before GC invocations=51 (full 0):
 garbage-first heap   total 352256K, used 300553K [0x0000000700000000, 0x0000000800000000)
  region size 2048K, 68 young (139264K), 10 survivors (20480K)
 Metaspace       used 148960K, committed 151296K, reserved 1179648K
  class space    used 21047K, committed 22208K, reserved 1048576K
}
Event: 18.219 GC heap after
{Heap after GC invocations=52 (full 0):
 garbage-first heap   total 352256K, used 194017K [0x0000000700000000, 0x0000000800000000)
  region size 2048K, 5 young (10240K), 5 survivors (10240K)
 Metaspace       used 148960K, committed 151296K, reserved 1179648K
  class space    used 21047K, committed 22208K, reserved 1048576K
}
Event: 18.663 GC heap before
{Heap before GC invocations=52 (full 0):
 garbage-first heap   total 352256K, used 310753K [0x0000000700000000, 0x0000000800000000)
  region size 2048K, 62 young (126976K), 5 survivors (10240K)
 Metaspace       used 149434K, committed 151808K, reserved 1179648K
  class space    used 21105K, committed 22272K, reserved 1048576K
}
Event: 18.671 GC heap after
{Heap after GC invocations=53 (full 0):
 garbage-first heap   total 352256K, used 193546K [0x0000000700000000, 0x0000000800000000)
  region size 2048K, 5 young (10240K), 5 survivors (10240K)
 Metaspace       used 149434K, committed 151808K, reserved 1179648K
  class space    used 21105K, committed 22272K, reserved 1048576K
}
Event: 19.131 GC heap before
{Heap before GC invocations=53 (full 0):
 garbage-first heap   total 352256K, used 316426K [0x0000000700000000, 0x0000000800000000)
  region size 2048K, 65 young (133120K), 5 survivors (10240K)
 Metaspace       used 149624K, committed 152000K, reserved 1179648K
  class space    used 21115K, committed 22272K, reserved 1048576K
}

