# JRE version: OpenJDK Runtime Environment (21.0.7) (build 21.0.7+-13880790-b1038.58)
# Java VM: OpenJDK 64-Bit Server VM (21.0.7+-13880790-b1038.58, mixed mode, tiered, compressed oops, compressed class ptrs, g1 gc, windows-amd64)
GC Precious Log:
 CardTable entry size: 512
 Card Set container configuration: InlinePtr #cards 4 size 8 Array Of Cards #cards 16 size 48 Howl #buckets 8 coarsen threshold 3686 Howl Bitmap #cards 512 size 80 coarsen threshold 460 Card regions per heap region 1 cards per card region 4096
 CPUs: 12 total, 12 available
 Memory: 7520M
 Large Page Support: Disabled
 NUMA Support: Disabled
 Compressed Oops: Enabled (Zero based)
 Heap Region Size: 2M
 Heap Min Capacity: 8M
 Heap Initial Capacity: 118M
 Heap Max Capacity: 4G
 Pre-touch: Disabled
 Parallel Workers: 10
 Concurrent Workers: 3
 Concurrent Refinement Workers: 10
 Periodic GC: Disabled
Heap:
 garbage-first heap   total 759808K, used 315273K [0x0000000700000000, 0x0000000800000000)
  region size 2048K, 6 young (12288K), 6 survivors (12288K)
 Metaspace       used 214201K, committed 219904K, reserved 1245184K
  class space    used 28050K, committed 30528K, reserved 1048576K
GC Heap History (20 events):
Event: 5514.700 GC heap after
{Heap after GC invocations=79 (full 1):
 garbage-first heap   total 724992K, used 247305K [0x0000000700000000, 0x0000000800000000)
  region size 2048K, 5 young (10240K), 5 survivors (10240K)
 Metaspace       used 212879K, committed 219840K, reserved 1245184K
  class space    used 28052K, committed 30528K, reserved 1048576K
}
Event: 5515.760 GC heap before
{Heap before GC invocations=79 (full 1):
 garbage-first heap   total 724992K, used 650761K [0x0000000700000000, 0x0000000800000000)
  region size 2048K, 203 young (415744K), 5 survivors (10240K)
 Metaspace       used 213057K, committed 219904K, reserved 1245184K
  class space    used 28054K, committed 30528K, reserved 1048576K
}
Event: 5515.768 GC heap after
{Heap after GC invocations=80 (full 1):
 garbage-first heap   total 724992K, used 246308K [0x0000000700000000, 0x0000000800000000)
  region size 2048K, 5 young (10240K), 5 survivors (10240K)
 Metaspace       used 213057K, committed 219904K, reserved 1245184K
  class space    used 28054K, committed 30528K, reserved 1048576K
}
Event: 6110.570 GC heap before
{Heap before GC invocations=81 (full 1):
 garbage-first heap   total 724992K, used 700964K [0x0000000700000000, 0x0000000800000000)
  region size 2048K, 208 young (425984K), 5 survivors (10240K)
 Metaspace       used 213579K, committed 219904K, reserved 1245184K
  class space    used 28072K, committed 30528K, reserved 1048576K
}
Event: 6111.162 GC heap after
{Heap after GC invocations=82 (full 1):
 garbage-first heap   total 759808K, used 282601K [0x0000000700000000, 0x0000000800000000)
  region size 2048K, 23 young (47104K), 23 survivors (47104K)
 Metaspace       used 213579K, committed 219904K, reserved 1245184K
  class space    used 28072K, committed 30528K, reserved 1048576K
}
Event: 6112.024 GC heap before
{Heap before GC invocations=82 (full 1):
 garbage-first heap   total 759808K, used 659433K [0x0000000700000000, 0x0000000800000000)
  region size 2048K, 208 young (425984K), 23 survivors (47104K)
 Metaspace       used 213646K, committed 219904K, reserved 1245184K
  class space    used 28072K, committed 30528K, reserved 1048576K
}
Event: 6112.168 GC heap after
{Heap after GC invocations=83 (full 1):
 garbage-first heap   total 759808K, used 285897K [0x0000000700000000, 0x0000000800000000)
  region size 2048K, 6 young (12288K), 6 survivors (12288K)
 Metaspace       used 213646K, committed 219904K, reserved 1245184K
  class space    used 28072K, committed 30528K, reserved 1048576K
}
Event: 6112.540 GC heap before
{Heap before GC invocations=83 (full 1):
 garbage-first heap   total 759808K, used 564425K [0x0000000700000000, 0x0000000800000000)
  region size 2048K, 143 young (292864K), 6 survivors (12288K)
 Metaspace       used 213720K, committed 219904K, reserved 1245184K
  class space    used 28072K, committed 30528K, reserved 1048576K
}
Event: 6112.580 GC heap after
{Heap after GC invocations=84 (full 1):
 garbage-first heap   total 759808K, used 283977K [0x0000000700000000, 0x0000000800000000)
  region size 2048K, 5 young (10240K), 5 survivors (10240K)
 Metaspace       used 213720K, committed 219904K, reserved 1245184K
  class space    used 28072K, committed 30528K, reserved 1048576K
}
Event: 9653.733 GC heap before
{Heap before GC invocations=85 (full 1):
 garbage-first heap   total 759808K, used 646473K [0x0000000700000000, 0x0000000800000000)
  region size 2048K, 165 young (337920K), 5 survivors (10240K)
 Metaspace       used 213918K, committed 219904K, reserved 1245184K
  class space    used 28074K, committed 30528K, reserved 1048576K
}
Event: 9653.909 GC heap after
{Heap after GC invocations=86 (full 1):
 garbage-first heap   total 759808K, used 281327K [0x0000000700000000, 0x0000000800000000)
  region size 2048K, 7 young (14336K), 7 survivors (14336K)
 Metaspace       used 213918K, committed 219904K, reserved 1245184K
  class space    used 28074K, committed 30528K, reserved 1048576K
}
Event: 9667.898 GC heap before
{Heap before GC invocations=86 (full 1):
 garbage-first heap   total 759808K, used 697071K [0x0000000700000000, 0x0000000800000000)
  region size 2048K, 210 young (430080K), 7 survivors (14336K)
 Metaspace       used 214175K, committed 219904K, reserved 1245184K
  class space    used 28078K, committed 30528K, reserved 1048576K
}
Event: 9668.082 GC heap after
{Heap after GC invocations=87 (full 1):
 garbage-first heap   total 759808K, used 306566K [0x0000000700000000, 0x0000000800000000)
  region size 2048K, 26 young (53248K), 26 survivors (53248K)
 Metaspace       used 214175K, committed 219904K, reserved 1245184K
  class space    used 28078K, committed 30528K, reserved 1048576K
}
Event: 9668.083 GC heap before
{Heap before GC invocations=87 (full 1):
 garbage-first heap   total 759808K, used 308614K [0x0000000700000000, 0x0000000800000000)
  region size 2048K, 27 young (55296K), 26 survivors (53248K)
 Metaspace       used 214175K, committed 219904K, reserved 1245184K
  class space    used 28078K, committed 30528K, reserved 1048576K
}
Event: 9668.176 GC heap after
{Heap after GC invocations=88 (full 1):
 garbage-first heap   total 759808K, used 310543K [0x0000000700000000, 0x0000000800000000)
  region size 2048K, 2 young (4096K), 2 survivors (4096K)
 Metaspace       used 214175K, committed 219904K, reserved 1245184K
  class space    used 28078K, committed 30528K, reserved 1048576K
}
Event: 9668.629 GC heap before
{Heap before GC invocations=88 (full 1):
 garbage-first heap   total 759808K, used 695567K [0x0000000700000000, 0x0000000800000000)
  region size 2048K, 191 young (391168K), 2 survivors (4096K)
 Metaspace       used 214193K, committed 219904K, reserved 1245184K
  class space    used 28080K, committed 30528K, reserved 1048576K
}
Event: 9668.650 GC heap after
{Heap after GC invocations=89 (full 1):
 garbage-first heap   total 759808K, used 317081K [0x0000000700000000, 0x0000000800000000)
  region size 2048K, 6 young (12288K), 6 survivors (12288K)
 Metaspace       used 214193K, committed 219904K, reserved 1245184K
  class space    used 28080K, committed 30528K, reserved 1048576K
}
Event: 9669.019 GC heap before
{Heap before GC invocations=89 (full 1):
 garbage-first heap   total 759808K, used 700057K [0x0000000700000000, 0x0000000800000000)
  region size 2048K, 193 young (395264K), 6 survivors (12288K)
 Metaspace       used 214218K, committed 219904K, reserved 1245184K
  class space    used 28080K, committed 30528K, reserved 1048576K
}
Event: 9669.036 GC heap after
{Heap after GC invocations=90 (full 1):
 garbage-first heap   total 759808K, used 318256K [0x0000000700000000, 0x0000000800000000)
  region size 2048K, 6 young (12288K), 6 survivors (12288K)
 Metaspace       used 214218K, committed 219904K, reserved 1245184K
  class space    used 28080K, committed 30528K, reserved 1048576K
}
Event: 9670.826 GC heap before
{Heap before GC invocations=90 (full 1):
 garbage-first heap   total 759808K, used 699184K [0x0000000700000000, 0x0000000800000000)
  region size 2048K, 193 young (395264K), 6 survivors (12288K)
 Metaspace       used 214201K, committed 219904K, reserved 1245184K
  class space    used 28050K, committed 30528K, reserved 1048576K
}

