# JRE version: OpenJDK Runtime Environment (21.0.7) (build 21.0.7+-13880790-b1038.58)
# Java VM: OpenJDK 64-Bit Server VM (21.0.7+-13880790-b1038.58, mixed mode, tiered, compressed oops, compressed class ptrs, g1 gc, windows-amd64)
GC Precious Log:
 CardTable entry size: 512
 Card Set container configuration: InlinePtr #cards 4 size 8 Array Of Cards #cards 16 size 48 Howl #buckets 8 coarsen threshold 3686 Howl Bitmap #cards 512 size 80 coarsen threshold 460 Card regions per heap region 1 cards per card region 4096
 CPUs: 12 total, 12 available
 Memory: 7520M
 Large Page Support: Disabled
 NUMA Support: Disabled
 Compressed Oops: Enabled (Zero based)
 Heap Region Size: 2M
 Heap Min Capacity: 8M
 Heap Initial Capacity: 118M
 Heap Max Capacity: 4G
 Pre-touch: Disabled
 Parallel Workers: 10
 Concurrent Workers: 3
 Concurrent Refinement Workers: 10
 Periodic GC: Disabled
Heap:
 garbage-first heap   total 219136K, used 184649K [0x0000000700000000, 0x0000000800000000)
  region size 2048K, 30 young (61440K), 4 survivors (8192K)
 Metaspace       used 90374K, committed 92352K, reserved 1179648K
  class space    used 12247K, committed 13248K, reserved 1048576K
GC Heap History (20 events):
Event: 7.337 GC heap before
{Heap before GC invocations=20 (full 0):
 garbage-first heap   total 133120K, used 124771K [0x0000000700000000, 0x0000000800000000)
  region size 2048K, 22 young (45056K), 3 survivors (6144K)
 Metaspace       used 60088K, committed 61632K, reserved 1114112K
  class space    used 8206K, committed 8960K, reserved 1048576K
}
Event: 7.345 GC heap after
{Heap after GC invocations=21 (full 0):
 garbage-first heap   total 141312K, used 92217K [0x0000000700000000, 0x0000000800000000)
  region size 2048K, 3 young (6144K), 3 survivors (6144K)
 Metaspace       used 60088K, committed 61632K, reserved 1114112K
  class space    used 8206K, committed 8960K, reserved 1048576K
}
Event: 7.749 GC heap before
{Heap before GC invocations=21 (full 0):
 garbage-first heap   total 141312K, used 124985K [0x0000000700000000, 0x0000000800000000)
  region size 2048K, 19 young (38912K), 3 survivors (6144K)
 Metaspace       used 62681K, committed 64384K, reserved 1114112K
  class space    used 8590K, committed 9408K, reserved 1048576K
}
Event: 7.753 GC heap after
{Heap after GC invocations=22 (full 0):
 garbage-first heap   total 169984K, used 93726K [0x0000000700000000, 0x0000000800000000)
  region size 2048K, 1 young (2048K), 1 survivors (2048K)
 Metaspace       used 62681K, committed 64384K, reserved 1114112K
  class space    used 8590K, committed 9408K, reserved 1048576K
}
Event: 8.542 GC heap before
{Heap before GC invocations=23 (full 0):
 garbage-first heap   total 169984K, used 146974K [0x0000000700000000, 0x0000000800000000)
  region size 2048K, 27 young (55296K), 1 survivors (2048K)
 Metaspace       used 69522K, committed 71232K, reserved 1114112K
  class space    used 9631K, committed 10496K, reserved 1048576K
}
Event: 8.546 GC heap after
{Heap after GC invocations=24 (full 0):
 garbage-first heap   total 169984K, used 96862K [0x0000000700000000, 0x0000000800000000)
  region size 2048K, 3 young (6144K), 3 survivors (6144K)
 Metaspace       used 69522K, committed 71232K, reserved 1114112K
  class space    used 9631K, committed 10496K, reserved 1048576K
}
Event: 9.432 GC heap before
{Heap before GC invocations=24 (full 0):
 garbage-first heap   total 169984K, used 150110K [0x0000000700000000, 0x0000000800000000)
  region size 2048K, 29 young (59392K), 3 survivors (6144K)
 Metaspace       used 73873K, committed 75712K, reserved 1114112K
  class space    used 10286K, committed 11200K, reserved 1048576K
}
Event: 9.441 GC heap after
{Heap after GC invocations=25 (full 0):
 garbage-first heap   total 169984K, used 100671K [0x0000000700000000, 0x0000000800000000)
  region size 2048K, 4 young (8192K), 4 survivors (8192K)
 Metaspace       used 73873K, committed 75712K, reserved 1114112K
  class space    used 10286K, committed 11200K, reserved 1048576K
}
Event: 9.666 GC heap before
{Heap before GC invocations=25 (full 0):
 garbage-first heap   total 169984K, used 149823K [0x0000000700000000, 0x0000000800000000)
  region size 2048K, 28 young (57344K), 4 survivors (8192K)
 Metaspace       used 74226K, committed 76096K, reserved 1179648K
  class space    used 10289K, committed 11264K, reserved 1048576K
}
Event: 9.672 GC heap after
{Heap after GC invocations=26 (full 0):
 garbage-first heap   total 169984K, used 104426K [0x0000000700000000, 0x0000000800000000)
  region size 2048K, 3 young (6144K), 3 survivors (6144K)
 Metaspace       used 74226K, committed 76096K, reserved 1179648K
  class space    used 10289K, committed 11264K, reserved 1048576K
}
Event: 9.801 GC heap before
{Heap before GC invocations=27 (full 0):
 garbage-first heap   total 178176K, used 149482K [0x0000000700000000, 0x0000000800000000)
  region size 2048K, 26 young (53248K), 3 survivors (6144K)
 Metaspace       used 74390K, committed 76288K, reserved 1179648K
  class space    used 10289K, committed 11264K, reserved 1048576K
}
Event: 9.804 GC heap after
{Heap after GC invocations=28 (full 0):
 garbage-first heap   total 178176K, used 104884K [0x0000000700000000, 0x0000000800000000)
  region size 2048K, 3 young (6144K), 3 survivors (6144K)
 Metaspace       used 74390K, committed 76288K, reserved 1179648K
  class space    used 10289K, committed 11264K, reserved 1048576K
}
Event: 9.963 GC heap before
{Heap before GC invocations=28 (full 0):
 garbage-first heap   total 178176K, used 158132K [0x0000000700000000, 0x0000000800000000)
  region size 2048K, 29 young (59392K), 3 survivors (6144K)
 Metaspace       used 74437K, committed 76288K, reserved 1179648K
  class space    used 10289K, committed 11264K, reserved 1048576K
}
Event: 9.968 GC heap after
{Heap after GC invocations=29 (full 0):
 garbage-first heap   total 178176K, used 105025K [0x0000000700000000, 0x0000000800000000)
  region size 2048K, 3 young (6144K), 3 survivors (6144K)
 Metaspace       used 74437K, committed 76288K, reserved 1179648K
  class space    used 10289K, committed 11264K, reserved 1048576K
}
Event: 10.183 GC heap before
{Heap before GC invocations=29 (full 0):
 garbage-first heap   total 178176K, used 135745K [0x0000000700000000, 0x0000000800000000)
  region size 2048K, 20 young (40960K), 3 survivors (6144K)
 Metaspace       used 74603K, committed 76480K, reserved 1179648K
  class space    used 10313K, committed 11264K, reserved 1048576K
}
Event: 10.188 GC heap after
{Heap after GC invocations=30 (full 0):
 garbage-first heap   total 215040K, used 109252K [0x0000000700000000, 0x0000000800000000)
  region size 2048K, 4 young (8192K), 4 survivors (8192K)
 Metaspace       used 74603K, committed 76480K, reserved 1179648K
  class space    used 10313K, committed 11264K, reserved 1048576K
}
Event: 11.427 GC heap before
{Heap before GC invocations=31 (full 0):
 garbage-first heap   total 215040K, used 195268K [0x0000000700000000, 0x0000000800000000)
  region size 2048K, 43 young (88064K), 4 survivors (8192K)
 Metaspace       used 80770K, committed 82688K, reserved 1179648K
  class space    used 11006K, committed 11968K, reserved 1048576K
}
Event: 11.432 GC heap after
{Heap after GC invocations=32 (full 0):
 garbage-first heap   total 219136K, used 127994K [0x0000000700000000, 0x0000000800000000)
  region size 2048K, 6 young (12288K), 6 survivors (12288K)
 Metaspace       used 80770K, committed 82688K, reserved 1179648K
  class space    used 11006K, committed 11968K, reserved 1048576K
}
Event: 12.135 GC heap before
{Heap before GC invocations=32 (full 0):
 garbage-first heap   total 219136K, used 189434K [0x0000000700000000, 0x0000000800000000)
  region size 2048K, 37 young (75776K), 6 survivors (12288K)
 Metaspace       used 86391K, committed 88448K, reserved 1179648K
  class space    used 11762K, committed 12800K, reserved 1048576K
}
Event: 12.142 GC heap after
{Heap after GC invocations=33 (full 0):
 garbage-first heap   total 219136K, used 133449K [0x0000000700000000, 0x0000000800000000)
  region size 2048K, 4 young (8192K), 4 survivors (8192K)
 Metaspace       used 86391K, committed 88448K, reserved 1179648K
  class space    used 11762K, committed 12800K, reserved 1048576K
}

