# JRE version: OpenJDK Runtime Environment (21.0.7) (build 21.0.7+-13880790-b1038.58)
# Java VM: OpenJDK 64-Bit Server VM (21.0.7+-13880790-b1038.58, mixed mode, tiered, compressed oops, compressed class ptrs, g1 gc, windows-amd64)
GC Precious Log:
 CardTable entry size: 512
 Card Set container configuration: InlinePtr #cards 4 size 8 Array Of Cards #cards 16 size 48 Howl #buckets 8 coarsen threshold 3686 Howl Bitmap #cards 512 size 80 coarsen threshold 460 Card regions per heap region 1 cards per card region 4096
 CPUs: 12 total, 12 available
 Memory: 7520M
 Large Page Support: Disabled
 NUMA Support: Disabled
 Compressed Oops: Enabled (Zero based)
 Heap Region Size: 2M
 Heap Min Capacity: 8M
 Heap Initial Capacity: 118M
 Heap Max Capacity: 4G
 Pre-touch: Disabled
 Parallel Workers: 10
 Concurrent Workers: 3
 Concurrent Refinement Workers: 10
 Periodic GC: Disabled
Heap:
 garbage-first heap   total 225280K, used 137240K [0x0000000700000000, 0x0000000800000000)
  region size 2048K, 4 young (8192K), 4 survivors (8192K)
 Metaspace       used 122948K, committed 125184K, reserved 1179648K
  class space    used 16854K, committed 17984K, reserved 1048576K
GC Heap History (20 events):
Event: 11.424 GC heap after
{Heap after GC invocations=34 (full 0):
 garbage-first heap   total 163840K, used 101087K [0x0000000700000000, 0x0000000800000000)
  region size 2048K, 4 young (8192K), 4 survivors (8192K)
 Metaspace       used 97814K, committed 99840K, reserved 1179648K
  class space    used 13257K, committed 14272K, reserved 1048576K
}
Event: 11.744 GC heap before
{Heap before GC invocations=34 (full 0):
 garbage-first heap   total 163840K, used 146143K [0x0000000700000000, 0x0000000800000000)
  region size 2048K, 26 young (53248K), 4 survivors (8192K)
 Metaspace       used 101180K, committed 103232K, reserved 1179648K
  class space    used 13762K, committed 14784K, reserved 1048576K
}
Event: 11.750 GC heap after
{Heap after GC invocations=35 (full 0):
 garbage-first heap   total 163840K, used 100950K [0x0000000700000000, 0x0000000800000000)
  region size 2048K, 1 young (2048K), 1 survivors (2048K)
 Metaspace       used 101180K, committed 103232K, reserved 1179648K
  class space    used 13762K, committed 14784K, reserved 1048576K
}
Event: 12.094 GC heap before
{Heap before GC invocations=35 (full 0):
 garbage-first heap   total 163840K, used 148054K [0x0000000700000000, 0x0000000800000000)
  region size 2048K, 24 young (49152K), 1 survivors (2048K)
 Metaspace       used 104963K, committed 107072K, reserved 1179648K
  class space    used 14418K, committed 15488K, reserved 1048576K
}
Event: 12.099 GC heap after
{Heap after GC invocations=36 (full 0):
 garbage-first heap   total 196608K, used 102491K [0x0000000700000000, 0x0000000800000000)
  region size 2048K, 2 young (4096K), 2 survivors (4096K)
 Metaspace       used 104963K, committed 107072K, reserved 1179648K
  class space    used 14418K, committed 15488K, reserved 1048576K
}
Event: 12.825 GC heap before
{Heap before GC invocations=37 (full 0):
 garbage-first heap   total 196608K, used 174171K [0x0000000700000000, 0x0000000800000000)
  region size 2048K, 37 young (75776K), 2 survivors (4096K)
 Metaspace       used 109937K, committed 112064K, reserved 1179648K
  class space    used 15199K, committed 16256K, reserved 1048576K
}
Event: 12.829 GC heap after
{Heap after GC invocations=38 (full 0):
 garbage-first heap   total 196608K, used 106356K [0x0000000700000000, 0x0000000800000000)
  region size 2048K, 4 young (8192K), 4 survivors (8192K)
 Metaspace       used 109937K, committed 112064K, reserved 1179648K
  class space    used 15199K, committed 16256K, reserved 1048576K
}
Event: 13.477 GC heap before
{Heap before GC invocations=38 (full 0):
 garbage-first heap   total 196608K, used 173940K [0x0000000700000000, 0x0000000800000000)
  region size 2048K, 37 young (75776K), 4 survivors (8192K)
 Metaspace       used 115731K, committed 117952K, reserved 1179648K
  class space    used 16009K, committed 17088K, reserved 1048576K
}
Event: 13.486 GC heap after
{Heap after GC invocations=39 (full 0):
 garbage-first heap   total 196608K, used 108041K [0x0000000700000000, 0x0000000800000000)
  region size 2048K, 4 young (8192K), 4 survivors (8192K)
 Metaspace       used 115731K, committed 117952K, reserved 1179648K
  class space    used 16009K, committed 17088K, reserved 1048576K
}
Event: 13.858 GC heap before
{Heap before GC invocations=39 (full 0):
 garbage-first heap   total 196608K, used 173577K [0x0000000700000000, 0x0000000800000000)
  region size 2048K, 37 young (75776K), 4 survivors (8192K)
 Metaspace       used 116899K, committed 119104K, reserved 1179648K
  class space    used 16167K, committed 17280K, reserved 1048576K
}
Event: 13.868 GC heap after
{Heap after GC invocations=40 (full 0):
 garbage-first heap   total 196608K, used 118114K [0x0000000700000000, 0x0000000800000000)
  region size 2048K, 5 young (10240K), 5 survivors (10240K)
 Metaspace       used 116899K, committed 119104K, reserved 1179648K
  class space    used 16167K, committed 17280K, reserved 1048576K
}
Event: 14.564 GC heap before
{Heap before GC invocations=41 (full 0):
 garbage-first heap   total 198656K, used 171362K [0x0000000700000000, 0x0000000800000000)
  region size 2048K, 32 young (65536K), 5 survivors (10240K)
 Metaspace       used 121303K, committed 123584K, reserved 1179648K
  class space    used 16609K, committed 17728K, reserved 1048576K
}
Event: 14.576 GC heap after
{Heap after GC invocations=42 (full 0):
 garbage-first heap   total 198656K, used 126685K [0x0000000700000000, 0x0000000800000000)
  region size 2048K, 4 young (8192K), 4 survivors (8192K)
 Metaspace       used 121303K, committed 123584K, reserved 1179648K
  class space    used 16609K, committed 17728K, reserved 1048576K
}
Event: 14.751 GC heap before
{Heap before GC invocations=42 (full 0):
 garbage-first heap   total 198656K, used 175837K [0x0000000700000000, 0x0000000800000000)
  region size 2048K, 29 young (59392K), 4 survivors (8192K)
 Metaspace       used 121531K, committed 123776K, reserved 1179648K
  class space    used 16621K, committed 17728K, reserved 1048576K
}
Event: 14.759 GC heap after
{Heap after GC invocations=43 (full 0):
 garbage-first heap   total 198656K, used 131222K [0x0000000700000000, 0x0000000800000000)
  region size 2048K, 4 young (8192K), 4 survivors (8192K)
 Metaspace       used 121531K, committed 123776K, reserved 1179648K
  class space    used 16621K, committed 17728K, reserved 1048576K
}
Event: 14.954 GC heap before
{Heap before GC invocations=43 (full 0):
 garbage-first heap   total 198656K, used 176278K [0x0000000700000000, 0x0000000800000000)
  region size 2048K, 26 young (53248K), 4 survivors (8192K)
 Metaspace       used 122066K, committed 124352K, reserved 1179648K
  class space    used 16722K, committed 17856K, reserved 1048576K
}
Event: 14.959 GC heap after
{Heap after GC invocations=44 (full 0):
 garbage-first heap   total 198656K, used 133962K [0x0000000700000000, 0x0000000800000000)
  region size 2048K, 3 young (6144K), 3 survivors (6144K)
 Metaspace       used 122066K, committed 124352K, reserved 1179648K
  class space    used 16722K, committed 17856K, reserved 1048576K
}
Event: 15.104 GC heap before
{Heap before GC invocations=45 (full 0):
 garbage-first heap   total 225280K, used 176970K [0x0000000700000000, 0x0000000800000000)
  region size 2048K, 25 young (51200K), 3 survivors (6144K)
 Metaspace       used 122166K, committed 124480K, reserved 1179648K
  class space    used 16731K, committed 17856K, reserved 1048576K
}
Event: 15.109 GC heap after
{Heap after GC invocations=46 (full 0):
 garbage-first heap   total 225280K, used 135951K [0x0000000700000000, 0x0000000800000000)
  region size 2048K, 3 young (6144K), 3 survivors (6144K)
 Metaspace       used 122166K, committed 124480K, reserved 1179648K
  class space    used 16731K, committed 17856K, reserved 1048576K
}
Event: 15.464 GC heap before
{Heap before GC invocations=46 (full 0):
 garbage-first heap   total 225280K, used 201487K [0x0000000700000000, 0x0000000800000000)
  region size 2048K, 36 young (73728K), 3 survivors (6144K)
 Metaspace       used 122948K, committed 125184K, reserved 1179648K
  class space    used 16854K, committed 17984K, reserved 1048576K
}

