# JRE version: OpenJDK Runtime Environment (21.0.7) (build 21.0.7+-13880790-b1038.58)
# Java VM: OpenJDK 64-Bit Server VM (21.0.7+-13880790-b1038.58, mixed mode, tiered, compressed oops, compressed class ptrs, g1 gc, windows-amd64)
GC Precious Log:
 CardTable entry size: 512
 Card Set container configuration: InlinePtr #cards 4 size 8 Array Of Cards #cards 16 size 48 Howl #buckets 8 coarsen threshold 3686 Howl Bitmap #cards 512 size 80 coarsen threshold 460 Card regions per heap region 1 cards per card region 4096
 CPUs: 12 total, 12 available
 Memory: 7520M
 Large Page Support: Disabled
 NUMA Support: Disabled
 Compressed Oops: Enabled (Zero based)
 Heap Region Size: 2M
 Heap Min Capacity: 8M
 Heap Initial Capacity: 118M
 Heap Max Capacity: 4G
 Pre-touch: Disabled
 Parallel Workers: 10
 Concurrent Workers: 3
 Concurrent Refinement Workers: 10
 Periodic GC: Disabled
Heap:
 garbage-first heap   total 536576K, used 313816K [0x0000000700000000, 0x0000000800000000)
  region size 2048K, 4 young (8192K), 4 survivors (8192K)
 Metaspace       used 269982K, committed 272320K, reserved 1310720K
  class space    used 34304K, committed 35456K, reserved 1048576K
GC Heap History (20 events):
Event: 23957.217 GC heap after
{Heap after GC invocations=167 (full 3):
 garbage-first heap   total 458752K, used 269032K [0x0000000700000000, 0x0000000800000000)
  region size 2048K, 10 young (20480K), 10 survivors (20480K)
 Metaspace       used 261912K, committed 264128K, reserved 1310720K
  class space    used 33444K, committed 34496K, reserved 1048576K
}
Event: 24063.642 GC heap before
{Heap before GC invocations=167 (full 3):
 garbage-first heap   total 458752K, used 408296K [0x0000000700000000, 0x0000000800000000)
  region size 2048K, 79 young (161792K), 10 survivors (20480K)
 Metaspace       used 264281K, committed 266688K, reserved 1310720K
  class space    used 33772K, committed 34944K, reserved 1048576K
}
Event: 24063.673 GC heap after
{Heap after GC invocations=168 (full 3):
 garbage-first heap   total 458752K, used 282843K [0x0000000700000000, 0x0000000800000000)
  region size 2048K, 7 young (14336K), 7 survivors (14336K)
 Metaspace       used 264281K, committed 266688K, reserved 1310720K
  class space    used 33772K, committed 34944K, reserved 1048576K
}
Event: 24064.893 GC heap before
{Heap before GC invocations=169 (full 3):
 garbage-first heap   total 479232K, used 413915K [0x0000000700000000, 0x0000000800000000)
  region size 2048K, 71 young (145408K), 7 survivors (14336K)
 Metaspace       used 264250K, committed 266688K, reserved 1310720K
  class space    used 33757K, committed 34944K, reserved 1048576K
}
Event: 24064.915 GC heap after
{Heap after GC invocations=170 (full 3):
 garbage-first heap   total 479232K, used 293164K [0x0000000700000000, 0x0000000800000000)
  region size 2048K, 6 young (12288K), 6 survivors (12288K)
 Metaspace       used 264250K, committed 266688K, reserved 1310720K
  class space    used 33757K, committed 34944K, reserved 1048576K
}
Event: 24065.846 GC heap before
{Heap before GC invocations=170 (full 3):
 garbage-first heap   total 479232K, used 432428K [0x0000000700000000, 0x0000000800000000)
  region size 2048K, 75 young (153600K), 6 survivors (12288K)
 Metaspace       used 269386K, committed 271808K, reserved 1310720K
  class space    used 34204K, committed 35392K, reserved 1048576K
}
Event: 24065.861 GC heap after
{Heap after GC invocations=171 (full 3):
 garbage-first heap   total 479232K, used 293734K [0x0000000700000000, 0x0000000800000000)
  region size 2048K, 8 young (16384K), 8 survivors (16384K)
 Metaspace       used 269386K, committed 271808K, reserved 1310720K
  class space    used 34204K, committed 35392K, reserved 1048576K
}
Event: 24066.074 GC heap before
{Heap before GC invocations=171 (full 3):
 garbage-first heap   total 479232K, used 324454K [0x0000000700000000, 0x0000000800000000)
  region size 2048K, 25 young (51200K), 8 survivors (16384K)
 Metaspace       used 269518K, committed 271872K, reserved 1310720K
  class space    used 34228K, committed 35392K, reserved 1048576K
}
Event: 24066.083 GC heap after
{Heap after GC invocations=172 (full 3):
 garbage-first heap   total 479232K, used 295555K [0x0000000700000000, 0x0000000800000000)
  region size 2048K, 4 young (8192K), 4 survivors (8192K)
 Metaspace       used 269518K, committed 271872K, reserved 1310720K
  class space    used 34228K, committed 35392K, reserved 1048576K
}
Event: 24066.511 GC heap before
{Heap before GC invocations=173 (full 3):
 garbage-first heap   total 509952K, used 445059K [0x0000000700000000, 0x0000000800000000)
  region size 2048K, 75 young (153600K), 4 survivors (8192K)
 Metaspace       used 269596K, committed 272000K, reserved 1310720K
  class space    used 34244K, committed 35392K, reserved 1048576K
}
Event: 24066.529 GC heap after
{Heap after GC invocations=174 (full 3):
 garbage-first heap   total 509952K, used 323175K [0x0000000700000000, 0x0000000800000000)
  region size 2048K, 10 young (20480K), 10 survivors (20480K)
 Metaspace       used 269596K, committed 272000K, reserved 1310720K
  class space    used 34244K, committed 35392K, reserved 1048576K
}
Event: 24066.877 GC heap before
{Heap before GC invocations=174 (full 3):
 garbage-first heap   total 509952K, used 456295K [0x0000000700000000, 0x0000000800000000)
  region size 2048K, 76 young (155648K), 10 survivors (20480K)
 Metaspace       used 269787K, committed 272192K, reserved 1310720K
  class space    used 34277K, committed 35456K, reserved 1048576K
}
Event: 24066.896 GC heap after
{Heap after GC invocations=175 (full 3):
 garbage-first heap   total 509952K, used 315622K [0x0000000700000000, 0x0000000800000000)
  region size 2048K, 5 young (10240K), 5 survivors (10240K)
 Metaspace       used 269787K, committed 272192K, reserved 1310720K
  class space    used 34277K, committed 35456K, reserved 1048576K
}
Event: 24067.229 GC heap before
{Heap before GC invocations=175 (full 3):
 garbage-first heap   total 509952K, used 463078K [0x0000000700000000, 0x0000000800000000)
  region size 2048K, 77 young (157696K), 5 survivors (10240K)
 Metaspace       used 269858K, committed 272256K, reserved 1310720K
  class space    used 34291K, committed 35456K, reserved 1048576K
}
Event: 24067.236 GC heap after
{Heap after GC invocations=176 (full 3):
 garbage-first heap   total 509952K, used 317805K [0x0000000700000000, 0x0000000800000000)
  region size 2048K, 6 young (12288K), 6 survivors (12288K)
 Metaspace       used 269858K, committed 272256K, reserved 1310720K
  class space    used 34291K, committed 35456K, reserved 1048576K
}
Event: 24068.015 GC heap before
{Heap before GC invocations=176 (full 3):
 garbage-first heap   total 536576K, used 465261K [0x0000000700000000, 0x0000000800000000)
  region size 2048K, 78 young (159744K), 6 survivors (12288K)
 Metaspace       used 269849K, committed 272256K, reserved 1310720K
  class space    used 34286K, committed 35456K, reserved 1048576K
}
Event: 24068.023 GC heap after
{Heap after GC invocations=177 (full 3):
 garbage-first heap   total 536576K, used 319334K [0x0000000700000000, 0x0000000800000000)
  region size 2048K, 3 young (6144K), 3 survivors (6144K)
 Metaspace       used 269849K, committed 272256K, reserved 1310720K
  class space    used 34286K, committed 35456K, reserved 1048576K
}
Event: 24068.246 GC heap before
{Heap before GC invocations=178 (full 3):
 garbage-first heap   total 536576K, used 495462K [0x0000000700000000, 0x0000000800000000)
  region size 2048K, 89 young (182272K), 3 survivors (6144K)
 Metaspace       used 269922K, committed 272256K, reserved 1310720K
  class space    used 34299K, committed 35456K, reserved 1048576K
}
Event: 24068.251 GC heap after
{Heap after GC invocations=179 (full 3):
 garbage-first heap   total 536576K, used 320915K [0x0000000700000000, 0x0000000800000000)
  region size 2048K, 4 young (8192K), 4 survivors (8192K)
 Metaspace       used 269922K, committed 272256K, reserved 1310720K
  class space    used 34299K, committed 35456K, reserved 1048576K
}
Event: 24068.510 GC heap before
{Heap before GC invocations=179 (full 3):
 garbage-first heap   total 536576K, used 494995K [0x0000000700000000, 0x0000000800000000)
  region size 2048K, 89 young (182272K), 4 survivors (8192K)
 Metaspace       used 269982K, committed 272320K, reserved 1310720K
  class space    used 34304K, committed 35456K, reserved 1048576K
}

