# JRE version: OpenJDK Runtime Environment (21.0.7) (build 21.0.7+-13880790-b1038.58)
# Java VM: OpenJDK 64-Bit Server VM (21.0.7+-13880790-b1038.58, mixed mode, tiered, compressed oops, compressed class ptrs, g1 gc, windows-amd64)
GC Precious Log:
 CardTable entry size: 512
 Card Set container configuration: InlinePtr #cards 4 size 8 Array Of Cards #cards 16 size 48 Howl #buckets 8 coarsen threshold 3686 Howl Bitmap #cards 512 size 80 coarsen threshold 460 Card regions per heap region 1 cards per card region 4096
 CPUs: 12 total, 12 available
 Memory: 7520M
 Large Page Support: Disabled
 NUMA Support: Disabled
 Compressed Oops: Enabled (Zero based)
 Heap Region Size: 2M
 Heap Min Capacity: 8M
 Heap Initial Capacity: 118M
 Heap Max Capacity: 4G
 Pre-touch: Disabled
 Parallel Workers: 10
 Concurrent Workers: 3
 Concurrent Refinement Workers: 10
 Periodic GC: Disabled
Heap:
 garbage-first heap   total 606208K, used 354994K [0x0000000700000000, 0x0000000800000000)
  region size 2048K, 7 young (14336K), 7 survivors (14336K)
 Metaspace       used 246877K, committed 249920K, reserved 1310720K
  class space    used 32538K, committed 34048K, reserved 1048576K
GC Heap History (20 events):
Event: 105.115 GC heap after
{Heap after GC invocations=72 (full 0):
 garbage-first heap   total 471040K, used 282062K [0x0000000700000000, 0x0000000800000000)
  region size 2048K, 7 young (14336K), 7 survivors (14336K)
 Metaspace       used 223291K, committed 226304K, reserved 1245184K
  class space    used 28795K, committed 30272K, reserved 1048576K
}
Event: 105.280 GC heap before
{Heap before GC invocations=72 (full 0):
 garbage-first heap   total 471040K, used 316878K [0x0000000700000000, 0x0000000800000000)
  region size 2048K, 26 young (53248K), 7 survivors (14336K)
 Metaspace       used 223750K, committed 226752K, reserved 1310720K
  class space    used 28849K, committed 30336K, reserved 1048576K
}
Event: 105.289 GC heap after
{Heap after GC invocations=73 (full 0):
 garbage-first heap   total 471040K, used 283947K [0x0000000700000000, 0x0000000800000000)
  region size 2048K, 6 young (12288K), 6 survivors (12288K)
 Metaspace       used 223750K, committed 226752K, reserved 1310720K
  class space    used 28849K, committed 30336K, reserved 1048576K
}
Event: 106.400 GC heap before
{Heap before GC invocations=74 (full 0):
 garbage-first heap   total 481280K, used 429355K [0x0000000700000000, 0x0000000800000000)
  region size 2048K, 77 young (157696K), 6 survivors (12288K)
 Metaspace       used 228539K, committed 231616K, reserved 1310720K
  class space    used 29612K, committed 31168K, reserved 1048576K
}
Event: 106.422 GC heap after
{Heap after GC invocations=75 (full 0):
 garbage-first heap   total 481280K, used 303989K [0x0000000700000000, 0x0000000800000000)
  region size 2048K, 10 young (20480K), 10 survivors (20480K)
 Metaspace       used 228539K, committed 231616K, reserved 1310720K
  class space    used 29612K, committed 31168K, reserved 1048576K
}
Event: 107.030 GC heap before
{Heap before GC invocations=75 (full 0):
 garbage-first heap   total 481280K, used 433013K [0x0000000700000000, 0x0000000800000000)
  region size 2048K, 73 young (149504K), 10 survivors (20480K)
 Metaspace       used 236198K, committed 239296K, reserved 1310720K
  class space    used 30969K, committed 32512K, reserved 1048576K
}
Event: 107.054 GC heap after
{Heap after GC invocations=76 (full 0):
 garbage-first heap   total 483328K, used 319804K [0x0000000700000000, 0x0000000800000000)
  region size 2048K, 10 young (20480K), 10 survivors (20480K)
 Metaspace       used 236198K, committed 239296K, reserved 1310720K
  class space    used 30969K, committed 32512K, reserved 1048576K
}
Event: 107.407 GC heap before
{Heap before GC invocations=76 (full 0):
 garbage-first heap   total 483328K, used 432444K [0x0000000700000000, 0x0000000800000000)
  region size 2048K, 66 young (135168K), 10 survivors (20480K)
 Metaspace       used 242765K, committed 245888K, reserved 1310720K
  class space    used 32104K, committed 33664K, reserved 1048576K
}
Event: 107.426 GC heap after
{Heap after GC invocations=77 (full 0):
 garbage-first heap   total 606208K, used 336051K [0x0000000700000000, 0x0000000800000000)
  region size 2048K, 9 young (18432K), 9 survivors (18432K)
 Metaspace       used 242765K, committed 245888K, reserved 1310720K
  class space    used 32104K, committed 33664K, reserved 1048576K
}
Event: 109.406 GC heap before
{Heap before GC invocations=78 (full 0):
 garbage-first heap   total 606208K, used 524467K [0x0000000700000000, 0x0000000800000000)
  region size 2048K, 102 young (208896K), 9 survivors (18432K)
 Metaspace       used 245836K, committed 248960K, reserved 1310720K
  class space    used 32471K, committed 33984K, reserved 1048576K
}
Event: 109.494 GC heap after
{Heap after GC invocations=79 (full 0):
 garbage-first heap   total 606208K, used 343804K [0x0000000700000000, 0x0000000800000000)
  region size 2048K, 4 young (8192K), 4 survivors (8192K)
 Metaspace       used 245836K, committed 248960K, reserved 1310720K
  class space    used 32471K, committed 33984K, reserved 1048576K
}
Event: 110.078 GC heap before
{Heap before GC invocations=79 (full 0):
 garbage-first heap   total 606208K, used 552700K [0x0000000700000000, 0x0000000800000000)
  region size 2048K, 105 young (215040K), 4 survivors (8192K)
 Metaspace       used 246054K, committed 249216K, reserved 1310720K
  class space    used 32486K, committed 34048K, reserved 1048576K
}
Event: 110.150 GC heap after
{Heap after GC invocations=80 (full 0):
 garbage-first heap   total 606208K, used 349571K [0x0000000700000000, 0x0000000800000000)
  region size 2048K, 8 young (16384K), 8 survivors (16384K)
 Metaspace       used 246054K, committed 249216K, reserved 1310720K
  class space    used 32486K, committed 34048K, reserved 1048576K
}
Event: 110.463 GC heap before
{Heap before GC invocations=80 (full 0):
 garbage-first heap   total 606208K, used 554371K [0x0000000700000000, 0x0000000800000000)
  region size 2048K, 108 young (221184K), 8 survivors (16384K)
 Metaspace       used 246171K, committed 249344K, reserved 1310720K
  class space    used 32492K, committed 34048K, reserved 1048576K
}
Event: 110.502 GC heap after
{Heap after GC invocations=81 (full 0):
 garbage-first heap   total 606208K, used 354968K [0x0000000700000000, 0x0000000800000000)
  region size 2048K, 10 young (20480K), 10 survivors (20480K)
 Metaspace       used 246171K, committed 249344K, reserved 1310720K
  class space    used 32492K, committed 34048K, reserved 1048576K
}
Event: 111.925 GC heap before
{Heap before GC invocations=82 (full 0):
 garbage-first heap   total 606208K, used 551576K [0x0000000700000000, 0x0000000800000000)
  region size 2048K, 106 young (217088K), 10 survivors (20480K)
 Metaspace       used 246599K, committed 249664K, reserved 1310720K
  class space    used 32522K, committed 34048K, reserved 1048576K
}
Event: 111.956 GC heap after
{Heap after GC invocations=83 (full 0):
 garbage-first heap   total 606208K, used 358044K [0x0000000700000000, 0x0000000800000000)
  region size 2048K, 9 young (18432K), 9 survivors (18432K)
 Metaspace       used 246599K, committed 249664K, reserved 1310720K
  class space    used 32522K, committed 34048K, reserved 1048576K
}
Event: 112.150 GC heap before
{Heap before GC invocations=83 (full 0):
 garbage-first heap   total 606208K, used 552604K [0x0000000700000000, 0x0000000800000000)
  region size 2048K, 104 young (212992K), 9 survivors (18432K)
 Metaspace       used 246751K, committed 249792K, reserved 1310720K
  class space    used 32525K, committed 34048K, reserved 1048576K
}
Event: 112.315 GC heap after
{Heap after GC invocations=84 (full 0):
 garbage-first heap   total 606208K, used 354480K [0x0000000700000000, 0x0000000800000000)
  region size 2048K, 7 young (14336K), 7 survivors (14336K)
 Metaspace       used 246751K, committed 249792K, reserved 1310720K
  class space    used 32525K, committed 34048K, reserved 1048576K
}
Event: 112.548 GC heap before
{Heap before GC invocations=84 (full 0):
 garbage-first heap   total 606208K, used 555184K [0x0000000700000000, 0x0000000800000000)
  region size 2048K, 106 young (217088K), 7 survivors (14336K)
 Metaspace       used 246877K, committed 249920K, reserved 1310720K
  class space    used 32538K, committed 34048K, reserved 1048576K
}

