# JRE version: OpenJDK Runtime Environment (21.0.7) (build 21.0.7+-13880790-b1038.58)
# Java VM: OpenJDK 64-Bit Server VM (21.0.7+-13880790-b1038.58, mixed mode, tiered, compressed oops, compressed class ptrs, g1 gc, windows-amd64)
GC Precious Log:
 CardTable entry size: 512
 Card Set container configuration: InlinePtr #cards 4 size 8 Array Of Cards #cards 16 size 48 Howl #buckets 8 coarsen threshold 3686 Howl Bitmap #cards 512 size 80 coarsen threshold 460 Card regions per heap region 1 cards per card region 4096
 CPUs: 12 total, 12 available
 Memory: 7520M
 Large Page Support: Disabled
 NUMA Support: Disabled
 Compressed Oops: Enabled (Zero based)
 Heap Region Size: 2M
 Heap Min Capacity: 8M
 Heap Initial Capacity: 118M
 Heap Max Capacity: 4G
 Pre-touch: Disabled
 Parallel Workers: 10
 Concurrent Workers: 3
 Concurrent Refinement Workers: 10
 Periodic GC: Disabled
Heap:
 garbage-first heap   total 122880K, used 70895K [0x0000000700000000, 0x0000000800000000)
  region size 2048K, 2 young (4096K), 2 survivors (4096K)
 Metaspace       used 56979K, committed 58496K, reserved 1114112K
  class space    used 7920K, committed 8640K, reserved 1048576K
GC Heap History (20 events):
Event: 3.541 GC heap after
{Heap after GC invocations=7 (full 0):
 garbage-first heap   total 79872K, used 25866K [0x0000000700000000, 0x0000000800000000)
  region size 2048K, 3 young (6144K), 3 survivors (6144K)
 Metaspace       used 35152K, committed 35968K, reserved 1114112K
  class space    used 4792K, committed 5184K, reserved 1048576K
}
Event: 3.627 GC heap before
{Heap before GC invocations=7 (full 0):
 garbage-first heap   total 79872K, used 44298K [0x0000000700000000, 0x0000000800000000)
  region size 2048K, 7 young (14336K), 3 survivors (6144K)
 Metaspace       used 35497K, committed 36288K, reserved 1114112K
  class space    used 4850K, committed 5248K, reserved 1048576K
}
Event: 3.632 GC heap after
{Heap after GC invocations=8 (full 0):
 garbage-first heap   total 79872K, used 40584K [0x0000000700000000, 0x0000000800000000)
  region size 2048K, 3 young (6144K), 3 survivors (6144K)
 Metaspace       used 35497K, committed 36288K, reserved 1114112K
  class space    used 4850K, committed 5248K, reserved 1048576K
}
Event: 3.743 GC heap before
{Heap before GC invocations=9 (full 0):
 garbage-first heap   total 79872K, used 48776K [0x0000000700000000, 0x0000000800000000)
  region size 2048K, 8 young (16384K), 3 survivors (6144K)
 Metaspace       used 36255K, committed 37120K, reserved 1114112K
  class space    used 4988K, committed 5376K, reserved 1048576K
}
Event: 3.747 GC heap after
{Heap after GC invocations=10 (full 0):
 garbage-first heap   total 79872K, used 44001K [0x0000000700000000, 0x0000000800000000)
  region size 2048K, 2 young (4096K), 2 survivors (4096K)
 Metaspace       used 36255K, committed 37120K, reserved 1114112K
  class space    used 4988K, committed 5376K, reserved 1048576K
}
Event: 3.764 GC heap before
{Heap before GC invocations=11 (full 0):
 garbage-first heap   total 92160K, used 54241K [0x0000000700000000, 0x0000000800000000)
  region size 2048K, 3 young (6144K), 2 survivors (4096K)
 Metaspace       used 36255K, committed 37120K, reserved 1114112K
  class space    used 4988K, committed 5376K, reserved 1048576K
}
Event: 3.766 GC heap after
{Heap after GC invocations=12 (full 0):
 garbage-first heap   total 92160K, used 54558K [0x0000000700000000, 0x0000000800000000)
  region size 2048K, 1 young (2048K), 1 survivors (2048K)
 Metaspace       used 36255K, committed 37120K, reserved 1114112K
  class space    used 4988K, committed 5376K, reserved 1048576K
}
Event: 3.992 GC heap before
{Heap before GC invocations=13 (full 0):
 garbage-first heap   total 100352K, used 72990K [0x0000000700000000, 0x0000000800000000)
  region size 2048K, 10 young (20480K), 1 survivors (2048K)
 Metaspace       used 38373K, committed 39232K, reserved 1114112K
  class space    used 5287K, committed 5696K, reserved 1048576K
}
Event: 3.996 GC heap after
{Heap after GC invocations=14 (full 0):
 garbage-first heap   total 120832K, used 59469K [0x0000000700000000, 0x0000000800000000)
  region size 2048K, 2 young (4096K), 2 survivors (4096K)
 Metaspace       used 38373K, committed 39232K, reserved 1114112K
  class space    used 5287K, committed 5696K, reserved 1048576K
}
Event: 4.497 GC heap before
{Heap before GC invocations=14 (full 0):
 garbage-first heap   total 120832K, used 86093K [0x0000000700000000, 0x0000000800000000)
  region size 2048K, 16 young (32768K), 2 survivors (4096K)
 Metaspace       used 44445K, committed 45440K, reserved 1114112K
  class space    used 6042K, committed 6528K, reserved 1048576K
}
Event: 4.501 GC heap after
{Heap after GC invocations=15 (full 0):
 garbage-first heap   total 120832K, used 61810K [0x0000000700000000, 0x0000000800000000)
  region size 2048K, 2 young (4096K), 2 survivors (4096K)
 Metaspace       used 44445K, committed 45440K, reserved 1114112K
  class space    used 6042K, committed 6528K, reserved 1048576K
}
Event: 4.709 GC heap before
{Heap before GC invocations=15 (full 0):
 garbage-first heap   total 120832K, used 88434K [0x0000000700000000, 0x0000000800000000)
  region size 2048K, 16 young (32768K), 2 survivors (4096K)
 Metaspace       used 46048K, committed 47040K, reserved 1114112K
  class space    used 6212K, committed 6720K, reserved 1048576K
}
Event: 4.713 GC heap after
{Heap after GC invocations=16 (full 0):
 garbage-first heap   total 120832K, used 64282K [0x0000000700000000, 0x0000000800000000)
  region size 2048K, 2 young (4096K), 2 survivors (4096K)
 Metaspace       used 46048K, committed 47040K, reserved 1114112K
  class space    used 6212K, committed 6720K, reserved 1048576K
}
Event: 4.899 GC heap before
{Heap before GC invocations=17 (full 0):
 garbage-first heap   total 120832K, used 74522K [0x0000000700000000, 0x0000000800000000)
  region size 2048K, 9 young (18432K), 2 survivors (4096K)
 Metaspace       used 47058K, committed 48064K, reserved 1114112K
  class space    used 6360K, committed 6848K, reserved 1048576K
}
Event: 4.902 GC heap after
{Heap after GC invocations=18 (full 0):
 garbage-first heap   total 120832K, used 66085K [0x0000000700000000, 0x0000000800000000)
  region size 2048K, 2 young (4096K), 2 survivors (4096K)
 Metaspace       used 47058K, committed 48064K, reserved 1114112K
  class space    used 6360K, committed 6848K, reserved 1048576K
}
Event: 5.349 GC heap before
{Heap before GC invocations=19 (full 0):
 garbage-first heap   total 122880K, used 98853K [0x0000000700000000, 0x0000000800000000)
  region size 2048K, 16 young (32768K), 2 survivors (4096K)
 Metaspace       used 50931K, committed 52160K, reserved 1114112K
  class space    used 6875K, committed 7488K, reserved 1048576K
}
Event: 5.352 GC heap after
{Heap after GC invocations=20 (full 0):
 garbage-first heap   total 122880K, used 67000K [0x0000000700000000, 0x0000000800000000)
  region size 2048K, 1 young (2048K), 1 survivors (2048K)
 Metaspace       used 50931K, committed 52160K, reserved 1114112K
  class space    used 6875K, committed 7488K, reserved 1048576K
}
Event: 5.767 GC heap before
{Heap before GC invocations=20 (full 0):
 garbage-first heap   total 122880K, used 99768K [0x0000000700000000, 0x0000000800000000)
  region size 2048K, 17 young (34816K), 1 survivors (2048K)
 Metaspace       used 54851K, committed 56320K, reserved 1114112K
  class space    used 7537K, committed 8256K, reserved 1048576K
}
Event: 5.771 GC heap after
{Heap after GC invocations=21 (full 0):
 garbage-first heap   total 122880K, used 69006K [0x0000000700000000, 0x0000000800000000)
  region size 2048K, 2 young (4096K), 2 survivors (4096K)
 Metaspace       used 54851K, committed 56320K, reserved 1114112K
  class space    used 7537K, committed 8256K, reserved 1048576K
}
Event: 6.118 GC heap before
{Heap before GC invocations=22 (full 0):
 garbage-first heap   total 122880K, used 89486K [0x0000000700000000, 0x0000000800000000)
  region size 2048K, 13 young (26624K), 2 survivors (4096K)
 Metaspace       used 56979K, committed 58496K, reserved 1114112K
  class space    used 7920K, committed 8640K, reserved 1048576K
}

