# JRE version: OpenJDK Runtime Environment (21.0.7) (build 21.0.7+-13880790-b1038.58)
# Java VM: OpenJDK 64-Bit Server VM (21.0.7+-13880790-b1038.58, mixed mode, tiered, compressed oops, compressed class ptrs, g1 gc, windows-amd64)
GC Precious Log:
 CardTable entry size: 512
 Card Set container configuration: InlinePtr #cards 4 size 8 Array Of Cards #cards 16 size 48 Howl #buckets 8 coarsen threshold 3686 Howl Bitmap #cards 512 size 80 coarsen threshold 460 Card regions per heap region 1 cards per card region 4096
 CPUs: 12 total, 12 available
 Memory: 7520M
 Large Page Support: Disabled
 NUMA Support: Disabled
 Compressed Oops: Enabled (Zero based)
 Heap Region Size: 2M
 Heap Min Capacity: 8M
 Heap Initial Capacity: 118M
 Heap Max Capacity: 4G
 Pre-touch: Disabled
 Parallel Workers: 10
 Concurrent Workers: 3
 Concurrent Refinement Workers: 10
 Periodic GC: Disabled
Heap:
 garbage-first heap   total 120832K, used 54334K [0x0000000700000000, 0x0000000800000000)
  region size 2048K, 2 young (4096K), 2 survivors (4096K)
 Metaspace       used 72289K, committed 74048K, reserved 1114112K
  class space    used 9970K, committed 10816K, reserved 1048576K
GC Heap History (20 events):
Event: 6.159 GC heap after
{Heap after GC invocations=14 (full 0):
 garbage-first heap   total 92160K, used 41059K [0x0000000700000000, 0x0000000800000000)
  region size 2048K, 3 young (6144K), 3 survivors (6144K)
 Metaspace       used 57550K, committed 59072K, reserved 1114112K
  class space    used 7848K, committed 8576K, reserved 1048576K
}
Event: 6.364 GC heap before
{Heap before GC invocations=14 (full 0):
 garbage-first heap   total 92160K, used 67683K [0x0000000700000000, 0x0000000800000000)
  region size 2048K, 17 young (34816K), 3 survivors (6144K)
 Metaspace       used 58831K, committed 60288K, reserved 1114112K
  class space    used 8049K, committed 8768K, reserved 1048576K
}
Event: 6.369 GC heap after
{Heap after GC invocations=15 (full 0):
 garbage-first heap   total 92160K, used 42736K [0x0000000700000000, 0x0000000800000000)
  region size 2048K, 1 young (2048K), 1 survivors (2048K)
 Metaspace       used 58831K, committed 60288K, reserved 1114112K
  class space    used 8049K, committed 8768K, reserved 1048576K
}
Event: 6.906 GC heap before
{Heap before GC invocations=16 (full 0):
 garbage-first heap   total 92160K, used 81648K [0x0000000700000000, 0x0000000800000000)
  region size 2048K, 20 young (40960K), 1 survivors (2048K)
 Metaspace       used 64565K, committed 66176K, reserved 1114112K
  class space    used 8879K, committed 9664K, reserved 1048576K
}
Event: 6.909 GC heap after
{Heap after GC invocations=17 (full 0):
 garbage-first heap   total 92160K, used 44082K [0x0000000700000000, 0x0000000800000000)
  region size 2048K, 2 young (4096K), 2 survivors (4096K)
 Metaspace       used 64565K, committed 66176K, reserved 1114112K
  class space    used 8879K, committed 9664K, reserved 1048576K
}
Event: 7.402 GC heap before
{Heap before GC invocations=17 (full 0):
 garbage-first heap   total 92160K, used 78898K [0x0000000700000000, 0x0000000800000000)
  region size 2048K, 20 young (40960K), 2 survivors (4096K)
 Metaspace       used 68887K, committed 70592K, reserved 1114112K
  class space    used 9602K, committed 10432K, reserved 1048576K
}
Event: 7.407 GC heap after
{Heap after GC invocations=18 (full 0):
 garbage-first heap   total 92160K, used 46137K [0x0000000700000000, 0x0000000800000000)
  region size 2048K, 3 young (6144K), 3 survivors (6144K)
 Metaspace       used 68887K, committed 70592K, reserved 1114112K
  class space    used 9602K, committed 10432K, reserved 1048576K
}
Event: 8.021 GC heap before
{Heap before GC invocations=18 (full 0):
 garbage-first heap   total 92160K, used 78905K [0x0000000700000000, 0x0000000800000000)
  region size 2048K, 19 young (38912K), 3 survivors (6144K)
 Metaspace       used 71642K, committed 73344K, reserved 1114112K
  class space    used 9965K, committed 10816K, reserved 1048576K
}
Event: 8.027 GC heap after
{Heap after GC invocations=19 (full 0):
 garbage-first heap   total 92160K, used 49893K [0x0000000700000000, 0x0000000800000000)
  region size 2048K, 3 young (6144K), 3 survivors (6144K)
 Metaspace       used 71642K, committed 73344K, reserved 1114112K
  class space    used 9965K, committed 10816K, reserved 1048576K
}
Event: 8.165 GC heap before
{Heap before GC invocations=19 (full 0):
 garbage-first heap   total 92160K, used 78565K [0x0000000700000000, 0x0000000800000000)
  region size 2048K, 17 young (34816K), 3 survivors (6144K)
 Metaspace       used 71859K, committed 73600K, reserved 1114112K
  class space    used 9970K, committed 10816K, reserved 1048576K
}
Event: 8.171 GC heap after
{Heap after GC invocations=20 (full 0):
 garbage-first heap   total 92160K, used 53066K [0x0000000700000000, 0x0000000800000000)
  region size 2048K, 2 young (4096K), 2 survivors (4096K)
 Metaspace       used 71859K, committed 73600K, reserved 1114112K
  class space    used 9970K, committed 10816K, reserved 1048576K
}
Event: 8.274 GC heap before
{Heap before GC invocations=21 (full 0):
 garbage-first heap   total 92160K, used 81738K [0x0000000700000000, 0x0000000800000000)
  region size 2048K, 16 young (32768K), 2 survivors (4096K)
 Metaspace       used 71976K, committed 73664K, reserved 1114112K
  class space    used 9970K, committed 10816K, reserved 1048576K
}
Event: 8.276 GC heap after
{Heap after GC invocations=22 (full 0):
 garbage-first heap   total 92160K, used 54024K [0x0000000700000000, 0x0000000800000000)
  region size 2048K, 2 young (4096K), 2 survivors (4096K)
 Metaspace       used 71976K, committed 73664K, reserved 1114112K
  class space    used 9970K, committed 10816K, reserved 1048576K
}
Event: 8.336 GC heap before
{Heap before GC invocations=22 (full 0):
 garbage-first heap   total 92160K, used 78600K [0x0000000700000000, 0x0000000800000000)
  region size 2048K, 15 young (30720K), 2 survivors (4096K)
 Metaspace       used 72139K, committed 73856K, reserved 1114112K
  class space    used 9970K, committed 10816K, reserved 1048576K
}
Event: 8.339 GC heap after
{Heap after GC invocations=23 (full 0):
 garbage-first heap   total 92160K, used 53003K [0x0000000700000000, 0x0000000800000000)
  region size 2048K, 2 young (4096K), 2 survivors (4096K)
 Metaspace       used 72139K, committed 73856K, reserved 1114112K
  class space    used 9970K, committed 10816K, reserved 1048576K
}
Event: 8.394 GC heap before
{Heap before GC invocations=23 (full 0):
 garbage-first heap   total 92160K, used 77579K [0x0000000700000000, 0x0000000800000000)
  region size 2048K, 15 young (30720K), 2 survivors (4096K)
 Metaspace       used 72268K, committed 73984K, reserved 1114112K
  class space    used 9970K, committed 10816K, reserved 1048576K
}
Event: 8.397 GC heap after
{Heap after GC invocations=24 (full 0):
 garbage-first heap   total 92160K, used 53661K [0x0000000700000000, 0x0000000800000000)
  region size 2048K, 2 young (4096K), 2 survivors (4096K)
 Metaspace       used 72268K, committed 73984K, reserved 1114112K
  class space    used 9970K, committed 10816K, reserved 1048576K
}
Event: 8.470 GC heap before
{Heap before GC invocations=25 (full 0):
 garbage-first heap   total 92160K, used 78237K [0x0000000700000000, 0x0000000800000000)
  region size 2048K, 15 young (30720K), 2 survivors (4096K)
 Metaspace       used 72282K, committed 73984K, reserved 1114112K
  class space    used 9970K, committed 10816K, reserved 1048576K
}
Event: 8.472 GC heap after
{Heap after GC invocations=26 (full 0):
 garbage-first heap   total 92160K, used 54255K [0x0000000700000000, 0x0000000800000000)
  region size 2048K, 2 young (4096K), 2 survivors (4096K)
 Metaspace       used 72282K, committed 73984K, reserved 1114112K
  class space    used 9970K, committed 10816K, reserved 1048576K
}
Event: 8.519 GC heap before
{Heap before GC invocations=26 (full 0):
 garbage-first heap   total 92160K, used 80879K [0x0000000700000000, 0x0000000800000000)
  region size 2048K, 15 young (30720K), 2 survivors (4096K)
 Metaspace       used 72289K, committed 74048K, reserved 1114112K
  class space    used 9970K, committed 10816K, reserved 1048576K
}

