# JRE version: OpenJDK Runtime Environment (21.0.7) (build 21.0.7+-13880790-b1038.58)
# Java VM: OpenJDK 64-Bit Server VM (21.0.7+-13880790-b1038.58, mixed mode, tiered, compressed oops, compressed class ptrs, g1 gc, windows-amd64)
GC Precious Log:
 CardTable entry size: 512
 Card Set container configuration: InlinePtr #cards 4 size 8 Array Of Cards #cards 16 size 48 Howl #buckets 8 coarsen threshold 3686 Howl Bitmap #cards 512 size 80 coarsen threshold 460 Card regions per heap region 1 cards per card region 4096
 CPUs: 12 total, 12 available
 Memory: 7520M
 Large Page Support: Disabled
 NUMA Support: Disabled
 Compressed Oops: Enabled (Zero based)
 Heap Region Size: 2M
 Heap Min Capacity: 8M
 Heap Initial Capacity: 118M
 Heap Max Capacity: 4G
 Pre-touch: Disabled
 Parallel Workers: 10
 Concurrent Workers: 3
 Concurrent Refinement Workers: 10
 Periodic GC: Disabled
Heap:
 garbage-first heap   total 337920K, used 198970K [0x0000000700000000, 0x0000000800000000)
  region size 2048K, 2 young (4096K), 2 survivors (4096K)
 Metaspace       used 153313K, committed 155904K, reserved 1245184K
  class space    used 21745K, committed 23040K, reserved 1048576K
GC Heap History (20 events):
Event: 25.210 GC heap after
{Heap after GC invocations=44 (full 0):
 garbage-first heap   total 215040K, used 135013K [0x0000000700000000, 0x0000000800000000)
  region size 2048K, 3 young (6144K), 3 survivors (6144K)
 Metaspace       used 122179K, committed 124416K, reserved 1179648K
  class space    used 16723K, committed 17856K, reserved 1048576K
}
Event: 26.194 GC heap before
{Heap before GC invocations=45 (full 0):
 garbage-first heap   total 229376K, used 190309K [0x0000000700000000, 0x0000000800000000)
  region size 2048K, 31 young (63488K), 3 survivors (6144K)
 Metaspace       used 123753K, committed 126016K, reserved 1179648K
  class space    used 16938K, committed 18048K, reserved 1048576K
}
Event: 26.209 GC heap after
{Heap after GC invocations=46 (full 0):
 garbage-first heap   total 229376K, used 139274K [0x0000000700000000, 0x0000000800000000)
  region size 2048K, 4 young (8192K), 4 survivors (8192K)
 Metaspace       used 123753K, committed 126016K, reserved 1179648K
  class space    used 16938K, committed 18048K, reserved 1048576K
}
Event: 26.762 GC heap before
{Heap before GC invocations=46 (full 0):
 garbage-first heap   total 229376K, used 202762K [0x0000000700000000, 0x0000000800000000)
  region size 2048K, 36 young (73728K), 4 survivors (8192K)
 Metaspace       used 123819K, committed 126080K, reserved 1179648K
  class space    used 16942K, committed 18048K, reserved 1048576K
}
Event: 26.779 GC heap after
{Heap after GC invocations=47 (full 0):
 garbage-first heap   total 229376K, used 140171K [0x0000000700000000, 0x0000000800000000)
  region size 2048K, 3 young (6144K), 3 survivors (6144K)
 Metaspace       used 123819K, committed 126080K, reserved 1179648K
  class space    used 16942K, committed 18048K, reserved 1048576K
}
Event: 29.906 GC heap before
{Heap before GC invocations=47 (full 0):
 garbage-first heap   total 229376K, used 205707K [0x0000000700000000, 0x0000000800000000)
  region size 2048K, 36 young (73728K), 3 survivors (6144K)
 Metaspace       used 125493K, committed 127808K, reserved 1179648K
  class space    used 17161K, committed 18304K, reserved 1048576K
}
Event: 29.922 GC heap after
{Heap after GC invocations=48 (full 0):
 garbage-first heap   total 276480K, used 142997K [0x0000000700000000, 0x0000000800000000)
  region size 2048K, 4 young (8192K), 4 survivors (8192K)
 Metaspace       used 125493K, committed 127808K, reserved 1179648K
  class space    used 17161K, committed 18304K, reserved 1048576K
}
Event: 51.879 GC heap before
{Heap before GC invocations=49 (full 0):
 garbage-first heap   total 276480K, used 245397K [0x0000000700000000, 0x0000000800000000)
  region size 2048K, 55 young (112640K), 4 survivors (8192K)
 Metaspace       used 129996K, committed 132416K, reserved 1179648K
  class space    used 17735K, committed 18944K, reserved 1048576K
}
Event: 51.887 GC heap after
{Heap after GC invocations=50 (full 0):
 garbage-first heap   total 276480K, used 148394K [0x0000000700000000, 0x0000000800000000)
  region size 2048K, 7 young (14336K), 7 survivors (14336K)
 Metaspace       used 129996K, committed 132416K, reserved 1179648K
  class space    used 17735K, committed 18944K, reserved 1048576K
}
Event: 52.576 GC heap before
{Heap before GC invocations=50 (full 0):
 garbage-first heap   total 276480K, used 244650K [0x0000000700000000, 0x0000000800000000)
  region size 2048K, 54 young (110592K), 7 survivors (14336K)
 Metaspace       used 132820K, committed 135168K, reserved 1179648K
  class space    used 18150K, committed 19328K, reserved 1048576K
}
Event: 52.597 GC heap after
{Heap after GC invocations=51 (full 0):
 garbage-first heap   total 280576K, used 164167K [0x0000000700000000, 0x0000000800000000)
  region size 2048K, 7 young (14336K), 7 survivors (14336K)
 Metaspace       used 132820K, committed 135168K, reserved 1179648K
  class space    used 18150K, committed 19328K, reserved 1048576K
}
Event: 53.154 GC heap before
{Heap before GC invocations=51 (full 0):
 garbage-first heap   total 280576K, used 246087K [0x0000000700000000, 0x0000000800000000)
  region size 2048K, 48 young (98304K), 7 survivors (14336K)
 Metaspace       used 138182K, committed 140608K, reserved 1179648K
  class space    used 19092K, committed 20288K, reserved 1048576K
}
Event: 53.164 GC heap after
{Heap after GC invocations=52 (full 0):
 garbage-first heap   total 280576K, used 172673K [0x0000000700000000, 0x0000000800000000)
  region size 2048K, 6 young (12288K), 6 survivors (12288K)
 Metaspace       used 138182K, committed 140608K, reserved 1179648K
  class space    used 19092K, committed 20288K, reserved 1048576K
}
Event: 53.452 GC heap before
{Heap before GC invocations=53 (full 0):
 garbage-first heap   total 290816K, used 248449K [0x0000000700000000, 0x0000000800000000)
  region size 2048K, 44 young (90112K), 6 survivors (12288K)
 Metaspace       used 144386K, committed 146880K, reserved 1179648K
  class space    used 20291K, committed 21504K, reserved 1048576K
}
Event: 53.463 GC heap after
{Heap after GC invocations=54 (full 0):
 garbage-first heap   total 290816K, used 183053K [0x0000000700000000, 0x0000000800000000)
  region size 2048K, 6 young (12288K), 6 survivors (12288K)
 Metaspace       used 144386K, committed 146880K, reserved 1179648K
  class space    used 20291K, committed 21504K, reserved 1048576K
}
Event: 53.650 GC heap before
{Heap before GC invocations=54 (full 0):
 garbage-first heap   total 290816K, used 256781K [0x0000000700000000, 0x0000000800000000)
  region size 2048K, 43 young (88064K), 6 survivors (12288K)
 Metaspace       used 148380K, committed 150848K, reserved 1179648K
  class space    used 20999K, committed 22208K, reserved 1048576K
}
Event: 53.662 GC heap after
{Heap after GC invocations=55 (full 0):
 garbage-first heap   total 290816K, used 193763K [0x0000000700000000, 0x0000000800000000)
  region size 2048K, 6 young (12288K), 6 survivors (12288K)
 Metaspace       used 148380K, committed 150848K, reserved 1179648K
  class space    used 20999K, committed 22208K, reserved 1048576K
}
Event: 53.816 GC heap before
{Heap before GC invocations=55 (full 0):
 garbage-first heap   total 290816K, used 259299K [0x0000000700000000, 0x0000000800000000)
  region size 2048K, 39 young (79872K), 6 survivors (12288K)
 Metaspace       used 152660K, committed 155200K, reserved 1245184K
  class space    used 21696K, committed 22912K, reserved 1048576K
}
Event: 53.825 GC heap after
{Heap after GC invocations=56 (full 0):
 garbage-first heap   total 290816K, used 199759K [0x0000000700000000, 0x0000000800000000)
  region size 2048K, 4 young (8192K), 4 survivors (8192K)
 Metaspace       used 152660K, committed 155200K, reserved 1245184K
  class space    used 21696K, committed 22912K, reserved 1048576K
}
Event: 53.997 GC heap before
{Heap before GC invocations=56 (full 0):
 garbage-first heap   total 337920K, used 259151K [0x0000000700000000, 0x0000000800000000)
  region size 2048K, 34 young (69632K), 4 survivors (8192K)
 Metaspace       used 153313K, committed 155904K, reserved 1245184K
  class space    used 21745K, committed 23040K, reserved 1048576K
}

