# JRE version: OpenJDK Runtime Environment (21.0.7) (build 21.0.7+-13880790-b1038.58)
# Java VM: OpenJDK 64-Bit Server VM (21.0.7+-13880790-b1038.58, mixed mode, tiered, compressed oops, compressed class ptrs, g1 gc, windows-amd64)
GC Precious Log:
 CardTable entry size: 512
 Card Set container configuration: InlinePtr #cards 4 size 8 Array Of Cards #cards 16 size 48 Howl #buckets 8 coarsen threshold 3686 Howl Bitmap #cards 512 size 80 coarsen threshold 460 Card regions per heap region 1 cards per card region 4096
 CPUs: 12 total, 12 available
 Memory: 7520M
 Large Page Support: Disabled
 NUMA Support: Disabled
 Compressed Oops: Enabled (Zero based)
 Heap Region Size: 2M
 Heap Min Capacity: 8M
 Heap Initial Capacity: 118M
 Heap Max Capacity: 4G
 Pre-touch: Disabled
 Parallel Workers: 10
 Concurrent Workers: 3
 Concurrent Refinement Workers: 10
 Periodic GC: Disabled
Heap:
 garbage-first heap   total 708608K, used 452608K [0x0000000700000000, 0x0000000800000000)
  region size 2048K, 100 young (204800K), 6 survivors (12288K)
 Metaspace       used 135662K, committed 137984K, reserved 1179648K
  class space    used 18663K, committed 19840K, reserved 1048576K
GC Heap History (20 events):
Event: 16.223 GC heap before
{Heap before GC invocations=39 (full 0):
 garbage-first heap   total 200704K, used 178432K [0x0000000700000000, 0x0000000800000000)
  region size 2048K, 29 young (59392K), 4 survivors (8192K)
 Metaspace       used 121667K, committed 123904K, reserved 1179648K
  class space    used 16621K, committed 17728K, reserved 1048576K
}
Event: 16.232 GC heap after
{Heap after GC invocations=40 (full 0):
 garbage-first heap   total 200704K, used 135156K [0x0000000700000000, 0x0000000800000000)
  region size 2048K, 4 young (8192K), 4 survivors (8192K)
 Metaspace       used 121667K, committed 123904K, reserved 1179648K
  class space    used 16621K, committed 17728K, reserved 1048576K
}
Event: 16.407 GC heap before
{Heap before GC invocations=41 (full 0):
 garbage-first heap   total 225280K, used 178164K [0x0000000700000000, 0x0000000800000000)
  region size 2048K, 26 young (53248K), 4 survivors (8192K)
 Metaspace       used 121682K, committed 123904K, reserved 1179648K
  class space    used 16621K, committed 17728K, reserved 1048576K
}
Event: 16.413 GC heap after
{Heap after GC invocations=42 (full 0):
 garbage-first heap   total 225280K, used 137025K [0x0000000700000000, 0x0000000800000000)
  region size 2048K, 3 young (6144K), 3 survivors (6144K)
 Metaspace       used 121682K, committed 123904K, reserved 1179648K
  class space    used 16621K, committed 17728K, reserved 1048576K
}
Event: 16.745 GC heap before
{Heap before GC invocations=42 (full 0):
 garbage-first heap   total 225280K, used 200513K [0x0000000700000000, 0x0000000800000000)
  region size 2048K, 35 young (71680K), 3 survivors (6144K)
 Metaspace       used 122234K, committed 124544K, reserved 1179648K
  class space    used 16723K, committed 17856K, reserved 1048576K
}
Event: 16.753 GC heap after
{Heap after GC invocations=43 (full 0):
 garbage-first heap   total 225280K, used 136788K [0x0000000700000000, 0x0000000800000000)
  region size 2048K, 4 young (8192K), 4 survivors (8192K)
 Metaspace       used 122234K, committed 124544K, reserved 1179648K
  class space    used 16723K, committed 17856K, reserved 1048576K
}
Event: 17.321 GC heap before
{Heap before GC invocations=43 (full 0):
 garbage-first heap   total 225280K, used 200276K [0x0000000700000000, 0x0000000800000000)
  region size 2048K, 36 young (73728K), 4 survivors (8192K)
 Metaspace       used 125112K, committed 127360K, reserved 1179648K
  class space    used 17079K, committed 18176K, reserved 1048576K
}
Event: 17.330 GC heap after
{Heap after GC invocations=44 (full 0):
 garbage-first heap   total 350208K, used 140775K [0x0000000700000000, 0x0000000800000000)
  region size 2048K, 5 young (10240K), 5 survivors (10240K)
 Metaspace       used 125112K, committed 127360K, reserved 1179648K
  class space    used 17079K, committed 18176K, reserved 1048576K
}
Event: 17.869 GC heap before
{Heap before GC invocations=45 (full 0):
 garbage-first heap   total 350208K, used 312807K [0x0000000700000000, 0x0000000800000000)
  region size 2048K, 85 young (174080K), 5 survivors (10240K)
 Metaspace       used 126063K, committed 128320K, reserved 1179648K
  class space    used 17226K, committed 18368K, reserved 1048576K
}
Event: 17.880 GC heap after
{Heap after GC invocations=46 (full 0):
 garbage-first heap   total 350208K, used 163361K [0x0000000700000000, 0x0000000800000000)
  region size 2048K, 11 young (22528K), 11 survivors (22528K)
 Metaspace       used 126063K, committed 128320K, reserved 1179648K
  class space    used 17226K, committed 18368K, reserved 1048576K
}
Event: 18.245 GC heap before
{Heap before GC invocations=46 (full 0):
 garbage-first heap   total 350208K, used 296481K [0x0000000700000000, 0x0000000800000000)
  region size 2048K, 77 young (157696K), 11 survivors (22528K)
 Metaspace       used 128070K, committed 130368K, reserved 1179648K
  class space    used 17500K, committed 18624K, reserved 1048576K
}
Event: 18.259 GC heap after
{Heap after GC invocations=47 (full 0):
 garbage-first heap   total 354304K, used 189034K [0x0000000700000000, 0x0000000800000000)
  region size 2048K, 10 young (20480K), 10 survivors (20480K)
 Metaspace       used 128070K, committed 130368K, reserved 1179648K
  class space    used 17500K, committed 18624K, reserved 1048576K
}
Event: 18.657 GC heap before
{Heap before GC invocations=47 (full 0):
 garbage-first heap   total 354304K, used 295530K [0x0000000700000000, 0x0000000800000000)
  region size 2048K, 63 young (129024K), 10 survivors (20480K)
 Metaspace       used 130835K, committed 133120K, reserved 1179648K
  class space    used 17936K, committed 19072K, reserved 1048576K
}
Event: 18.675 GC heap after
{Heap after GC invocations=48 (full 0):
 garbage-first heap   total 354304K, used 208151K [0x0000000700000000, 0x0000000800000000)
  region size 2048K, 8 young (16384K), 8 survivors (16384K)
 Metaspace       used 130835K, committed 133120K, reserved 1179648K
  class space    used 17936K, committed 19072K, reserved 1048576K
}
Event: 18.993 GC heap before
{Heap before GC invocations=49 (full 0):
 garbage-first heap   total 354304K, used 304407K [0x0000000700000000, 0x0000000800000000)
  region size 2048K, 55 young (112640K), 8 survivors (16384K)
 Metaspace       used 131976K, committed 134208K, reserved 1179648K
  class space    used 18128K, committed 19264K, reserved 1048576K
}
Event: 19.018 GC heap after
{Heap after GC invocations=50 (full 0):
 garbage-first heap   total 354304K, used 227733K [0x0000000700000000, 0x0000000800000000)
  region size 2048K, 7 young (14336K), 7 survivors (14336K)
 Metaspace       used 131976K, committed 134208K, reserved 1179648K
  class space    used 18128K, committed 19264K, reserved 1048576K
}
Event: 19.182 GC heap before
{Heap before GC invocations=50 (full 0):
 garbage-first heap   total 354304K, used 309653K [0x0000000700000000, 0x0000000800000000)
  region size 2048K, 47 young (96256K), 7 survivors (14336K)
 Metaspace       used 133345K, committed 135616K, reserved 1179648K
  class space    used 18358K, committed 19520K, reserved 1048576K
}
Event: 19.204 GC heap after
{Heap after GC invocations=51 (full 0):
 garbage-first heap   total 354304K, used 243712K [0x0000000700000000, 0x0000000800000000)
  region size 2048K, 6 young (12288K), 6 survivors (12288K)
 Metaspace       used 133345K, committed 135616K, reserved 1179648K
  class space    used 18358K, committed 19520K, reserved 1048576K
}
Event: 19.324 GC heap before
{Heap before GC invocations=51 (full 0):
 garbage-first heap   total 354304K, used 317440K [0x0000000700000000, 0x0000000800000000)
  region size 2048K, 42 young (86016K), 6 survivors (12288K)
 Metaspace       used 133558K, committed 135808K, reserved 1179648K
  class space    used 18386K, committed 19520K, reserved 1048576K
}
Event: 19.343 GC heap after
{Heap after GC invocations=52 (full 0):
 garbage-first heap   total 708608K, used 262144K [0x0000000700000000, 0x0000000800000000)
  region size 2048K, 6 young (12288K), 6 survivors (12288K)
 Metaspace       used 133558K, committed 135808K, reserved 1179648K
  class space    used 18386K, committed 19520K, reserved 1048576K
}

