# JRE version: OpenJDK Runtime Environment (21.0.7) (build 21.0.7+-13880790-b1038.58)
# Java VM: OpenJDK 64-Bit Server VM (21.0.7+-13880790-b1038.58, mixed mode, tiered, compressed oops, compressed class ptrs, g1 gc, windows-amd64)
GC Precious Log:
 CardTable entry size: 512
 Card Set container configuration: InlinePtr #cards 4 size 8 Array Of Cards #cards 16 size 48 Howl #buckets 8 coarsen threshold 3686 Howl Bitmap #cards 512 size 80 coarsen threshold 460 Card regions per heap region 1 cards per card region 4096
 CPUs: 12 total, 12 available
 Memory: 7520M
 Large Page Support: Disabled
 NUMA Support: Disabled
 Compressed Oops: Enabled (Zero based)
 Heap Region Size: 2M
 Heap Min Capacity: 8M
 Heap Initial Capacity: 118M
 Heap Max Capacity: 4G
 Pre-touch: Disabled
 Parallel Workers: 10
 Concurrent Workers: 3
 Concurrent Refinement Workers: 10
 Periodic GC: Disabled
Heap:
 garbage-first heap   total 331776K, used 200942K [0x0000000700000000, 0x0000000800000000)
  region size 2048K, 4 young (8192K), 4 survivors (8192K)
 Metaspace       used 173039K, committed 175616K, reserved 1245184K
  class space    used 23664K, committed 24960K, reserved 1048576K
GC Heap History (20 events):
Event: 36.311 GC heap after
{Heap after GC invocations=58 (full 0):
 garbage-first heap   total 321536K, used 164834K [0x0000000700000000, 0x0000000800000000)
  region size 2048K, 7 young (14336K), 7 survivors (14336K)
 Metaspace       used 138568K, committed 140992K, reserved 1179648K
  class space    used 18793K, committed 19968K, reserved 1048576K
}
Event: 36.993 GC heap before
{Heap before GC invocations=58 (full 0):
 garbage-first heap   total 321536K, used 273378K [0x0000000700000000, 0x0000000800000000)
  region size 2048K, 61 young (124928K), 7 survivors (14336K)
 Metaspace       used 145237K, committed 147648K, reserved 1179648K
  class space    used 19840K, committed 21056K, reserved 1048576K
}
Event: 37.007 GC heap after
{Heap after GC invocations=59 (full 0):
 garbage-first heap   total 321536K, used 170713K [0x0000000700000000, 0x0000000800000000)
  region size 2048K, 4 young (8192K), 4 survivors (8192K)
 Metaspace       used 145237K, committed 147648K, reserved 1179648K
  class space    used 19840K, committed 21056K, reserved 1048576K
}
Event: 37.605 GC heap before
{Heap before GC invocations=60 (full 0):
 garbage-first heap   total 321536K, used 277209K [0x0000000700000000, 0x0000000800000000)
  region size 2048K, 57 young (116736K), 4 survivors (8192K)
 Metaspace       used 157692K, committed 160192K, reserved 1245184K
  class space    used 21997K, committed 23232K, reserved 1048576K
}
Event: 37.612 GC heap after
{Heap after GC invocations=61 (full 0):
 garbage-first heap   total 321536K, used 175949K [0x0000000700000000, 0x0000000800000000)
  region size 2048K, 6 young (12288K), 6 survivors (12288K)
 Metaspace       used 157692K, committed 160192K, reserved 1245184K
  class space    used 21997K, committed 23232K, reserved 1048576K
}
Event: 38.141 GC heap before
{Heap before GC invocations=61 (full 0):
 garbage-first heap   total 321536K, used 282445K [0x0000000700000000, 0x0000000800000000)
  region size 2048K, 59 young (120832K), 6 survivors (12288K)
 Metaspace       used 160961K, committed 163456K, reserved 1245184K
  class space    used 22510K, committed 23744K, reserved 1048576K
}
Event: 38.154 GC heap after
{Heap after GC invocations=62 (full 0):
 garbage-first heap   total 321536K, used 167994K [0x0000000700000000, 0x0000000800000000)
  region size 2048K, 3 young (6144K), 3 survivors (6144K)
 Metaspace       used 160961K, committed 163456K, reserved 1245184K
  class space    used 22510K, committed 23744K, reserved 1048576K
}
Event: 38.741 GC heap before
{Heap before GC invocations=62 (full 0):
 garbage-first heap   total 321536K, used 282682K [0x0000000700000000, 0x0000000800000000)
  region size 2048K, 59 young (120832K), 3 survivors (6144K)
 Metaspace       used 162060K, committed 164608K, reserved 1245184K
  class space    used 22547K, committed 23808K, reserved 1048576K
}
Event: 38.748 GC heap after
{Heap after GC invocations=63 (full 0):
 garbage-first heap   total 321536K, used 165642K [0x0000000700000000, 0x0000000800000000)
  region size 2048K, 3 young (6144K), 3 survivors (6144K)
 Metaspace       used 162060K, committed 164608K, reserved 1245184K
  class space    used 22547K, committed 23808K, reserved 1048576K
}
Event: 39.915 GC heap before
{Heap before GC invocations=64 (full 0):
 garbage-first heap   total 321536K, used 317194K [0x0000000700000000, 0x0000000800000000)
  region size 2048K, 58 young (118784K), 3 survivors (6144K)
 Metaspace       used 166574K, committed 169152K, reserved 1245184K
  class space    used 23138K, committed 24448K, reserved 1048576K
}
Event: 39.922 GC heap after
{Heap after GC invocations=65 (full 0):
 garbage-first heap   total 329728K, used 167283K [0x0000000700000000, 0x0000000800000000)
  region size 2048K, 4 young (8192K), 4 survivors (8192K)
 Metaspace       used 166574K, committed 169152K, reserved 1245184K
  class space    used 23138K, committed 24448K, reserved 1048576K
}
Event: 2595.338 GC heap before
{Heap before GC invocations=65 (full 0):
 garbage-first heap   total 329728K, used 298355K [0x0000000700000000, 0x0000000800000000)
  region size 2048K, 69 young (141312K), 4 survivors (8192K)
 Metaspace       used 172142K, committed 174720K, reserved 1245184K
  class space    used 23622K, committed 24896K, reserved 1048576K
}
Event: 2595.517 GC heap after
{Heap after GC invocations=66 (full 0):
 garbage-first heap   total 329728K, used 164797K [0x0000000700000000, 0x0000000800000000)
  region size 2048K, 5 young (10240K), 5 survivors (10240K)
 Metaspace       used 172142K, committed 174720K, reserved 1245184K
  class space    used 23622K, committed 24896K, reserved 1048576K
}
Event: 2609.195 GC heap before
{Heap before GC invocations=66 (full 0):
 garbage-first heap   total 329728K, used 295869K [0x0000000700000000, 0x0000000800000000)
  region size 2048K, 70 young (143360K), 5 survivors (10240K)
 Metaspace       used 172839K, committed 175360K, reserved 1245184K
  class space    used 23627K, committed 24896K, reserved 1048576K
}
Event: 2609.227 GC heap after
{Heap after GC invocations=67 (full 0):
 garbage-first heap   total 329728K, used 179570K [0x0000000700000000, 0x0000000800000000)
  region size 2048K, 9 young (18432K), 9 survivors (18432K)
 Metaspace       used 172839K, committed 175360K, reserved 1245184K
  class space    used 23627K, committed 24896K, reserved 1048576K
}
Event: 2609.730 GC heap before
{Heap before GC invocations=68 (full 0):
 garbage-first heap   total 329728K, used 292210K [0x0000000700000000, 0x0000000800000000)
  region size 2048K, 64 young (131072K), 9 survivors (18432K)
 Metaspace       used 172888K, committed 175424K, reserved 1245184K
  class space    used 23628K, committed 24896K, reserved 1048576K
}
Event: 2609.756 GC heap after
{Heap after GC invocations=69 (full 0):
 garbage-first heap   total 331776K, used 198092K [0x0000000700000000, 0x0000000800000000)
  region size 2048K, 8 young (16384K), 8 survivors (16384K)
 Metaspace       used 172888K, committed 175424K, reserved 1245184K
  class space    used 23628K, committed 24896K, reserved 1048576K
}
Event: 2609.881 GC heap before
{Heap before GC invocations=69 (full 0):
 garbage-first heap   total 331776K, used 292300K [0x0000000700000000, 0x0000000800000000)
  region size 2048K, 55 young (112640K), 8 survivors (16384K)
 Metaspace       used 172901K, committed 175424K, reserved 1245184K
  class space    used 23637K, committed 24896K, reserved 1048576K
}
Event: 2609.898 GC heap after
{Heap after GC invocations=70 (full 0):
 garbage-first heap   total 331776K, used 199227K [0x0000000700000000, 0x0000000800000000)
  region size 2048K, 3 young (6144K), 3 survivors (6144K)
 Metaspace       used 172901K, committed 175424K, reserved 1245184K
  class space    used 23637K, committed 24896K, reserved 1048576K
}
Event: 2610.042 GC heap before
{Heap before GC invocations=70 (full 0):
 garbage-first heap   total 331776K, used 303675K [0x0000000700000000, 0x0000000800000000)
  region size 2048K, 55 young (112640K), 3 survivors (6144K)
 Metaspace       used 173039K, committed 175616K, reserved 1245184K
  class space    used 23664K, committed 24960K, reserved 1048576K
}

