# JRE version: OpenJDK Runtime Environment (21.0.7) (build 21.0.7+-13880790-b1038.58)
# Java VM: OpenJDK 64-Bit Server VM (21.0.7+-13880790-b1038.58, mixed mode, tiered, compressed oops, compressed class ptrs, g1 gc, windows-amd64)
GC Precious Log:
 CardTable entry size: 512
 Card Set container configuration: InlinePtr #cards 4 size 8 Array Of Cards #cards 16 size 48 Howl #buckets 8 coarsen threshold 3686 Howl Bitmap #cards 512 size 80 coarsen threshold 460 Card regions per heap region 1 cards per card region 4096
 CPUs: 12 total, 12 available
 Memory: 7520M
 Large Page Support: Disabled
 NUMA Support: Disabled
 Compressed Oops: Enabled (Zero based)
 Heap Region Size: 2M
 Heap Min Capacity: 8M
 Heap Initial Capacity: 118M
 Heap Max Capacity: 4G
 Pre-touch: Disabled
 Parallel Workers: 10
 Concurrent Workers: 3
 Concurrent Refinement Workers: 10
 Periodic GC: Disabled
Heap:
 garbage-first heap   total 512000K, used 370688K [0x0000000700000000, 0x0000000800000000)
  region size 2048K, 8 young (16384K), 8 survivors (16384K)
 Metaspace       used 139270K, committed 141696K, reserved 1179648K
  class space    used 19262K, committed 20480K, reserved 1048576K
GC Heap History (20 events):
Event: 15.850 GC heap after
{Heap after GC invocations=54 (full 0):
 garbage-first heap   total 280576K, used 148097K [0x0000000700000000, 0x0000000800000000)
  region size 2048K, 6 young (12288K), 6 survivors (12288K)
 Metaspace       used 127090K, committed 129472K, reserved 1179648K
  class space    used 17388K, committed 18560K, reserved 1048576K
}
Event: 16.132 GC heap before
{Heap before GC invocations=55 (full 0):
 garbage-first heap   total 280576K, used 258689K [0x0000000700000000, 0x0000000800000000)
  region size 2048K, 56 young (114688K), 6 survivors (12288K)
 Metaspace       used 127775K, committed 130112K, reserved 1179648K
  class space    used 17492K, committed 18688K, reserved 1048576K
}
Event: 16.146 GC heap after
{Heap after GC invocations=56 (full 0):
 garbage-first heap   total 296960K, used 172606K [0x0000000700000000, 0x0000000800000000)
  region size 2048K, 7 young (14336K), 7 survivors (14336K)
 Metaspace       used 127775K, committed 130112K, reserved 1179648K
  class space    used 17492K, committed 18688K, reserved 1048576K
}
Event: 16.260 GC heap before
{Heap before GC invocations=56 (full 0):
 garbage-first heap   total 296960K, used 258622K [0x0000000700000000, 0x0000000800000000)
  region size 2048K, 50 young (102400K), 7 survivors (14336K)
 Metaspace       used 128206K, committed 130496K, reserved 1179648K
  class space    used 17542K, committed 18688K, reserved 1048576K
}
Event: 16.270 GC heap after
{Heap after GC invocations=57 (full 0):
 garbage-first heap   total 296960K, used 190464K [0x0000000700000000, 0x0000000800000000)
  region size 2048K, 7 young (14336K), 7 survivors (14336K)
 Metaspace       used 128206K, committed 130496K, reserved 1179648K
  class space    used 17542K, committed 18688K, reserved 1048576K
}
Event: 17.015 GC heap before
{Heap before GC invocations=57 (full 0):
 garbage-first heap   total 296960K, used 260096K [0x0000000700000000, 0x0000000800000000)
  region size 2048K, 42 young (86016K), 7 survivors (14336K)
 Metaspace       used 132442K, committed 134784K, reserved 1179648K
  class space    used 18182K, committed 19328K, reserved 1048576K
}
Event: 17.024 GC heap after
{Heap after GC invocations=58 (full 0):
 garbage-first heap   total 296960K, used 200904K [0x0000000700000000, 0x0000000800000000)
  region size 2048K, 6 young (12288K), 6 survivors (12288K)
 Metaspace       used 132442K, committed 134784K, reserved 1179648K
  class space    used 18182K, committed 19328K, reserved 1048576K
}
Event: 17.169 GC heap before
{Heap before GC invocations=58 (full 0):
 garbage-first heap   total 296960K, used 264392K [0x0000000700000000, 0x0000000800000000)
  region size 2048K, 37 young (75776K), 6 survivors (12288K)
 Metaspace       used 132481K, committed 134848K, reserved 1179648K
  class space    used 18183K, committed 19328K, reserved 1048576K
}
Event: 17.185 GC heap after
{Heap after GC invocations=59 (full 0):
 garbage-first heap   total 458752K, used 213752K [0x0000000700000000, 0x0000000800000000)
  region size 2048K, 5 young (10240K), 5 survivors (10240K)
 Metaspace       used 132481K, committed 134848K, reserved 1179648K
  class space    used 18183K, committed 19328K, reserved 1048576K
}
Event: 17.788 GC heap before
{Heap before GC invocations=60 (full 0):
 garbage-first heap   total 458752K, used 377592K [0x0000000700000000, 0x0000000800000000)
  region size 2048K, 86 young (176128K), 5 survivors (10240K)
 Metaspace       used 133999K, committed 136384K, reserved 1179648K
  class space    used 18444K, committed 19648K, reserved 1048576K
}
Event: 17.818 GC heap after
{Heap after GC invocations=61 (full 0):
 garbage-first heap   total 458752K, used 249516K [0x0000000700000000, 0x0000000800000000)
  region size 2048K, 11 young (22528K), 11 survivors (22528K)
 Metaspace       used 133999K, committed 136384K, reserved 1179648K
  class space    used 18444K, committed 19648K, reserved 1048576K
}
Event: 18.444 GC heap before
{Heap before GC invocations=61 (full 0):
 garbage-first heap   total 458752K, used 382636K [0x0000000700000000, 0x0000000800000000)
  region size 2048K, 76 young (155648K), 11 survivors (22528K)
 Metaspace       used 135856K, committed 138240K, reserved 1179648K
  class space    used 18712K, committed 19904K, reserved 1048576K
}
Event: 18.476 GC heap after
{Heap after GC invocations=62 (full 0):
 garbage-first heap   total 458752K, used 278528K [0x0000000700000000, 0x0000000800000000)
  region size 2048K, 10 young (20480K), 10 survivors (20480K)
 Metaspace       used 135856K, committed 138240K, reserved 1179648K
  class space    used 18712K, committed 19904K, reserved 1048576K
}
Event: 18.724 GC heap before
{Heap before GC invocations=62 (full 0):
 garbage-first heap   total 458752K, used 395264K [0x0000000700000000, 0x0000000800000000)
  region size 2048K, 67 young (137216K), 10 survivors (20480K)
 Metaspace       used 138052K, committed 140416K, reserved 1179648K
  class space    used 19071K, committed 20224K, reserved 1048576K
}
Event: 18.754 GC heap after
{Heap after GC invocations=63 (full 0):
 garbage-first heap   total 458752K, used 306917K [0x0000000700000000, 0x0000000800000000)
  region size 2048K, 9 young (18432K), 9 survivors (18432K)
 Metaspace       used 138052K, committed 140416K, reserved 1179648K
  class space    used 19071K, committed 20224K, reserved 1048576K
}
Event: 19.005 GC heap before
{Heap before GC invocations=63 (full 0):
 garbage-first heap   total 512000K, used 405221K [0x0000000700000000, 0x0000000800000000)
  region size 2048K, 57 young (116736K), 9 survivors (18432K)
 Metaspace       used 138500K, committed 140864K, reserved 1179648K
  class space    used 19132K, committed 20288K, reserved 1048576K
}
Event: 19.031 GC heap after
{Heap after GC invocations=64 (full 0):
 garbage-first heap   total 512000K, used 331394K [0x0000000700000000, 0x0000000800000000)
  region size 2048K, 8 young (16384K), 8 survivors (16384K)
 Metaspace       used 138500K, committed 140864K, reserved 1179648K
  class space    used 19132K, committed 20288K, reserved 1048576K
}
Event: 19.178 GC heap before
{Heap before GC invocations=65 (full 0):
 garbage-first heap   total 512000K, used 448130K [0x0000000700000000, 0x0000000800000000)
  region size 2048K, 65 young (133120K), 8 survivors (16384K)
 Metaspace       used 138731K, committed 141120K, reserved 1179648K
  class space    used 19168K, committed 20352K, reserved 1048576K
}
Event: 19.201 GC heap after
{Heap after GC invocations=66 (full 0):
 garbage-first heap   total 512000K, used 357866K [0x0000000700000000, 0x0000000800000000)
  region size 2048K, 9 young (18432K), 9 survivors (18432K)
 Metaspace       used 138731K, committed 141120K, reserved 1179648K
  class space    used 19168K, committed 20352K, reserved 1048576K
}
Event: 19.491 GC heap before
{Heap before GC invocations=66 (full 0):
 garbage-first heap   total 512000K, used 458218K [0x0000000700000000, 0x0000000800000000)
  region size 2048K, 58 young (118784K), 9 survivors (18432K)
 Metaspace       used 139270K, committed 141696K, reserved 1179648K
  class space    used 19262K, committed 20480K, reserved 1048576K
}

