# JRE version: OpenJDK Runtime Environment (21.0.7) (build 21.0.7+-13880790-b1038.58)
# Java VM: OpenJDK 64-Bit Server VM (21.0.7+-13880790-b1038.58, mixed mode, tiered, compressed oops, compressed class ptrs, g1 gc, windows-amd64)
GC Precious Log:
 CardTable entry size: 512
 Card Set container configuration: InlinePtr #cards 4 size 8 Array Of Cards #cards 16 size 48 Howl #buckets 8 coarsen threshold 3686 Howl Bitmap #cards 512 size 80 coarsen threshold 460 Card regions per heap region 1 cards per card region 4096
 CPUs: 12 total, 12 available
 Memory: 7520M
 Large Page Support: Disabled
 NUMA Support: Disabled
 Compressed Oops: Enabled (Zero based)
 Heap Region Size: 2M
 Heap Min Capacity: 8M
 Heap Initial Capacity: 118M
 Heap Max Capacity: 4G
 Pre-touch: Disabled
 Parallel Workers: 10
 Concurrent Workers: 3
 Concurrent Refinement Workers: 10
 Periodic GC: Disabled
Heap:
 garbage-first heap   total 225280K, used 140682K [0x0000000700000000, 0x0000000800000000)
  region size 2048K, 3 young (6144K), 3 survivors (6144K)
 Metaspace       used 125112K, committed 127296K, reserved 1179648K
  class space    used 17093K, committed 18176K, reserved 1048576K
GC Heap History (20 events):
Event: 9.632 GC heap after
{Heap after GC invocations=36 (full 0):
 garbage-first heap   total 165888K, used 99236K [0x0000000700000000, 0x0000000800000000)
  region size 2048K, 4 young (8192K), 4 survivors (8192K)
 Metaspace       used 97385K, committed 99328K, reserved 1179648K
  class space    used 13198K, committed 14144K, reserved 1048576K
}
Event: 9.969 GC heap before
{Heap before GC invocations=36 (full 0):
 garbage-first heap   total 165888K, used 146340K [0x0000000700000000, 0x0000000800000000)
  region size 2048K, 27 young (55296K), 4 survivors (8192K)
 Metaspace       used 100988K, committed 102976K, reserved 1179648K
  class space    used 13700K, committed 14656K, reserved 1048576K
}
Event: 9.974 GC heap after
{Heap after GC invocations=37 (full 0):
 garbage-first heap   total 165888K, used 100688K [0x0000000700000000, 0x0000000800000000)
  region size 2048K, 1 young (2048K), 1 survivors (2048K)
 Metaspace       used 100988K, committed 102976K, reserved 1179648K
  class space    used 13700K, committed 14656K, reserved 1048576K
}
Event: 10.387 GC heap before
{Heap before GC invocations=38 (full 0):
 garbage-first heap   total 172032K, used 149840K [0x0000000700000000, 0x0000000800000000)
  region size 2048K, 25 young (51200K), 1 survivors (2048K)
 Metaspace       used 104888K, committed 107008K, reserved 1179648K
  class space    used 14407K, committed 15488K, reserved 1048576K
}
Event: 10.391 GC heap after
{Heap after GC invocations=39 (full 0):
 garbage-first heap   total 172032K, used 102181K [0x0000000700000000, 0x0000000800000000)
  region size 2048K, 2 young (4096K), 2 survivors (4096K)
 Metaspace       used 104888K, committed 107008K, reserved 1179648K
  class space    used 14407K, committed 15488K, reserved 1048576K
}
Event: 10.828 GC heap before
{Heap before GC invocations=39 (full 0):
 garbage-first heap   total 172032K, used 155429K [0x0000000700000000, 0x0000000800000000)
  region size 2048K, 28 young (57344K), 2 survivors (4096K)
 Metaspace       used 108982K, committed 111168K, reserved 1179648K
  class space    used 15019K, committed 16128K, reserved 1048576K
}
Event: 10.833 GC heap after
{Heap after GC invocations=40 (full 0):
 garbage-first heap   total 172032K, used 103651K [0x0000000700000000, 0x0000000800000000)
  region size 2048K, 3 young (6144K), 3 survivors (6144K)
 Metaspace       used 108982K, committed 111168K, reserved 1179648K
  class space    used 15019K, committed 16128K, reserved 1048576K
}
Event: 11.267 GC heap before
{Heap before GC invocations=40 (full 0):
 garbage-first heap   total 172032K, used 154851K [0x0000000700000000, 0x0000000800000000)
  region size 2048K, 28 young (57344K), 3 survivors (6144K)
 Metaspace       used 112798K, committed 115008K, reserved 1179648K
  class space    used 15610K, committed 16704K, reserved 1048576K
}
Event: 11.273 GC heap after
{Heap after GC invocations=41 (full 0):
 garbage-first heap   total 206848K, used 106355K [0x0000000700000000, 0x0000000800000000)
  region size 2048K, 3 young (6144K), 3 survivors (6144K)
 Metaspace       used 112798K, committed 115008K, reserved 1179648K
  class space    used 15610K, committed 16704K, reserved 1048576K
}
Event: 11.915 GC heap before
{Heap before GC invocations=42 (full 0):
 garbage-first heap   total 206848K, used 186227K [0x0000000700000000, 0x0000000800000000)
  region size 2048K, 42 young (86016K), 3 survivors (6144K)
 Metaspace       used 116824K, committed 119104K, reserved 1179648K
  class space    used 16162K, committed 17280K, reserved 1048576K
}
Event: 11.924 GC heap after
{Heap after GC invocations=43 (full 0):
 garbage-first heap   total 206848K, used 113715K [0x0000000700000000, 0x0000000800000000)
  region size 2048K, 6 young (12288K), 6 survivors (12288K)
 Metaspace       used 116824K, committed 119104K, reserved 1179648K
  class space    used 16162K, committed 17280K, reserved 1048576K
}
Event: 12.545 GC heap before
{Heap before GC invocations=43 (full 0):
 garbage-first heap   total 206848K, used 179251K [0x0000000700000000, 0x0000000800000000)
  region size 2048K, 39 young (79872K), 6 survivors (12288K)
 Metaspace       used 120923K, committed 123264K, reserved 1179648K
  class space    used 16573K, committed 17728K, reserved 1048576K
}
Event: 12.557 GC heap after
{Heap after GC invocations=44 (full 0):
 garbage-first heap   total 208896K, used 123649K [0x0000000700000000, 0x0000000800000000)
  region size 2048K, 5 young (10240K), 5 survivors (10240K)
 Metaspace       used 120923K, committed 123264K, reserved 1179648K
  class space    used 16573K, committed 17728K, reserved 1048576K
}
Event: 12.814 GC heap before
{Heap before GC invocations=44 (full 0):
 garbage-first heap   total 208896K, used 185089K [0x0000000700000000, 0x0000000800000000)
  region size 2048K, 35 young (71680K), 5 survivors (10240K)
 Metaspace       used 121603K, committed 123840K, reserved 1179648K
  class space    used 16621K, committed 17728K, reserved 1048576K
}
Event: 12.822 GC heap after
{Heap after GC invocations=45 (full 0):
 garbage-first heap   total 208896K, used 132245K [0x0000000700000000, 0x0000000800000000)
  region size 2048K, 5 young (10240K), 5 survivors (10240K)
 Metaspace       used 121603K, committed 123840K, reserved 1179648K
  class space    used 16621K, committed 17728K, reserved 1048576K
}
Event: 13.061 GC heap before
{Heap before GC invocations=46 (full 0):
 garbage-first heap   total 225280K, used 181397K [0x0000000700000000, 0x0000000800000000)
  region size 2048K, 30 young (61440K), 5 survivors (10240K)
 Metaspace       used 122151K, committed 124416K, reserved 1179648K
  class space    used 16725K, committed 17856K, reserved 1048576K
}
Event: 13.067 GC heap after
{Heap after GC invocations=47 (full 0):
 garbage-first heap   total 225280K, used 135247K [0x0000000700000000, 0x0000000800000000)
  region size 2048K, 3 young (6144K), 3 survivors (6144K)
 Metaspace       used 122151K, committed 124416K, reserved 1179648K
  class space    used 16725K, committed 17856K, reserved 1048576K
}
Event: 13.691 GC heap before
{Heap before GC invocations=47 (full 0):
 garbage-first heap   total 225280K, used 200783K [0x0000000700000000, 0x0000000800000000)
  region size 2048K, 36 young (73728K), 3 survivors (6144K)
 Metaspace       used 125032K, committed 127232K, reserved 1179648K
  class space    used 17082K, committed 18176K, reserved 1048576K
}
Event: 13.698 GC heap after
{Heap after GC invocations=48 (full 0):
 garbage-first heap   total 225280K, used 137871K [0x0000000700000000, 0x0000000800000000)
  region size 2048K, 5 young (10240K), 5 survivors (10240K)
 Metaspace       used 125032K, committed 127232K, reserved 1179648K
  class space    used 17082K, committed 18176K, reserved 1048576K
}
Event: 13.829 GC heap before
{Heap before GC invocations=48 (full 0):
 garbage-first heap   total 225280K, used 199311K [0x0000000700000000, 0x0000000800000000)
  region size 2048K, 36 young (73728K), 5 survivors (10240K)
 Metaspace       used 125112K, committed 127296K, reserved 1179648K
  class space    used 17093K, committed 18176K, reserved 1048576K
}

