# JRE version: OpenJDK Runtime Environment (21.0.7) (build 21.0.7+-13880790-b1038.58)
# Java VM: OpenJDK 64-Bit Server VM (21.0.7+-13880790-b1038.58, mixed mode, tiered, compressed oops, compressed class ptrs, g1 gc, windows-amd64)
GC Precious Log:
 CardTable entry size: 512
 Card Set container configuration: InlinePtr #cards 4 size 8 Array Of Cards #cards 16 size 48 Howl #buckets 8 coarsen threshold 3686 Howl Bitmap #cards 512 size 80 coarsen threshold 460 Card regions per heap region 1 cards per card region 4096
 CPUs: 12 total, 12 available
 Memory: 7520M
 Large Page Support: Disabled
 NUMA Support: Disabled
 Compressed Oops: Enabled (Zero based)
 Heap Region Size: 2M
 Heap Min Capacity: 8M
 Heap Initial Capacity: 118M
 Heap Max Capacity: 4G
 Pre-touch: Disabled
 Parallel Workers: 10
 Concurrent Workers: 3
 Concurrent Refinement Workers: 10
 Periodic GC: Disabled
Heap:
 garbage-first heap   total 276480K, used 159901K [0x0000000700000000, 0x0000000800000000)
  region size 2048K, 9 young (18432K), 7 survivors (14336K)
 Metaspace       used 132129K, committed 134400K, reserved 1179648K
  class space    used 18176K, committed 19328K, reserved 1048576K
GC Heap History (20 events):
Event: 15.149 GC heap before
{Heap before GC invocations=41 (full 0):
 garbage-first heap   total 178176K, used 157093K [0x0000000700000000, 0x0000000800000000)
  region size 2048K, 27 young (55296K), 2 survivors (4096K)
 Metaspace       used 108961K, committed 111104K, reserved 1179648K
  class space    used 15026K, committed 16064K, reserved 1048576K
}
Event: 15.156 GC heap after
{Heap after GC invocations=42 (full 0):
 garbage-first heap   total 178176K, used 108493K [0x0000000700000000, 0x0000000800000000)
  region size 2048K, 3 young (6144K), 3 survivors (6144K)
 Metaspace       used 108961K, committed 111104K, reserved 1179648K
  class space    used 15026K, committed 16064K, reserved 1048576K
}
Event: 15.664 GC heap before
{Heap before GC invocations=42 (full 0):
 garbage-first heap   total 178176K, used 161741K [0x0000000700000000, 0x0000000800000000)
  region size 2048K, 29 young (59392K), 3 survivors (6144K)
 Metaspace       used 113092K, committed 115264K, reserved 1179648K
  class space    used 15667K, committed 16768K, reserved 1048576K
}
Event: 15.674 GC heap after
{Heap after GC invocations=43 (full 0):
 garbage-first heap   total 178176K, used 108200K [0x0000000700000000, 0x0000000800000000)
  region size 2048K, 3 young (6144K), 3 survivors (6144K)
 Metaspace       used 113092K, committed 115264K, reserved 1179648K
  class space    used 15667K, committed 16768K, reserved 1048576K
}
Event: 16.126 GC heap before
{Heap before GC invocations=43 (full 0):
 garbage-first heap   total 178176K, used 157352K [0x0000000700000000, 0x0000000800000000)
  region size 2048K, 28 young (57344K), 3 survivors (6144K)
 Metaspace       used 116687K, committed 118912K, reserved 1179648K
  class space    used 16127K, committed 17216K, reserved 1048576K
}
Event: 16.135 GC heap after
{Heap after GC invocations=44 (full 0):
 garbage-first heap   total 215040K, used 112515K [0x0000000700000000, 0x0000000800000000)
  region size 2048K, 4 young (8192K), 4 survivors (8192K)
 Metaspace       used 116687K, committed 118912K, reserved 1179648K
  class space    used 16127K, committed 17216K, reserved 1048576K
}
Event: 16.747 GC heap before
{Heap before GC invocations=45 (full 0):
 garbage-first heap   total 215040K, used 190339K [0x0000000700000000, 0x0000000800000000)
  region size 2048K, 43 young (88064K), 4 survivors (8192K)
 Metaspace       used 119523K, committed 121664K, reserved 1179648K
  class space    used 16320K, committed 17344K, reserved 1048576K
}
Event: 16.758 GC heap after
{Heap after GC invocations=46 (full 0):
 garbage-first heap   total 215040K, used 123965K [0x0000000700000000, 0x0000000800000000)
  region size 2048K, 6 young (12288K), 6 survivors (12288K)
 Metaspace       used 119523K, committed 121664K, reserved 1179648K
  class space    used 16320K, committed 17344K, reserved 1048576K
}
Event: 17.277 GC heap before
{Heap before GC invocations=46 (full 0):
 garbage-first heap   total 215040K, used 189501K [0x0000000700000000, 0x0000000800000000)
  region size 2048K, 38 young (77824K), 6 survivors (12288K)
 Metaspace       used 121515K, committed 123776K, reserved 1179648K
  class space    used 16594K, committed 17728K, reserved 1048576K
}
Event: 17.291 GC heap after
{Heap after GC invocations=47 (full 0):
 garbage-first heap   total 217088K, used 132977K [0x0000000700000000, 0x0000000800000000)
  region size 2048K, 5 young (10240K), 5 survivors (10240K)
 Metaspace       used 121515K, committed 123776K, reserved 1179648K
  class space    used 16594K, committed 17728K, reserved 1048576K
}
Event: 17.604 GC heap before
{Heap before GC invocations=47 (full 0):
 garbage-first heap   total 217088K, used 192369K [0x0000000700000000, 0x0000000800000000)
  region size 2048K, 34 young (69632K), 5 survivors (10240K)
 Metaspace       used 122057K, committed 124288K, reserved 1179648K
  class space    used 16695K, committed 17792K, reserved 1048576K
}
Event: 17.609 GC heap after
{Heap after GC invocations=48 (full 0):
 garbage-first heap   total 217088K, used 136583K [0x0000000700000000, 0x0000000800000000)
  region size 2048K, 3 young (6144K), 3 survivors (6144K)
 Metaspace       used 122057K, committed 124288K, reserved 1179648K
  class space    used 16695K, committed 17792K, reserved 1048576K
}
Event: 17.845 GC heap before
{Heap before GC invocations=49 (full 0):
 garbage-first heap   total 229376K, used 193927K [0x0000000700000000, 0x0000000800000000)
  region size 2048K, 32 young (65536K), 3 survivors (6144K)
 Metaspace       used 122306K, committed 124608K, reserved 1179648K
  class space    used 16720K, committed 17856K, reserved 1048576K
}
Event: 17.851 GC heap after
{Heap after GC invocations=50 (full 0):
 garbage-first heap   total 229376K, used 138824K [0x0000000700000000, 0x0000000800000000)
  region size 2048K, 3 young (6144K), 3 survivors (6144K)
 Metaspace       used 122306K, committed 124608K, reserved 1179648K
  class space    used 16720K, committed 17856K, reserved 1048576K
}
Event: 18.398 GC heap before
{Heap before GC invocations=50 (full 0):
 garbage-first heap   total 229376K, used 204360K [0x0000000700000000, 0x0000000800000000)
  region size 2048K, 36 young (73728K), 3 survivors (6144K)
 Metaspace       used 124702K, committed 126976K, reserved 1179648K
  class space    used 17029K, committed 18176K, reserved 1048576K
}
Event: 18.407 GC heap after
{Heap after GC invocations=51 (full 0):
 garbage-first heap   total 229376K, used 139237K [0x0000000700000000, 0x0000000800000000)
  region size 2048K, 5 young (10240K), 5 survivors (10240K)
 Metaspace       used 124702K, committed 126976K, reserved 1179648K
  class space    used 17029K, committed 18176K, reserved 1048576K
}
Event: 18.621 GC heap before
{Heap before GC invocations=51 (full 0):
 garbage-first heap   total 229376K, used 200677K [0x0000000700000000, 0x0000000800000000)
  region size 2048K, 36 young (73728K), 5 survivors (10240K)
 Metaspace       used 126454K, committed 128704K, reserved 1179648K
  class space    used 17276K, committed 18368K, reserved 1048576K
}
Event: 18.628 GC heap after
{Heap after GC invocations=52 (full 0):
 garbage-first heap   total 276480K, used 142401K [0x0000000700000000, 0x0000000800000000)
  region size 2048K, 3 young (6144K), 3 survivors (6144K)
 Metaspace       used 126454K, committed 128704K, reserved 1179648K
  class space    used 17276K, committed 18368K, reserved 1048576K
}
Event: 31.251 GC heap before
{Heap before GC invocations=53 (full 0):
 garbage-first heap   total 276480K, used 242753K [0x0000000700000000, 0x0000000800000000)
  region size 2048K, 52 young (106496K), 3 survivors (6144K)
 Metaspace       used 127721K, committed 130048K, reserved 1179648K
  class space    used 17463K, committed 18624K, reserved 1048576K
}
Event: 31.260 GC heap after
{Heap after GC invocations=54 (full 0):
 garbage-first heap   total 276480K, used 148247K [0x0000000700000000, 0x0000000800000000)
  region size 2048K, 5 young (10240K), 5 survivors (10240K)
 Metaspace       used 127721K, committed 130048K, reserved 1179648K
  class space    used 17463K, committed 18624K, reserved 1048576K
}

