# JRE version: OpenJDK Runtime Environment (21.0.7) (build 21.0.7+-13880790-b1038.58)
# Java VM: OpenJDK 64-Bit Server VM (21.0.7+-13880790-b1038.58, mixed mode, tiered, compressed oops, compressed class ptrs, g1 gc, windows-amd64)
GC Precious Log:
 CardTable entry size: 512
 Card Set container configuration: InlinePtr #cards 4 size 8 Array Of Cards #cards 16 size 48 Howl #buckets 8 coarsen threshold 3686 Howl Bitmap #cards 512 size 80 coarsen threshold 460 Card regions per heap region 1 cards per card region 4096
 CPUs: 12 total, 12 available
 Memory: 7520M
 Large Page Support: Disabled
 NUMA Support: Disabled
 Compressed Oops: Enabled (Zero based)
 Heap Region Size: 2M
 Heap Min Capacity: 8M
 Heap Initial Capacity: 118M
 Heap Max Capacity: 4G
 Pre-touch: Disabled
 Parallel Workers: 10
 Concurrent Workers: 3
 Concurrent Refinement Workers: 10
 Periodic GC: Disabled
Heap:
 garbage-first heap   total 669696K, used 376108K [0x0000000700000000, 0x0000000800000000)
  region size 2048K, 13 young (26624K), 13 survivors (26624K)
 Metaspace       used 151976K, committed 154240K, reserved 1245184K
  class space    used 21425K, committed 22528K, reserved 1048576K
GC Heap History (20 events):
Event: 21.986 GC heap after
{Heap after GC invocations=64 (full 0):
 garbage-first heap   total 405504K, used 207869K [0x0000000700000000, 0x0000000800000000)
  region size 2048K, 6 young (12288K), 6 survivors (12288K)
 Metaspace       used 138699K, committed 140992K, reserved 1179648K
  class space    used 19447K, committed 20608K, reserved 1048576K
}
Event: 22.518 GC heap before
{Heap before GC invocations=64 (full 0):
 garbage-first heap   total 405504K, used 345085K [0x0000000700000000, 0x0000000800000000)
  region size 2048K, 74 young (151552K), 6 survivors (12288K)
 Metaspace       used 142315K, committed 144576K, reserved 1179648K
  class space    used 20073K, committed 21184K, reserved 1048576K
}
Event: 22.552 GC heap after
{Heap after GC invocations=65 (full 0):
 garbage-first heap   total 405504K, used 230876K [0x0000000700000000, 0x0000000800000000)
  region size 2048K, 10 young (20480K), 10 survivors (20480K)
 Metaspace       used 142315K, committed 144576K, reserved 1179648K
  class space    used 20073K, committed 21184K, reserved 1048576K
}
Event: 22.994 GC heap before
{Heap before GC invocations=65 (full 0):
 garbage-first heap   total 405504K, used 353756K [0x0000000700000000, 0x0000000800000000)
  region size 2048K, 70 young (143360K), 10 survivors (20480K)
 Metaspace       used 144404K, committed 146752K, reserved 1179648K
  class space    used 20486K, committed 21632K, reserved 1048576K
}
Event: 23.019 GC heap after
{Heap after GC invocations=66 (full 0):
 garbage-first heap   total 405504K, used 248569K [0x0000000700000000, 0x0000000800000000)
  region size 2048K, 8 young (16384K), 8 survivors (16384K)
 Metaspace       used 144404K, committed 146752K, reserved 1179648K
  class space    used 20486K, committed 21632K, reserved 1048576K
}
Event: 23.244 GC heap before
{Heap before GC invocations=66 (full 0):
 garbage-first heap   total 405504K, used 361209K [0x0000000700000000, 0x0000000800000000)
  region size 2048K, 63 young (129024K), 8 survivors (16384K)
 Metaspace       used 145392K, committed 147712K, reserved 1179648K
  class space    used 20618K, committed 21760K, reserved 1048576K
}
Event: 23.262 GC heap after
{Heap after GC invocations=67 (full 0):
 garbage-first heap   total 405504K, used 256826K [0x0000000700000000, 0x0000000800000000)
  region size 2048K, 5 young (10240K), 5 survivors (10240K)
 Metaspace       used 145392K, committed 147712K, reserved 1179648K
  class space    used 20618K, committed 21760K, reserved 1048576K
}
Event: 23.525 GC heap before
{Heap before GC invocations=67 (full 0):
 garbage-first heap   total 405504K, used 363322K [0x0000000700000000, 0x0000000800000000)
  region size 2048K, 58 young (118784K), 5 survivors (10240K)
 Metaspace       used 146201K, committed 148480K, reserved 1179648K
  class space    used 20724K, committed 21888K, reserved 1048576K
}
Event: 23.572 GC heap after
{Heap after GC invocations=68 (full 0):
 garbage-first heap   total 669696K, used 263727K [0x0000000700000000, 0x0000000800000000)
  region size 2048K, 4 young (8192K), 4 survivors (8192K)
 Metaspace       used 146201K, committed 148480K, reserved 1179648K
  class space    used 20724K, committed 21888K, reserved 1048576K
}
Event: 24.590 GC heap before
{Heap before GC invocations=69 (full 0):
 garbage-first heap   total 669696K, used 550447K [0x0000000700000000, 0x0000000800000000)
  region size 2048K, 145 young (296960K), 4 survivors (8192K)
 Metaspace       used 147332K, committed 149568K, reserved 1179648K
  class space    used 20788K, committed 21888K, reserved 1048576K
}
Event: 24.611 GC heap after
{Heap after GC invocations=70 (full 0):
 garbage-first heap   total 669696K, used 274664K [0x0000000700000000, 0x0000000800000000)
  region size 2048K, 9 young (18432K), 9 survivors (18432K)
 Metaspace       used 147332K, committed 149568K, reserved 1179648K
  class space    used 20788K, committed 21888K, reserved 1048576K
}
Event: 25.480 GC heap before
{Heap before GC invocations=70 (full 0):
 garbage-first heap   total 669696K, used 598248K [0x0000000700000000, 0x0000000800000000)
  region size 2048K, 167 young (342016K), 9 survivors (18432K)
 Metaspace       used 148557K, committed 150848K, reserved 1179648K
  class space    used 20950K, committed 22080K, reserved 1048576K
}
Event: 25.496 GC heap after
{Heap after GC invocations=71 (full 0):
 garbage-first heap   total 669696K, used 276885K [0x0000000700000000, 0x0000000800000000)
  region size 2048K, 11 young (22528K), 11 survivors (22528K)
 Metaspace       used 148557K, committed 150848K, reserved 1179648K
  class space    used 20950K, committed 22080K, reserved 1048576K
}
Event: 25.926 GC heap before
{Heap before GC invocations=71 (full 0):
 garbage-first heap   total 669696K, used 608661K [0x0000000700000000, 0x0000000800000000)
  region size 2048K, 174 young (356352K), 11 survivors (22528K)
 Metaspace       used 151381K, committed 153664K, reserved 1245184K
  class space    used 21418K, committed 22528K, reserved 1048576K
}
Event: 25.954 GC heap after
{Heap after GC invocations=72 (full 0):
 garbage-first heap   total 669696K, used 284615K [0x0000000700000000, 0x0000000800000000)
  region size 2048K, 15 young (30720K), 15 survivors (30720K)
 Metaspace       used 151381K, committed 153664K, reserved 1245184K
  class space    used 21418K, committed 22528K, reserved 1048576K
}
Event: 27.240 GC heap before
{Heap before GC invocations=72 (full 0):
 garbage-first heap   total 669696K, used 602055K [0x0000000700000000, 0x0000000800000000)
  region size 2048K, 171 young (350208K), 15 survivors (30720K)
 Metaspace       used 151753K, committed 153984K, reserved 1245184K
  class space    used 21422K, committed 22528K, reserved 1048576K
}
Event: 27.543 GC heap after
{Heap after GC invocations=73 (full 0):
 garbage-first heap   total 669696K, used 317250K [0x0000000700000000, 0x0000000800000000)
  region size 2048K, 22 young (45056K), 22 survivors (45056K)
 Metaspace       used 151753K, committed 153984K, reserved 1245184K
  class space    used 21422K, committed 22528K, reserved 1048576K
}
Event: 31.620 GC heap before
{Heap before GC invocations=73 (full 0):
 garbage-first heap   total 669696K, used 587586K [0x0000000700000000, 0x0000000800000000)
  region size 2048K, 155 young (317440K), 22 survivors (45056K)
 Metaspace       used 151941K, committed 154240K, reserved 1245184K
  class space    used 21424K, committed 22528K, reserved 1048576K
}
Event: 32.008 GC heap after
{Heap after GC invocations=74 (full 0):
 garbage-first heap   total 669696K, used 351983K [0x0000000700000000, 0x0000000800000000)
  region size 2048K, 17 young (34816K), 17 survivors (34816K)
 Metaspace       used 151941K, committed 154240K, reserved 1245184K
  class space    used 21424K, committed 22528K, reserved 1048576K
}
Event: 38.046 GC heap before
{Heap before GC invocations=74 (full 0):
 garbage-first heap   total 669696K, used 526063K [0x0000000700000000, 0x0000000800000000)
  region size 2048K, 104 young (212992K), 17 survivors (34816K)
 Metaspace       used 151976K, committed 154240K, reserved 1245184K
  class space    used 21425K, committed 22528K, reserved 1048576K
}

