# JRE version: OpenJDK Runtime Environment (21.0.7) (build 21.0.7+-13880790-b1038.58)
# Java VM: OpenJDK 64-Bit Server VM (21.0.7+-13880790-b1038.58, mixed mode, tiered, compressed oops, compressed class ptrs, g1 gc, windows-amd64)
GC Precious Log:
 CardTable entry size: 512
 Card Set container configuration: InlinePtr #cards 4 size 8 Array Of Cards #cards 16 size 48 Howl #buckets 8 coarsen threshold 3686 Howl Bitmap #cards 512 size 80 coarsen threshold 460 Card regions per heap region 1 cards per card region 4096
 CPUs: 12 total, 12 available
 Memory: 7520M
 Large Page Support: Disabled
 NUMA Support: Disabled
 Compressed Oops: Enabled (Zero based)
 Heap Region Size: 2M
 Heap Min Capacity: 8M
 Heap Initial Capacity: 118M
 Heap Max Capacity: 4G
 Pre-touch: Disabled
 Parallel Workers: 10
 Concurrent Workers: 3
 Concurrent Refinement Workers: 10
 Periodic GC: Disabled
Heap:
 garbage-first heap   total 765952K, used 387509K [0x0000000700000000, 0x0000000800000000)
  region size 2048K, 38 young (77824K), 19 survivors (38912K)
 Metaspace       used 135870K, committed 138112K, reserved 1179648K
  class space    used 18806K, committed 19904K, reserved 1048576K
GC Heap History (20 events):
Event: 14.107 GC heap before
{Heap before GC invocations=51 (full 0):
 garbage-first heap   total 239616K, used 202376K [0x0000000700000000, 0x0000000800000000)
  region size 2048K, 35 young (71680K), 5 survivors (10240K)
 Metaspace       used 123766K, committed 126080K, reserved 1179648K
  class space    used 16932K, committed 18048K, reserved 1048576K
}
Event: 14.116 GC heap after
{Heap after GC invocations=52 (full 0):
 garbage-first heap   total 239616K, used 144024K [0x0000000700000000, 0x0000000800000000)
  region size 2048K, 3 young (6144K), 3 survivors (6144K)
 Metaspace       used 123766K, committed 126080K, reserved 1179648K
  class space    used 16932K, committed 18048K, reserved 1048576K
}
Event: 14.323 GC heap before
{Heap before GC invocations=52 (full 0):
 garbage-first heap   total 239616K, used 225944K [0x0000000700000000, 0x0000000800000000)
  region size 2048K, 38 young (77824K), 3 survivors (6144K)
 Metaspace       used 124188K, committed 126464K, reserved 1179648K
  class space    used 17004K, committed 18112K, reserved 1048576K
}
Event: 14.331 GC heap after
{Heap after GC invocations=53 (full 0):
 garbage-first heap   total 241664K, used 149483K [0x0000000700000000, 0x0000000800000000)
  region size 2048K, 5 young (10240K), 5 survivors (10240K)
 Metaspace       used 124188K, committed 126464K, reserved 1179648K
  class space    used 17004K, committed 18112K, reserved 1048576K
}
Event: 14.427 GC heap before
{Heap before GC invocations=53 (full 0):
 garbage-first heap   total 241664K, used 215019K [0x0000000700000000, 0x0000000800000000)
  region size 2048K, 38 young (77824K), 5 survivors (10240K)
 Metaspace       used 124677K, committed 126912K, reserved 1179648K
  class space    used 17074K, committed 18176K, reserved 1048576K
}
Event: 14.435 GC heap after
{Heap after GC invocations=54 (full 0):
 garbage-first heap   total 354304K, used 166546K [0x0000000700000000, 0x0000000800000000)
  region size 2048K, 5 young (10240K), 5 survivors (10240K)
 Metaspace       used 124677K, committed 126912K, reserved 1179648K
  class space    used 17074K, committed 18176K, reserved 1048576K
}
Event: 14.880 GC heap before
{Heap before GC invocations=55 (full 0):
 garbage-first heap   total 354304K, used 303762K [0x0000000700000000, 0x0000000800000000)
  region size 2048K, 73 young (149504K), 5 survivors (10240K)
 Metaspace       used 128634K, committed 130880K, reserved 1179648K
  class space    used 17692K, committed 18752K, reserved 1048576K
}
Event: 14.889 GC heap after
{Heap after GC invocations=56 (full 0):
 garbage-first heap   total 354304K, used 190940K [0x0000000700000000, 0x0000000800000000)
  region size 2048K, 10 young (20480K), 10 survivors (20480K)
 Metaspace       used 128634K, committed 130880K, reserved 1179648K
  class space    used 17692K, committed 18752K, reserved 1048576K
}
Event: 15.107 GC heap before
{Heap before GC invocations=56 (full 0):
 garbage-first heap   total 354304K, used 289244K [0x0000000700000000, 0x0000000800000000)
  region size 2048K, 59 young (120832K), 10 survivors (20480K)
 Metaspace       used 129599K, committed 131840K, reserved 1179648K
  class space    used 17795K, committed 18880K, reserved 1048576K
}
Event: 15.126 GC heap after
{Heap after GC invocations=57 (full 0):
 garbage-first heap   total 354304K, used 209839K [0x0000000700000000, 0x0000000800000000)
  region size 2048K, 8 young (16384K), 8 survivors (16384K)
 Metaspace       used 129599K, committed 131840K, reserved 1179648K
  class space    used 17795K, committed 18880K, reserved 1048576K
}
Event: 15.232 GC heap before
{Heap before GC invocations=57 (full 0):
 garbage-first heap   total 354304K, used 299951K [0x0000000700000000, 0x0000000800000000)
  region size 2048K, 53 young (108544K), 8 survivors (16384K)
 Metaspace       used 130799K, committed 133056K, reserved 1179648K
  class space    used 17993K, committed 19072K, reserved 1048576K
}
Event: 15.251 GC heap after
{Heap after GC invocations=58 (full 0):
 garbage-first heap   total 354304K, used 229376K [0x0000000700000000, 0x0000000800000000)
  region size 2048K, 7 young (14336K), 7 survivors (14336K)
 Metaspace       used 130799K, committed 133056K, reserved 1179648K
  class space    used 17993K, committed 19072K, reserved 1048576K
}
Event: 15.400 GC heap before
{Heap before GC invocations=58 (full 0):
 garbage-first heap   total 382976K, used 311296K [0x0000000700000000, 0x0000000800000000)
  region size 2048K, 47 young (96256K), 7 survivors (14336K)
 Metaspace       used 132038K, committed 134272K, reserved 1179648K
  class space    used 18194K, committed 19264K, reserved 1048576K
}
Event: 15.420 GC heap after
{Heap after GC invocations=59 (full 0):
 garbage-first heap   total 382976K, used 246158K [0x0000000700000000, 0x0000000800000000)
  region size 2048K, 6 young (12288K), 6 survivors (12288K)
 Metaspace       used 132038K, committed 134272K, reserved 1179648K
  class space    used 18194K, committed 19264K, reserved 1048576K
}
Event: 15.521 GC heap before
{Heap before GC invocations=60 (full 0):
 garbage-first heap   total 382976K, used 332174K [0x0000000700000000, 0x0000000800000000)
  region size 2048K, 49 young (100352K), 6 survivors (12288K)
 Metaspace       used 132141K, committed 134400K, reserved 1179648K
  class space    used 18205K, committed 19264K, reserved 1048576K
}
Event: 15.540 GC heap after
{Heap after GC invocations=61 (full 0):
 garbage-first heap   total 382976K, used 267981K [0x0000000700000000, 0x0000000800000000)
  region size 2048K, 7 young (14336K), 7 survivors (14336K)
 Metaspace       used 132141K, committed 134400K, reserved 1179648K
  class space    used 18205K, committed 19264K, reserved 1048576K
}
Event: 15.603 GC heap before
{Heap before GC invocations=61 (full 0):
 garbage-first heap   total 382976K, used 341709K [0x0000000700000000, 0x0000000800000000)
  region size 2048K, 44 young (90112K), 7 survivors (14336K)
 Metaspace       used 133009K, committed 135232K, reserved 1179648K
  class space    used 18316K, committed 19392K, reserved 1048576K
}
Event: 15.622 GC heap after
{Heap after GC invocations=62 (full 0):
 garbage-first heap   total 765952K, used 283680K [0x0000000700000000, 0x0000000800000000)
  region size 2048K, 6 young (12288K), 6 survivors (12288K)
 Metaspace       used 133009K, committed 135232K, reserved 1179648K
  class space    used 18316K, committed 19392K, reserved 1048576K
}
Event: 15.955 GC heap before
{Heap before GC invocations=62 (full 0):
 garbage-first heap   total 765952K, used 580640K [0x0000000700000000, 0x0000000800000000)
  region size 2048K, 152 young (311296K), 6 survivors (12288K)
 Metaspace       used 135727K, committed 137984K, reserved 1179648K
  class space    used 18780K, committed 19840K, reserved 1048576K
}
Event: 16.139 GC heap after
{Heap after GC invocations=63 (full 0):
 garbage-first heap   total 765952K, used 350645K [0x0000000700000000, 0x0000000800000000)
  region size 2048K, 19 young (38912K), 19 survivors (38912K)
 Metaspace       used 135727K, committed 137984K, reserved 1179648K
  class space    used 18780K, committed 19840K, reserved 1048576K
}

