# JRE version: OpenJDK Runtime Environment (21.0.7) (build 21.0.7+-13880790-b1038.58)
# Java VM: OpenJDK 64-Bit Server VM (21.0.7+-13880790-b1038.58, mixed mode, tiered, compressed oops, compressed class ptrs, g1 gc, windows-amd64)
GC Precious Log:
 CardTable entry size: 512
 Card Set container configuration: InlinePtr #cards 4 size 8 Array Of Cards #cards 16 size 48 Howl #buckets 8 coarsen threshold 3686 Howl Bitmap #cards 512 size 80 coarsen threshold 460 Card regions per heap region 1 cards per card region 4096
 CPUs: 12 total, 12 available
 Memory: 7520M
 Large Page Support: Disabled
 NUMA Support: Disabled
 Compressed Oops: Enabled (Zero based)
 Heap Region Size: 2M
 Heap Min Capacity: 8M
 Heap Initial Capacity: 118M
 Heap Max Capacity: 4G
 Pre-touch: Disabled
 Parallel Workers: 10
 Concurrent Workers: 3
 Concurrent Refinement Workers: 10
 Periodic GC: Disabled
Heap:
 garbage-first heap   total 346112K, used 221495K [0x00000004d5400000, 0x00000005d5400000)
  region size 2048K, 6 young (12288K), 6 survivors (12288K)
 Metaspace       used 130087K, committed 132352K, reserved 1179648K
  class space    used 17869K, committed 19008K, reserved 1048576K
GC Heap History (20 events):
Event: 11.860 GC heap after
{Heap after GC invocations=41 (full 0):
 garbage-first heap   total 215040K, used 119730K [0x00000004d5400000, 0x00000005d5400000)
  region size 2048K, 6 young (12288K), 6 survivors (12288K)
 Metaspace       used 117658K, committed 119872K, reserved 1179648K
  class space    used 16206K, committed 17280K, reserved 1048576K
}
Event: 12.581 GC heap before
{Heap before GC invocations=42 (full 0):
 garbage-first heap   total 215040K, used 187314K [0x00000004d5400000, 0x00000005d5400000)
  region size 2048K, 40 young (81920K), 6 survivors (12288K)
 Metaspace       used 121601K, committed 123840K, reserved 1179648K
  class space    used 16617K, committed 17728K, reserved 1048576K
}
Event: 12.597 GC heap after
{Heap after GC invocations=43 (full 0):
 garbage-first heap   total 215040K, used 131569K [0x00000004d5400000, 0x00000005d5400000)
  region size 2048K, 5 young (10240K), 5 survivors (10240K)
 Metaspace       used 121601K, committed 123840K, reserved 1179648K
  class space    used 16617K, committed 17728K, reserved 1048576K
}
Event: 12.743 GC heap before
{Heap before GC invocations=43 (full 0):
 garbage-first heap   total 215040K, used 190961K [0x00000004d5400000, 0x00000005d5400000)
  region size 2048K, 34 young (69632K), 5 survivors (10240K)
 Metaspace       used 121654K, committed 123904K, reserved 1179648K
  class space    used 16623K, committed 17728K, reserved 1048576K
}
Event: 12.751 GC heap after
{Heap after GC invocations=44 (full 0):
 garbage-first heap   total 215040K, used 134955K [0x00000004d5400000, 0x00000005d5400000)
  region size 2048K, 3 young (6144K), 3 survivors (6144K)
 Metaspace       used 121654K, committed 123904K, reserved 1179648K
  class space    used 16623K, committed 17728K, reserved 1048576K
}
Event: 13.022 GC heap before
{Heap before GC invocations=44 (full 0):
 garbage-first heap   total 215040K, used 192299K [0x00000004d5400000, 0x00000005d5400000)
  region size 2048K, 32 young (65536K), 3 survivors (6144K)
 Metaspace       used 122211K, committed 124480K, reserved 1179648K
  class space    used 16724K, committed 17856K, reserved 1048576K
}
Event: 13.027 GC heap after
{Heap after GC invocations=45 (full 0):
 garbage-first heap   total 215040K, used 136818K [0x00000004d5400000, 0x00000005d5400000)
  region size 2048K, 4 young (8192K), 4 survivors (8192K)
 Metaspace       used 122211K, committed 124480K, reserved 1179648K
  class space    used 16724K, committed 17856K, reserved 1048576K
}
Event: 13.362 GC heap before
{Heap before GC invocations=46 (full 0):
 garbage-first heap   total 233472K, used 188018K [0x00000004d5400000, 0x00000005d5400000)
  region size 2048K, 30 young (61440K), 4 survivors (8192K)
 Metaspace       used 123649K, committed 125952K, reserved 1179648K
  class space    used 16914K, committed 18048K, reserved 1048576K
}
Event: 13.369 GC heap after
{Heap after GC invocations=47 (full 0):
 garbage-first heap   total 233472K, used 140721K [0x00000004d5400000, 0x00000005d5400000)
  region size 2048K, 4 young (8192K), 4 survivors (8192K)
 Metaspace       used 123649K, committed 125952K, reserved 1179648K
  class space    used 16914K, committed 18048K, reserved 1048576K
}
Event: 13.542 GC heap before
{Heap before GC invocations=47 (full 0):
 garbage-first heap   total 233472K, used 206257K [0x00000004d5400000, 0x00000005d5400000)
  region size 2048K, 37 young (75776K), 4 survivors (8192K)
 Metaspace       used 123821K, committed 126144K, reserved 1179648K
  class space    used 16938K, committed 18112K, reserved 1048576K
}
Event: 13.549 GC heap after
{Heap after GC invocations=48 (full 0):
 garbage-first heap   total 305152K, used 141347K [0x00000004d5400000, 0x00000005d5400000)
  region size 2048K, 3 young (6144K), 3 survivors (6144K)
 Metaspace       used 123821K, committed 126144K, reserved 1179648K
  class space    used 16938K, committed 18112K, reserved 1048576K
}
Event: 13.581 GC heap before
{Heap before GC invocations=48 (full 0):
 garbage-first heap   total 305152K, used 155683K [0x00000004d5400000, 0x00000005d5400000)
  region size 2048K, 11 young (22528K), 3 survivors (6144K)
 Metaspace       used 123962K, committed 126272K, reserved 1179648K
  class space    used 16962K, committed 18112K, reserved 1048576K
}
Event: 13.585 GC heap after
{Heap after GC invocations=49 (full 0):
 garbage-first heap   total 305152K, used 141627K [0x00000004d5400000, 0x00000005d5400000)
  region size 2048K, 3 young (6144K), 3 survivors (6144K)
 Metaspace       used 123962K, committed 126272K, reserved 1179648K
  class space    used 16962K, committed 18112K, reserved 1048576K
}
Event: 13.820 GC heap before
{Heap before GC invocations=50 (full 0):
 garbage-first heap   total 305152K, used 278843K [0x00000004d5400000, 0x00000005d5400000)
  region size 2048K, 66 young (135168K), 3 survivors (6144K)
 Metaspace       used 124726K, committed 127040K, reserved 1179648K
  class space    used 17076K, committed 18240K, reserved 1048576K
}
Event: 13.830 GC heap after
{Heap after GC invocations=51 (full 0):
 garbage-first heap   total 317440K, used 173041K [0x00000004d5400000, 0x00000005d5400000)
  region size 2048K, 9 young (18432K), 9 survivors (18432K)
 Metaspace       used 124726K, committed 127040K, reserved 1179648K
  class space    used 17076K, committed 18240K, reserved 1048576K
}
Event: 14.151 GC heap before
{Heap before GC invocations=51 (full 0):
 garbage-first heap   total 317440K, used 265201K [0x00000004d5400000, 0x00000005d5400000)
  region size 2048K, 55 young (112640K), 9 survivors (18432K)
 Metaspace       used 127480K, committed 129728K, reserved 1179648K
  class space    used 17488K, committed 18624K, reserved 1048576K
}
Event: 14.162 GC heap after
{Heap after GC invocations=52 (full 0):
 garbage-first heap   total 317440K, used 188940K [0x00000004d5400000, 0x00000005d5400000)
  region size 2048K, 7 young (14336K), 7 survivors (14336K)
 Metaspace       used 127480K, committed 129728K, reserved 1179648K
  class space    used 17488K, committed 18624K, reserved 1048576K
}
Event: 14.417 GC heap before
{Heap before GC invocations=52 (full 0):
 garbage-first heap   total 317440K, used 274956K [0x00000004d5400000, 0x00000005d5400000)
  region size 2048K, 49 young (100352K), 7 survivors (14336K)
 Metaspace       used 129360K, committed 131584K, reserved 1179648K
  class space    used 17760K, committed 18880K, reserved 1048576K
}
Event: 14.432 GC heap after
{Heap after GC invocations=53 (full 0):
 garbage-first heap   total 317440K, used 206538K [0x00000004d5400000, 0x00000005d5400000)
  region size 2048K, 7 young (14336K), 7 survivors (14336K)
 Metaspace       used 129360K, committed 131584K, reserved 1179648K
  class space    used 17760K, committed 18880K, reserved 1048576K
}
Event: 14.637 GC heap before
{Heap before GC invocations=53 (full 0):
 garbage-first heap   total 346112K, used 280266K [0x00000004d5400000, 0x00000005d5400000)
  region size 2048K, 44 young (90112K), 7 survivors (14336K)
 Metaspace       used 130087K, committed 132352K, reserved 1179648K
  class space    used 17869K, committed 19008K, reserved 1048576K
}

