# JRE version: OpenJDK Runtime Environment (21.0.7) (build 21.0.7+-13880790-b1038.58)
# Java VM: OpenJDK 64-Bit Server VM (21.0.7+-13880790-b1038.58, mixed mode, tiered, compressed oops, compressed class ptrs, g1 gc, windows-amd64)
GC Precious Log:
 CardTable entry size: 512
 Card Set container configuration: InlinePtr #cards 4 size 8 Array Of Cards #cards 16 size 48 Howl #buckets 8 coarsen threshold 3686 Howl Bitmap #cards 512 size 80 coarsen threshold 460 Card regions per heap region 1 cards per card region 4096
 CPUs: 12 total, 12 available
 Memory: 7520M
 Large Page Support: Disabled
 NUMA Support: Disabled
 Compressed Oops: Enabled (Zero based)
 Heap Region Size: 2M
 Heap Min Capacity: 8M
 Heap Initial Capacity: 118M
 Heap Max Capacity: 4G
 Pre-touch: Disabled
 Parallel Workers: 10
 Concurrent Workers: 3
 Concurrent Refinement Workers: 10
 Periodic GC: Disabled
Heap:
 garbage-first heap   total 669696K, used 412762K [0x0000000700000000, 0x0000000800000000)
  region size 2048K, 106 young (217088K), 9 survivors (18432K)
 Metaspace       used 211320K, committed 213568K, reserved 1245184K
  class space    used 27958K, committed 28992K, reserved 1048576K
GC Heap History (20 events):
Event: 56.961 GC heap before
{Heap before GC invocations=64 (full 0):
 garbage-first heap   total 665600K, used 601647K [0x0000000700000000, 0x0000000800000000)
  region size 2048K, 166 young (339968K), 12 survivors (24576K)
 Metaspace       used 181135K, committed 183872K, reserved 1245184K
  class space    used 25074K, committed 26432K, reserved 1048576K
}
Event: 56.982 GC heap after
{Heap after GC invocations=65 (full 0):
 garbage-first heap   total 665600K, used 294135K [0x0000000700000000, 0x0000000800000000)
  region size 2048K, 16 young (32768K), 16 survivors (32768K)
 Metaspace       used 181135K, committed 183872K, reserved 1245184K
  class space    used 25074K, committed 26432K, reserved 1048576K
}
Event: 59.800 GC heap before
{Heap before GC invocations=66 (full 0):
 garbage-first heap   total 665600K, used 660727K [0x0000000700000000, 0x0000000800000000)
  region size 2048K, 113 young (231424K), 16 survivors (32768K)
 Metaspace       used 184252K, committed 187008K, reserved 1245184K
  class space    used 25456K, committed 26816K, reserved 1048576K
}
Event: 59.840 GC heap after
{Heap after GC invocations=67 (full 0):
 garbage-first heap   total 696320K, used 290030K [0x0000000700000000, 0x0000000800000000)
  region size 2048K, 10 young (20480K), 10 survivors (20480K)
 Metaspace       used 184252K, committed 187008K, reserved 1245184K
  class space    used 25456K, committed 26816K, reserved 1048576K
}
Event: 2634.314 GC heap before
{Heap before GC invocations=67 (full 0):
 garbage-first heap   total 696320K, used 642286K [0x0000000700000000, 0x0000000800000000)
  region size 2048K, 180 young (368640K), 10 survivors (20480K)
 Metaspace       used 193551K, committed 196352K, reserved 1245184K
  class space    used 26288K, committed 27712K, reserved 1048576K
}
Event: 2634.505 GC heap after
{Heap after GC invocations=68 (full 0):
 garbage-first heap   total 696320K, used 297488K [0x0000000700000000, 0x0000000800000000)
  region size 2048K, 19 young (38912K), 19 survivors (38912K)
 Metaspace       used 193551K, committed 196352K, reserved 1245184K
  class space    used 26288K, committed 27712K, reserved 1048576K
}
Event: 2634.574 GC heap before
{Heap before GC invocations=68 (full 0):
 garbage-first heap   total 696320K, used 303632K [0x0000000700000000, 0x0000000800000000)
  region size 2048K, 24 young (49152K), 19 survivors (38912K)
 Metaspace       used 193557K, committed 196352K, reserved 1245184K
  class space    used 26288K, committed 27712K, reserved 1048576K
}
Event: 2634.603 GC heap after
{Heap after GC invocations=69 (full 0):
 garbage-first heap   total 696320K, used 299493K [0x0000000700000000, 0x0000000800000000)
  region size 2048K, 11 young (22528K), 11 survivors (22528K)
 Metaspace       used 193557K, committed 196352K, reserved 1245184K
  class space    used 26288K, committed 27712K, reserved 1048576K
}
Event: 6235.202 GC heap before
{Heap before GC invocations=70 (full 0):
 garbage-first heap   total 696320K, used 590309K [0x0000000700000000, 0x0000000800000000)
  region size 2048K, 134 young (274432K), 11 survivors (22528K)
 Metaspace       used 193842K, committed 196672K, reserved 1245184K
  class space    used 26306K, committed 27712K, reserved 1048576K
}
Event: 6236.164 GC heap after
{Heap after GC invocations=71 (full 1):
 garbage-first heap   total 669696K, used 189857K [0x0000000700000000, 0x0000000800000000)
  region size 2048K, 0 young (0K), 0 survivors (0K)
 Metaspace       used 193842K, committed 196672K, reserved 1245184K
  class space    used 26306K, committed 27712K, reserved 1048576K
}
Event: 10525.620 GC heap before
{Heap before GC invocations=71 (full 1):
 garbage-first heap   total 669696K, used 589217K [0x0000000700000000, 0x0000000800000000)
  region size 2048K, 196 young (401408K), 0 survivors (0K)
 Metaspace       used 201851K, committed 204672K, reserved 1245184K
  class space    used 27424K, committed 28800K, reserved 1048576K
}
Event: 10525.708 GC heap after
{Heap after GC invocations=72 (full 1):
 garbage-first heap   total 669696K, used 203825K [0x0000000700000000, 0x0000000800000000)
  region size 2048K, 7 young (14336K), 7 survivors (14336K)
 Metaspace       used 201851K, committed 204672K, reserved 1245184K
  class space    used 27424K, committed 28800K, reserved 1048576K
}
Event: 10561.540 GC heap before
{Heap before GC invocations=73 (full 1):
 garbage-first heap   total 669696K, used 588849K [0x0000000700000000, 0x0000000800000000)
  region size 2048K, 196 young (401408K), 7 survivors (14336K)
 Metaspace       used 210606K, committed 212352K, reserved 1245184K
  class space    used 28019K, committed 28864K, reserved 1048576K
}
Event: 10561.595 GC heap after
{Heap after GC invocations=74 (full 1):
 garbage-first heap   total 669696K, used 236678K [0x0000000700000000, 0x0000000800000000)
  region size 2048K, 23 young (47104K), 23 survivors (47104K)
 Metaspace       used 210606K, committed 212352K, reserved 1245184K
  class space    used 28019K, committed 28864K, reserved 1048576K
}
Event: 14443.102 GC heap before
{Heap before GC invocations=74 (full 1):
 garbage-first heap   total 669696K, used 574598K [0x0000000700000000, 0x0000000800000000)
  region size 2048K, 189 young (387072K), 23 survivors (47104K)
 Metaspace       used 211106K, committed 212800K, reserved 1245184K
  class space    used 28044K, committed 28864K, reserved 1048576K
}
Event: 14443.340 GC heap after
{Heap after GC invocations=75 (full 1):
 garbage-first heap   total 669696K, used 229422K [0x0000000700000000, 0x0000000800000000)
  region size 2048K, 4 young (8192K), 4 survivors (8192K)
 Metaspace       used 211106K, committed 212800K, reserved 1245184K
  class space    used 28044K, committed 28864K, reserved 1048576K
}
Event: 14756.429 GC heap before
{Heap before GC invocations=75 (full 1):
 garbage-first heap   total 669696K, used 555054K [0x0000000700000000, 0x0000000800000000)
  region size 2048K, 165 young (337920K), 4 survivors (8192K)
 Metaspace       used 211713K, committed 213568K, reserved 1245184K
  class space    used 28112K, committed 28992K, reserved 1048576K
}
Event: 14757.742 GC heap after
{Heap after GC invocations=76 (full 2):
 garbage-first heap   total 669696K, used 198168K [0x0000000700000000, 0x0000000800000000)
  region size 2048K, 0 young (0K), 0 survivors (0K)
 Metaspace       used 210588K, committed 213504K, reserved 1245184K
  class space    used 27880K, committed 28992K, reserved 1048576K
}
Event: 14944.583 GC heap before
{Heap before GC invocations=76 (full 2):
 garbage-first heap   total 669696K, used 396824K [0x0000000700000000, 0x0000000800000000)
  region size 2048K, 99 young (202752K), 0 survivors (0K)
 Metaspace       used 211303K, committed 213568K, reserved 1245184K
  class space    used 27969K, committed 28992K, reserved 1048576K
}
Event: 14944.633 GC heap after
{Heap after GC invocations=77 (full 2):
 garbage-first heap   total 669696K, used 216154K [0x0000000700000000, 0x0000000800000000)
  region size 2048K, 9 young (18432K), 9 survivors (18432K)
 Metaspace       used 211303K, committed 213568K, reserved 1245184K
  class space    used 27969K, committed 28992K, reserved 1048576K
}

