# JRE version: OpenJDK Runtime Environment (21.0.7) (build 21.0.7+-13880790-b1038.58)
# Java VM: OpenJDK 64-Bit Server VM (21.0.7+-13880790-b1038.58, mixed mode, tiered, compressed oops, compressed class ptrs, g1 gc, windows-amd64)
GC Precious Log:
 CardTable entry size: 512
 Card Set container configuration: InlinePtr #cards 4 size 8 Array Of Cards #cards 16 size 48 Howl #buckets 8 coarsen threshold 3686 Howl Bitmap #cards 512 size 80 coarsen threshold 460 Card regions per heap region 1 cards per card region 4096
 CPUs: 12 total, 12 available
 Memory: 7520M
 Large Page Support: Disabled
 NUMA Support: Disabled
 Compressed Oops: Enabled (Zero based)
 Heap Region Size: 2M
 Heap Min Capacity: 8M
 Heap Initial Capacity: 118M
 Heap Max Capacity: 4G
 Pre-touch: Disabled
 Parallel Workers: 10
 Concurrent Workers: 3
 Concurrent Refinement Workers: 10
 Periodic GC: Disabled
Heap:
 garbage-first heap   total 430080K, used 182579K [0x0000000700000000, 0x0000000800000000)
  region size 2048K, 12 young (24576K), 12 survivors (24576K)
 Metaspace       used 169683K, committed 171648K, reserved 1245184K
  class space    used 22810K, committed 23744K, reserved 1048576K
GC Heap History (20 events):
Event: 10568.880 GC heap after
{Heap after GC invocations=69 (full 0):
 garbage-first heap   total 710656K, used 228380K [0x0000000700000000, 0x0000000800000000)
  region size 2048K, 12 young (24576K), 12 survivors (24576K)
 Metaspace       used 159497K, committed 161088K, reserved 1245184K
  class space    used 21386K, committed 22144K, reserved 1048576K
}
Event: 10569.468 GC heap before
{Heap before GC invocations=70 (full 0):
 garbage-first heap   total 710656K, used 625692K [0x0000000700000000, 0x0000000800000000)
  region size 2048K, 208 young (425984K), 12 survivors (24576K)
 Metaspace       used 159903K, committed 161472K, reserved 1245184K
  class space    used 21452K, committed 22208K, reserved 1048576K
}
Event: 10569.486 GC heap after
{Heap after GC invocations=71 (full 0):
 garbage-first heap   total 710656K, used 231621K [0x0000000700000000, 0x0000000800000000)
  region size 2048K, 15 young (30720K), 15 survivors (30720K)
 Metaspace       used 159903K, committed 161472K, reserved 1245184K
  class space    used 21452K, committed 22208K, reserved 1048576K
}
Event: 10570.391 GC heap before
{Heap before GC invocations=71 (full 0):
 garbage-first heap   total 710656K, used 626885K [0x0000000700000000, 0x0000000800000000)
  region size 2048K, 208 young (425984K), 15 survivors (30720K)
 Metaspace       used 165207K, committed 166784K, reserved 1245184K
  class space    used 22442K, committed 23168K, reserved 1048576K
}
Event: 10570.415 GC heap after
{Heap after GC invocations=72 (full 0):
 garbage-first heap   total 710656K, used 242556K [0x0000000700000000, 0x0000000800000000)
  region size 2048K, 20 young (40960K), 20 survivors (40960K)
 Metaspace       used 165207K, committed 166784K, reserved 1245184K
  class space    used 22442K, committed 23168K, reserved 1048576K
}
Event: 10571.788 GC heap before
{Heap before GC invocations=72 (full 0):
 garbage-first heap   total 710656K, used 625532K [0x0000000700000000, 0x0000000800000000)
  region size 2048K, 208 young (425984K), 20 survivors (40960K)
 Metaspace       used 167053K, committed 168704K, reserved 1245184K
  class space    used 22634K, committed 23424K, reserved 1048576K
}
Event: 10571.802 GC heap after
{Heap after GC invocations=73 (full 0):
 garbage-first heap   total 710656K, used 226621K [0x0000000700000000, 0x0000000800000000)
  region size 2048K, 7 young (14336K), 7 survivors (14336K)
 Metaspace       used 167053K, committed 168704K, reserved 1245184K
  class space    used 22634K, committed 23424K, reserved 1048576K
}
Event: 14171.978 GC heap before
{Heap before GC invocations=74 (full 0):
 garbage-first heap   total 710656K, used 394557K [0x0000000700000000, 0x0000000800000000)
  region size 2048K, 71 young (145408K), 7 survivors (14336K)
 Metaspace       used 168726K, committed 170432K, reserved 1245184K
  class space    used 22874K, committed 23680K, reserved 1048576K
}
Event: 14173.455 GC heap after
{Heap after GC invocations=75 (full 1):
 garbage-first heap   total 430080K, used 115528K [0x0000000700000000, 0x0000000800000000)
  region size 2048K, 0 young (0K), 0 survivors (0K)
 Metaspace       used 168721K, committed 170432K, reserved 1245184K
  class space    used 22873K, committed 23680K, reserved 1048576K
}
Event: 16123.106 GC heap before
{Heap before GC invocations=75 (full 1):
 garbage-first heap   total 430080K, used 371528K [0x0000000700000000, 0x0000000800000000)
  region size 2048K, 126 young (258048K), 0 survivors (0K)
 Metaspace       used 169511K, committed 171200K, reserved 1245184K
  class space    used 22947K, committed 23744K, reserved 1048576K
}
Event: 16123.152 GC heap after
{Heap after GC invocations=76 (full 1):
 garbage-first heap   total 430080K, used 121989K [0x0000000700000000, 0x0000000800000000)
  region size 2048K, 4 young (8192K), 4 survivors (8192K)
 Metaspace       used 169511K, committed 171200K, reserved 1245184K
  class space    used 22947K, committed 23744K, reserved 1048576K
}
Event: 16149.872 GC heap before
{Heap before GC invocations=77 (full 1):
 garbage-first heap   total 430080K, used 371845K [0x0000000700000000, 0x0000000800000000)
  region size 2048K, 126 young (258048K), 4 survivors (8192K)
 Metaspace       used 169346K, committed 171328K, reserved 1245184K
  class space    used 22802K, committed 23744K, reserved 1048576K
}
Event: 16149.917 GC heap after
{Heap after GC invocations=78 (full 1):
 garbage-first heap   total 430080K, used 150685K [0x0000000700000000, 0x0000000800000000)
  region size 2048K, 16 young (32768K), 16 survivors (32768K)
 Metaspace       used 169346K, committed 171328K, reserved 1245184K
  class space    used 22802K, committed 23744K, reserved 1048576K
}
Event: 16150.138 GC heap before
{Heap before GC invocations=78 (full 1):
 garbage-first heap   total 430080K, used 357533K [0x0000000700000000, 0x0000000800000000)
  region size 2048K, 118 young (241664K), 16 survivors (32768K)
 Metaspace       used 169356K, committed 171328K, reserved 1245184K
  class space    used 22802K, committed 23744K, reserved 1048576K
}
Event: 16150.176 GC heap after
{Heap after GC invocations=79 (full 1):
 garbage-first heap   total 430080K, used 160876K [0x0000000700000000, 0x0000000800000000)
  region size 2048K, 6 young (12288K), 6 survivors (12288K)
 Metaspace       used 169356K, committed 171328K, reserved 1245184K
  class space    used 22802K, committed 23744K, reserved 1048576K
}
Event: 16150.429 GC heap before
{Heap before GC invocations=79 (full 1):
 garbage-first heap   total 430080K, used 375916K [0x0000000700000000, 0x0000000800000000)
  region size 2048K, 112 young (229376K), 6 survivors (12288K)
 Metaspace       used 169419K, committed 171392K, reserved 1245184K
  class space    used 22802K, committed 23744K, reserved 1048576K
}
Event: 16150.440 GC heap after
{Heap after GC invocations=80 (full 1):
 garbage-first heap   total 430080K, used 167020K [0x0000000700000000, 0x0000000800000000)
  region size 2048K, 9 young (18432K), 9 survivors (18432K)
 Metaspace       used 169419K, committed 171392K, reserved 1245184K
  class space    used 22802K, committed 23744K, reserved 1048576K
}
Event: 16150.884 GC heap before
{Heap before GC invocations=81 (full 1):
 garbage-first heap   total 430080K, used 377964K [0x0000000700000000, 0x0000000800000000)
  region size 2048K, 112 young (229376K), 9 survivors (18432K)
 Metaspace       used 169519K, committed 171456K, reserved 1245184K
  class space    used 22805K, committed 23744K, reserved 1048576K
}
Event: 16150.901 GC heap after
{Heap after GC invocations=82 (full 1):
 garbage-first heap   total 430080K, used 174565K [0x0000000700000000, 0x0000000800000000)
  region size 2048K, 7 young (14336K), 7 survivors (14336K)
 Metaspace       used 169519K, committed 171456K, reserved 1245184K
  class space    used 22805K, committed 23744K, reserved 1048576K
}
Event: 16151.783 GC heap before
{Heap before GC invocations=82 (full 1):
 garbage-first heap   total 430080K, used 381413K [0x0000000700000000, 0x0000000800000000)
  region size 2048K, 109 young (223232K), 7 survivors (14336K)
 Metaspace       used 169683K, committed 171648K, reserved 1245184K
  class space    used 22810K, committed 23744K, reserved 1048576K
}

