# JRE version: OpenJDK Runtime Environment (21.0.7) (build 21.0.7+-13880790-b1038.58)
# Java VM: OpenJDK 64-Bit Server VM (21.0.7+-13880790-b1038.58, mixed mode, tiered, compressed oops, compressed class ptrs, g1 gc, windows-amd64)
GC Precious Log:
 CardTable entry size: 512
 Card Set container configuration: InlinePtr #cards 4 size 8 Array Of Cards #cards 16 size 48 Howl #buckets 8 coarsen threshold 3686 Howl Bitmap #cards 512 size 80 coarsen threshold 460 Card regions per heap region 1 cards per card region 4096
 CPUs: 12 total, 12 available
 Memory: 7520M
 Large Page Support: Disabled
 NUMA Support: Disabled
 Compressed Oops: Enabled (Zero based)
 Heap Region Size: 2M
 Heap Min Capacity: 8M
 Heap Initial Capacity: 118M
 Heap Max Capacity: 4G
 Pre-touch: Disabled
 Parallel Workers: 10
 Concurrent Workers: 3
 Concurrent Refinement Workers: 10
 Periodic GC: Disabled
Heap:
 garbage-first heap   total 215040K, used 159057K [0x0000000700000000, 0x0000000800000000)
  region size 2048K, 28 young (57344K), 3 survivors (6144K)
 Metaspace       used 81201K, committed 83008K, reserved 1179648K
  class space    used 11226K, committed 12096K, reserved 1048576K
GC Heap History (20 events):
Event: 6.457 GC heap before
{Heap before GC invocations=24 (full 0):
 garbage-first heap   total 135168K, used 115865K [0x0000000700000000, 0x0000000800000000)
  region size 2048K, 21 young (43008K), 2 survivors (4096K)
 Metaspace       used 60400K, committed 61888K, reserved 1114112K
  class space    used 8456K, committed 9152K, reserved 1048576K
}
Event: 6.459 GC heap after
{Heap after GC invocations=25 (full 0):
 garbage-first heap   total 135168K, used 77297K [0x0000000700000000, 0x0000000800000000)
  region size 2048K, 2 young (4096K), 2 survivors (4096K)
 Metaspace       used 60400K, committed 61888K, reserved 1114112K
  class space    used 8456K, committed 9152K, reserved 1048576K
}
Event: 6.581 GC heap before
{Heap before GC invocations=26 (full 0):
 garbage-first heap   total 135168K, used 118257K [0x0000000700000000, 0x0000000800000000)
  region size 2048K, 22 young (45056K), 2 survivors (4096K)
 Metaspace       used 60490K, committed 61952K, reserved 1114112K
  class space    used 8475K, committed 9152K, reserved 1048576K
}
Event: 6.584 GC heap after
{Heap after GC invocations=27 (full 0):
 garbage-first heap   total 163840K, used 78417K [0x0000000700000000, 0x0000000800000000)
  region size 2048K, 2 young (4096K), 2 survivors (4096K)
 Metaspace       used 60490K, committed 61952K, reserved 1114112K
  class space    used 8475K, committed 9152K, reserved 1048576K
}
Event: 7.104 GC heap before
{Heap before GC invocations=27 (full 0):
 garbage-first heap   total 163840K, used 146001K [0x0000000700000000, 0x0000000800000000)
  region size 2048K, 33 young (67584K), 2 survivors (4096K)
 Metaspace       used 63858K, committed 65408K, reserved 1114112K
  class space    used 8856K, committed 9600K, reserved 1048576K
}
Event: 7.111 GC heap after
{Heap after GC invocations=28 (full 0):
 garbage-first heap   total 163840K, used 90684K [0x0000000700000000, 0x0000000800000000)
  region size 2048K, 5 young (10240K), 5 survivors (10240K)
 Metaspace       used 63858K, committed 65408K, reserved 1114112K
  class space    used 8856K, committed 9600K, reserved 1048576K
}
Event: 7.419 GC heap before
{Heap before GC invocations=28 (full 0):
 garbage-first heap   total 163840K, used 137788K [0x0000000700000000, 0x0000000800000000)
  region size 2048K, 29 young (59392K), 5 survivors (10240K)
 Metaspace       used 64534K, committed 66176K, reserved 1114112K
  class space    used 8934K, committed 9728K, reserved 1048576K
}
Event: 7.425 GC heap after
{Heap after GC invocations=29 (full 0):
 garbage-first heap   total 163840K, used 91586K [0x0000000700000000, 0x0000000800000000)
  region size 2048K, 1 young (2048K), 1 survivors (2048K)
 Metaspace       used 64534K, committed 66176K, reserved 1114112K
  class space    used 8934K, committed 9728K, reserved 1048576K
}
Event: 7.920 GC heap before
{Heap before GC invocations=30 (full 0):
 garbage-first heap   total 163840K, used 150978K [0x0000000700000000, 0x0000000800000000)
  region size 2048K, 28 young (57344K), 1 survivors (2048K)
 Metaspace       used 68647K, committed 70400K, reserved 1114112K
  class space    used 9405K, committed 10240K, reserved 1048576K
}
Event: 7.923 GC heap after
{Heap after GC invocations=31 (full 0):
 garbage-first heap   total 163840K, used 100252K [0x0000000700000000, 0x0000000800000000)
  region size 2048K, 3 young (6144K), 3 survivors (6144K)
 Metaspace       used 68647K, committed 70400K, reserved 1114112K
  class space    used 9405K, committed 10240K, reserved 1048576K
}
Event: 8.453 GC heap before
{Heap before GC invocations=31 (full 0):
 garbage-first heap   total 163840K, used 145308K [0x0000000700000000, 0x0000000800000000)
  region size 2048K, 26 young (53248K), 3 survivors (6144K)
 Metaspace       used 74977K, committed 76736K, reserved 1179648K
  class space    used 10344K, committed 11200K, reserved 1048576K
}
Event: 8.458 GC heap after
{Heap after GC invocations=32 (full 0):
 garbage-first heap   total 163840K, used 102407K [0x0000000700000000, 0x0000000800000000)
  region size 2048K, 3 young (6144K), 3 survivors (6144K)
 Metaspace       used 74977K, committed 76736K, reserved 1179648K
  class space    used 10344K, committed 11200K, reserved 1048576K
}
Event: 8.912 GC heap before
{Heap before GC invocations=32 (full 0):
 garbage-first heap   total 163840K, used 147463K [0x0000000700000000, 0x0000000800000000)
  region size 2048K, 25 young (51200K), 3 survivors (6144K)
 Metaspace       used 79441K, committed 81280K, reserved 1179648K
  class space    used 11076K, committed 11968K, reserved 1048576K
}
Event: 8.918 GC heap after
{Heap after GC invocations=33 (full 0):
 garbage-first heap   total 163840K, used 105059K [0x0000000700000000, 0x0000000800000000)
  region size 2048K, 3 young (6144K), 3 survivors (6144K)
 Metaspace       used 79441K, committed 81280K, reserved 1179648K
  class space    used 11076K, committed 11968K, reserved 1048576K
}
Event: 9.413 GC heap before
{Heap before GC invocations=34 (full 0):
 garbage-first heap   total 178176K, used 143971K [0x0000000700000000, 0x0000000800000000)
  region size 2048K, 23 young (47104K), 3 survivors (6144K)
 Metaspace       used 80736K, committed 82496K, reserved 1179648K
  class space    used 11208K, committed 12096K, reserved 1048576K
}
Event: 9.419 GC heap after
{Heap after GC invocations=35 (full 0):
 garbage-first heap   total 178176K, used 109964K [0x0000000700000000, 0x0000000800000000)
  region size 2048K, 3 young (6144K), 3 survivors (6144K)
 Metaspace       used 80736K, committed 82496K, reserved 1179648K
  class space    used 11208K, committed 12096K, reserved 1048576K
}
Event: 9.554 GC heap before
{Heap before GC invocations=35 (full 0):
 garbage-first heap   total 178176K, used 161164K [0x0000000700000000, 0x0000000800000000)
  region size 2048K, 28 young (57344K), 3 survivors (6144K)
 Metaspace       used 81010K, committed 82816K, reserved 1179648K
  class space    used 11209K, committed 12096K, reserved 1048576K
}
Event: 9.558 GC heap after
{Heap after GC invocations=36 (full 0):
 garbage-first heap   total 178176K, used 111136K [0x0000000700000000, 0x0000000800000000)
  region size 2048K, 2 young (4096K), 2 survivors (4096K)
 Metaspace       used 81010K, committed 82816K, reserved 1179648K
  class space    used 11209K, committed 12096K, reserved 1048576K
}
Event: 9.645 GC heap before
{Heap before GC invocations=36 (full 0):
 garbage-first heap   total 178176K, used 160288K [0x0000000700000000, 0x0000000800000000)
  region size 2048K, 27 young (55296K), 2 survivors (4096K)
 Metaspace       used 81094K, committed 82880K, reserved 1179648K
  class space    used 11209K, committed 12096K, reserved 1048576K
}
Event: 9.648 GC heap after
{Heap after GC invocations=37 (full 0):
 garbage-first heap   total 215040K, used 111953K [0x0000000700000000, 0x0000000800000000)
  region size 2048K, 3 young (6144K), 3 survivors (6144K)
 Metaspace       used 81094K, committed 82880K, reserved 1179648K
  class space    used 11209K, committed 12096K, reserved 1048576K
}

