# JRE version: OpenJDK Runtime Environment (21.0.7) (build 21.0.7+-13880790-b1038.58)
# Java VM: OpenJDK 64-Bit Server VM (21.0.7+-13880790-b1038.58, mixed mode, tiered, compressed oops, compressed class ptrs, g1 gc, windows-amd64)
GC Precious Log:
 CardTable entry size: 512
 Card Set container configuration: InlinePtr #cards 4 size 8 Array Of Cards #cards 16 size 48 Howl #buckets 8 coarsen threshold 3686 Howl Bitmap #cards 512 size 80 coarsen threshold 460 Card regions per heap region 1 cards per card region 4096
 CPUs: 12 total, 12 available
 Memory: 7520M
 Large Page Support: Disabled
 NUMA Support: Disabled
 Compressed Oops: Enabled (Zero based)
 Heap Region Size: 2M
 Heap Min Capacity: 8M
 Heap Initial Capacity: 118M
 Heap Max Capacity: 4G
 Pre-touch: Disabled
 Parallel Workers: 10
 Concurrent Workers: 3
 Concurrent Refinement Workers: 10
 Periodic GC: Disabled
Heap:
 garbage-first heap   total 284672K, used 224459K [0x0000000700000000, 0x0000000800000000)
  region size 2048K, 30 young (61440K), 5 survivors (10240K)
 Metaspace       used 144065K, committed 146496K, reserved 1179648K
  class space    used 19051K, committed 20224K, reserved 1048576K
GC Heap History (20 events):
Event: 9.288 GC heap before
{Heap before GC invocations=38 (full 0):
 garbage-first heap   total 178176K, used 159509K [0x0000000700000000, 0x0000000800000000)
  region size 2048K, 27 young (55296K), 2 survivors (4096K)
 Metaspace       used 96459K, committed 98432K, reserved 1179648K
  class space    used 13097K, committed 14080K, reserved 1048576K
}
Event: 9.293 GC heap after
{Heap after GC invocations=39 (full 0):
 garbage-first heap   total 178176K, used 109860K [0x0000000700000000, 0x0000000800000000)
  region size 2048K, 3 young (6144K), 3 survivors (6144K)
 Metaspace       used 96459K, committed 98432K, reserved 1179648K
  class space    used 13097K, committed 14080K, reserved 1048576K
}
Event: 9.670 GC heap before
{Heap before GC invocations=39 (full 0):
 garbage-first heap   total 178176K, used 161060K [0x0000000700000000, 0x0000000800000000)
  region size 2048K, 28 young (57344K), 3 survivors (6144K)
 Metaspace       used 99957K, committed 101952K, reserved 1179648K
  class space    used 13542K, committed 14592K, reserved 1048576K
}
Event: 9.678 GC heap after
{Heap after GC invocations=40 (full 0):
 garbage-first heap   total 178176K, used 113913K [0x0000000700000000, 0x0000000800000000)
  region size 2048K, 4 young (8192K), 4 survivors (8192K)
 Metaspace       used 99957K, committed 101952K, reserved 1179648K
  class space    used 13542K, committed 14592K, reserved 1048576K
}
Event: 10.106 GC heap before
{Heap before GC invocations=41 (full 0):
 garbage-first heap   total 194560K, used 154873K [0x0000000700000000, 0x0000000800000000)
  region size 2048K, 24 young (49152K), 4 survivors (8192K)
 Metaspace       used 106595K, committed 108672K, reserved 1179648K
  class space    used 14370K, committed 15424K, reserved 1048576K
}
Event: 10.111 GC heap after
{Heap after GC invocations=42 (full 0):
 garbage-first heap   total 194560K, used 115387K [0x0000000700000000, 0x0000000800000000)
  region size 2048K, 1 young (2048K), 1 survivors (2048K)
 Metaspace       used 106595K, committed 108672K, reserved 1179648K
  class space    used 14370K, committed 15424K, reserved 1048576K
}
Event: 10.686 GC heap before
{Heap before GC invocations=42 (full 0):
 garbage-first heap   total 194560K, used 182971K [0x0000000700000000, 0x0000000800000000)
  region size 2048K, 31 young (63488K), 1 survivors (2048K)
 Metaspace       used 112237K, committed 114304K, reserved 1179648K
  class space    used 15490K, committed 16512K, reserved 1048576K
}
Event: 10.705 GC heap after
{Heap after GC invocations=43 (full 0):
 garbage-first heap   total 241664K, used 133120K [0x0000000700000000, 0x0000000800000000)
  region size 2048K, 4 young (8192K), 4 survivors (8192K)
 Metaspace       used 112237K, committed 114304K, reserved 1179648K
  class space    used 15490K, committed 16512K, reserved 1048576K
}
Event: 11.131 GC heap before
{Heap before GC invocations=43 (full 0):
 garbage-first heap   total 241664K, used 210944K [0x0000000700000000, 0x0000000800000000)
  region size 2048K, 42 young (86016K), 4 survivors (8192K)
 Metaspace       used 113580K, committed 115648K, reserved 1179648K
  class space    used 15671K, committed 16704K, reserved 1048576K
}
Event: 11.154 GC heap after
{Heap after GC invocations=44 (full 0):
 garbage-first heap   total 241664K, used 146033K [0x0000000700000000, 0x0000000800000000)
  region size 2048K, 6 young (12288K), 6 survivors (12288K)
 Metaspace       used 113580K, committed 115648K, reserved 1179648K
  class space    used 15671K, committed 16704K, reserved 1048576K
}
Event: 11.361 GC heap before
{Heap before GC invocations=44 (full 0):
 garbage-first heap   total 241664K, used 162417K [0x0000000700000000, 0x0000000800000000)
  region size 2048K, 15 young (30720K), 6 survivors (12288K)
 Metaspace       used 116327K, committed 118400K, reserved 1179648K
  class space    used 15973K, committed 17024K, reserved 1048576K
}
Event: 11.369 GC heap after
{Heap after GC invocations=45 (full 0):
 garbage-first heap   total 241664K, used 149274K [0x0000000700000000, 0x0000000800000000)
  region size 2048K, 1 young (2048K), 1 survivors (2048K)
 Metaspace       used 116327K, committed 118400K, reserved 1179648K
  class space    used 15973K, committed 17024K, reserved 1048576K
}
Event: 12.139 GC heap before
{Heap before GC invocations=46 (full 0):
 garbage-first heap   total 260096K, used 220954K [0x0000000700000000, 0x0000000800000000)
  region size 2048K, 33 young (67584K), 1 survivors (2048K)
 Metaspace       used 123317K, committed 125504K, reserved 1179648K
  class space    used 16680K, committed 17792K, reserved 1048576K
}
Event: 12.144 GC heap after
{Heap after GC invocations=47 (full 0):
 garbage-first heap   total 260096K, used 160594K [0x0000000700000000, 0x0000000800000000)
  region size 2048K, 4 young (8192K), 4 survivors (8192K)
 Metaspace       used 123317K, committed 125504K, reserved 1179648K
  class space    used 16680K, committed 17792K, reserved 1048576K
}
Event: 12.865 GC heap before
{Heap before GC invocations=47 (full 0):
 garbage-first heap   total 260096K, used 230226K [0x0000000700000000, 0x0000000800000000)
  region size 2048K, 38 young (77824K), 4 survivors (8192K)
 Metaspace       used 132148K, committed 134528K, reserved 1179648K
  class space    used 17844K, committed 19008K, reserved 1048576K
}
Event: 12.882 GC heap after
{Heap after GC invocations=48 (full 0):
 garbage-first heap   total 260096K, used 165276K [0x0000000700000000, 0x0000000800000000)
  region size 2048K, 3 young (6144K), 3 survivors (6144K)
 Metaspace       used 132148K, committed 134528K, reserved 1179648K
  class space    used 17844K, committed 19008K, reserved 1048576K
}
Event: 13.349 GC heap before
{Heap before GC invocations=48 (full 0):
 garbage-first heap   total 260096K, used 234908K [0x0000000700000000, 0x0000000800000000)
  region size 2048K, 37 young (75776K), 3 survivors (6144K)
 Metaspace       used 134755K, committed 137152K, reserved 1179648K
  class space    used 18123K, committed 19328K, reserved 1048576K
}
Event: 13.366 GC heap after
{Heap after GC invocations=49 (full 0):
 garbage-first heap   total 260096K, used 169290K [0x0000000700000000, 0x0000000800000000)
  region size 2048K, 5 young (10240K), 5 survivors (10240K)
 Metaspace       used 134755K, committed 137152K, reserved 1179648K
  class space    used 18123K, committed 19328K, reserved 1048576K
}
Event: 14.107 GC heap before
{Heap before GC invocations=50 (full 0):
 garbage-first heap   total 284672K, used 232778K [0x0000000700000000, 0x0000000800000000)
  region size 2048K, 36 young (73728K), 5 survivors (10240K)
 Metaspace       used 138395K, committed 140800K, reserved 1179648K
  class space    used 18500K, committed 19712K, reserved 1048576K
}
Event: 14.121 GC heap after
{Heap after GC invocations=51 (full 0):
 garbage-first heap   total 284672K, used 175307K [0x0000000700000000, 0x0000000800000000)
  region size 2048K, 5 young (10240K), 5 survivors (10240K)
 Metaspace       used 138395K, committed 140800K, reserved 1179648K
  class space    used 18500K, committed 19712K, reserved 1048576K
}

