# JRE version: OpenJDK Runtime Environment (21.0.7) (build 21.0.7+-13880790-b1038.58)
# Java VM: OpenJDK 64-Bit Server VM (21.0.7+-13880790-b1038.58, mixed mode, tiered, compressed oops, compressed class ptrs, g1 gc, windows-amd64)
GC Precious Log:
 CardTable entry size: 512
 Card Set container configuration: InlinePtr #cards 4 size 8 Array Of Cards #cards 16 size 48 Howl #buckets 8 coarsen threshold 3686 Howl Bitmap #cards 512 size 80 coarsen threshold 460 Card regions per heap region 1 cards per card region 4096
 CPUs: 12 total, 12 available
 Memory: 7520M
 Large Page Support: Disabled
 NUMA Support: Disabled
 Compressed Oops: Enabled (Zero based)
 Heap Region Size: 2M
 Heap Min Capacity: 8M
 Heap Initial Capacity: 118M
 Heap Max Capacity: 4G
 Pre-touch: Disabled
 Parallel Workers: 10
 Concurrent Workers: 3
 Concurrent Refinement Workers: 10
 Periodic GC: Disabled
Heap:
 garbage-first heap   total 591872K, used 360449K [0x0000000700000000, 0x0000000800000000)
  region size 2048K, 4 young (8192K), 4 survivors (8192K)
 Metaspace       used 136717K, committed 139008K, reserved 1179648K
  class space    used 18643K, committed 19776K, reserved 1048576K
GC Heap History (20 events):
Event: 12.853 GC heap after
{Heap after GC invocations=40 (full 0):
 garbage-first heap   total 229376K, used 134154K [0x0000000700000000, 0x0000000800000000)
  region size 2048K, 4 young (8192K), 4 survivors (8192K)
 Metaspace       used 121831K, committed 124160K, reserved 1179648K
  class space    used 16678K, committed 17792K, reserved 1048576K
}
Event: 13.376 GC heap before
{Heap before GC invocations=40 (full 0):
 garbage-first heap   total 229376K, used 203786K [0x0000000700000000, 0x0000000800000000)
  region size 2048K, 38 young (77824K), 4 survivors (8192K)
 Metaspace       used 124451K, committed 126720K, reserved 1179648K
  class space    used 17015K, committed 18112K, reserved 1048576K
}
Event: 13.382 GC heap after
{Heap after GC invocations=41 (full 0):
 garbage-first heap   total 229376K, used 138126K [0x0000000700000000, 0x0000000800000000)
  region size 2048K, 4 young (8192K), 4 survivors (8192K)
 Metaspace       used 124451K, committed 126720K, reserved 1179648K
  class space    used 17015K, committed 18112K, reserved 1048576K
}
Event: 13.607 GC heap before
{Heap before GC invocations=41 (full 0):
 garbage-first heap   total 229376K, used 201614K [0x0000000700000000, 0x0000000800000000)
  region size 2048K, 36 young (73728K), 4 survivors (8192K)
 Metaspace       used 125641K, committed 128000K, reserved 1179648K
  class space    used 17185K, committed 18368K, reserved 1048576K
}
Event: 13.612 GC heap after
{Heap after GC invocations=42 (full 0):
 garbage-first heap   total 229376K, used 142556K [0x0000000700000000, 0x0000000800000000)
  region size 2048K, 4 young (8192K), 4 survivors (8192K)
 Metaspace       used 125641K, committed 128000K, reserved 1179648K
  class space    used 17185K, committed 18368K, reserved 1048576K
}
Event: 13.866 GC heap before
{Heap before GC invocations=43 (full 0):
 garbage-first heap   total 245760K, used 218332K [0x0000000700000000, 0x0000000800000000)
  region size 2048K, 35 young (71680K), 4 survivors (8192K)
 Metaspace       used 126918K, committed 129216K, reserved 1179648K
  class space    used 17351K, committed 18496K, reserved 1048576K
}
Event: 13.872 GC heap after
{Heap after GC invocations=44 (full 0):
 garbage-first heap   total 245760K, used 164198K [0x0000000700000000, 0x0000000800000000)
  region size 2048K, 5 young (10240K), 5 survivors (10240K)
 Metaspace       used 126918K, committed 129216K, reserved 1179648K
  class space    used 17351K, committed 18496K, reserved 1048576K
}
Event: 14.097 GC heap before
{Heap before GC invocations=44 (full 0):
 garbage-first heap   total 245760K, used 242022K [0x0000000700000000, 0x0000000800000000)
  region size 2048K, 27 young (55296K), 5 survivors (10240K)
 Metaspace       used 128027K, committed 130368K, reserved 1179648K
  class space    used 17508K, committed 18688K, reserved 1048576K
}
Event: 14.104 GC heap after
{Heap after GC invocations=45 (full 0):
 garbage-first heap   total 262144K, used 199717K [0x0000000700000000, 0x0000000800000000)
  region size 2048K, 3 young (6144K), 3 survivors (6144K)
 Metaspace       used 128027K, committed 130368K, reserved 1179648K
  class space    used 17508K, committed 18688K, reserved 1048576K
}
Event: 14.107 GC heap before
{Heap before GC invocations=45 (full 0):
 garbage-first heap   total 262144K, used 199717K [0x0000000700000000, 0x0000000800000000)
  region size 2048K, 4 young (8192K), 3 survivors (6144K)
 Metaspace       used 128055K, committed 130432K, reserved 1179648K
  class space    used 17512K, committed 18688K, reserved 1048576K
}
Event: 14.111 GC heap after
{Heap after GC invocations=46 (full 0):
 garbage-first heap   total 323584K, used 201151K [0x0000000700000000, 0x0000000800000000)
  region size 2048K, 1 young (2048K), 1 survivors (2048K)
 Metaspace       used 128055K, committed 130432K, reserved 1179648K
  class space    used 17512K, committed 18688K, reserved 1048576K
}
Event: 14.637 GC heap before
{Heap before GC invocations=47 (full 0):
 garbage-first heap   total 411648K, used 407999K [0x0000000700000000, 0x0000000800000000)
  region size 2048K, 37 young (75776K), 1 survivors (2048K)
 Metaspace       used 131352K, committed 133696K, reserved 1179648K
  class space    used 17969K, committed 19136K, reserved 1048576K
}
Event: 14.656 GC heap after
{Heap after GC invocations=48 (full 0):
 garbage-first heap   total 436224K, used 287525K [0x0000000700000000, 0x0000000800000000)
  region size 2048K, 5 young (10240K), 5 survivors (10240K)
 Metaspace       used 131352K, committed 133696K, reserved 1179648K
  class space    used 17969K, committed 19136K, reserved 1048576K
}
Event: 14.921 GC heap before
{Heap before GC invocations=48 (full 0):
 garbage-first heap   total 436224K, used 394021K [0x0000000700000000, 0x0000000800000000)
  region size 2048K, 49 young (100352K), 5 survivors (10240K)
 Metaspace       used 132609K, committed 134912K, reserved 1179648K
  class space    used 18102K, committed 19264K, reserved 1048576K
}
Event: 14.941 GC heap after
{Heap after GC invocations=49 (full 0):
 garbage-first heap   total 436224K, used 317941K [0x0000000700000000, 0x0000000800000000)
  region size 2048K, 7 young (14336K), 7 survivors (14336K)
 Metaspace       used 132609K, committed 134912K, reserved 1179648K
  class space    used 18102K, committed 19264K, reserved 1048576K
}
Event: 15.139 GC heap before
{Heap before GC invocations=49 (full 0):
 garbage-first heap   total 436224K, used 387573K [0x0000000700000000, 0x0000000800000000)
  region size 2048K, 41 young (83968K), 7 survivors (14336K)
 Metaspace       used 133834K, committed 136192K, reserved 1179648K
  class space    used 18268K, committed 19456K, reserved 1048576K
}
Event: 15.161 GC heap after
{Heap after GC invocations=50 (full 0):
 garbage-first heap   total 436224K, used 340475K [0x0000000700000000, 0x0000000800000000)
  region size 2048K, 6 young (12288K), 6 survivors (12288K)
 Metaspace       used 133834K, committed 136192K, reserved 1179648K
  class space    used 18268K, committed 19456K, reserved 1048576K
}
Event: 15.334 GC heap before
{Heap before GC invocations=50 (full 0):
 garbage-first heap   total 436224K, used 393723K [0x0000000700000000, 0x0000000800000000)
  region size 2048K, 33 young (67584K), 6 survivors (12288K)
 Metaspace       used 135279K, committed 137536K, reserved 1179648K
  class space    used 18456K, committed 19584K, reserved 1048576K
}
Event: 15.346 GC heap after
{Heap after GC invocations=51 (full 0):
 garbage-first heap   total 436224K, used 352936K [0x0000000700000000, 0x0000000800000000)
  region size 2048K, 5 young (10240K), 5 survivors (10240K)
 Metaspace       used 135279K, committed 137536K, reserved 1179648K
  class space    used 18456K, committed 19584K, reserved 1048576K
}
Event: 15.520 GC heap before
{Heap before GC invocations=51 (full 0):
 garbage-first heap   total 591872K, used 391848K [0x0000000700000000, 0x0000000800000000)
  region size 2048K, 25 young (51200K), 5 survivors (10240K)
 Metaspace       used 136717K, committed 139008K, reserved 1179648K
  class space    used 18643K, committed 19776K, reserved 1048576K
}

