# JRE version: OpenJDK Runtime Environment (21.0.7) (build 21.0.7+-13880790-b1038.58)
# Java VM: OpenJDK 64-Bit Server VM (21.0.7+-13880790-b1038.58, mixed mode, tiered, compressed oops, compressed class ptrs, g1 gc, windows-amd64)
GC Precious Log:
 CardTable entry size: 512
 Card Set container configuration: InlinePtr #cards 4 size 8 Array Of Cards #cards 16 size 48 Howl #buckets 8 coarsen threshold 3686 Howl Bitmap #cards 512 size 80 coarsen threshold 460 Card regions per heap region 1 cards per card region 4096
 CPUs: 12 total, 12 available
 Memory: 7520M
 Large Page Support: Disabled
 NUMA Support: Disabled
 Compressed Oops: Enabled (Zero based)
 Heap Region Size: 2M
 Heap Min Capacity: 8M
 Heap Initial Capacity: 118M
 Heap Max Capacity: 4G
 Pre-touch: Disabled
 Parallel Workers: 10
 Concurrent Workers: 3
 Concurrent Refinement Workers: 10
 Periodic GC: Disabled
Heap:
 garbage-first heap   total 337920K, used 233084K [0x0000000700000000, 0x0000000800000000)
  region size 2048K, 9 young (18432K), 5 survivors (10240K)
 Metaspace       used 164636K, committed 167232K, reserved 1245184K
  class space    used 21489K, committed 22784K, reserved 1048576K
GC Heap History (20 events):
Event: 12.198 GC heap before
{Heap before GC invocations=41 (full 0):
 garbage-first heap   total 206848K, used 182789K [0x0000000700000000, 0x0000000800000000)
  region size 2048K, 23 young (47104K), 4 survivors (8192K)
 Metaspace       used 99086K, committed 100992K, reserved 1179648K
  class space    used 13900K, committed 14848K, reserved 1048576K
}
Event: 12.205 GC heap after
{Heap after GC invocations=42 (full 0):
 garbage-first heap   total 294912K, used 145006K [0x0000000700000000, 0x0000000800000000)
  region size 2048K, 3 young (6144K), 3 survivors (6144K)
 Metaspace       used 99086K, committed 100992K, reserved 1179648K
  class space    used 13900K, committed 14848K, reserved 1048576K
}
Event: 13.337 GC heap before
{Heap before GC invocations=43 (full 0):
 garbage-first heap   total 294912K, used 267886K [0x0000000700000000, 0x0000000800000000)
  region size 2048K, 57 young (116736K), 3 survivors (6144K)
 Metaspace       used 111277K, committed 113472K, reserved 1179648K
  class space    used 15227K, committed 16320K, reserved 1048576K
}
Event: 13.346 GC heap after
{Heap after GC invocations=44 (full 0):
 garbage-first heap   total 294912K, used 170676K [0x0000000700000000, 0x0000000800000000)
  region size 2048K, 8 young (16384K), 8 survivors (16384K)
 Metaspace       used 111277K, committed 113472K, reserved 1179648K
  class space    used 15227K, committed 16320K, reserved 1048576K
}
Event: 14.205 GC heap before
{Heap before GC invocations=44 (full 0):
 garbage-first heap   total 294912K, used 252596K [0x0000000700000000, 0x0000000800000000)
  region size 2048K, 48 young (98304K), 8 survivors (16384K)
 Metaspace       used 120143K, committed 122368K, reserved 1179648K
  class space    used 16344K, committed 17472K, reserved 1048576K
}
Event: 14.220 GC heap after
{Heap after GC invocations=45 (full 0):
 garbage-first heap   total 294912K, used 179160K [0x0000000700000000, 0x0000000800000000)
  region size 2048K, 5 young (10240K), 5 survivors (10240K)
 Metaspace       used 120143K, committed 122368K, reserved 1179648K
  class space    used 16344K, committed 17472K, reserved 1048576K
}
Event: 15.278 GC heap before
{Heap before GC invocations=45 (full 0):
 garbage-first heap   total 294912K, used 259032K [0x0000000700000000, 0x0000000800000000)
  region size 2048K, 44 young (90112K), 5 survivors (10240K)
 Metaspace       used 126160K, committed 128448K, reserved 1179648K
  class space    used 17038K, committed 18112K, reserved 1048576K
}
Event: 15.287 GC heap after
{Heap after GC invocations=46 (full 0):
 garbage-first heap   total 294912K, used 181159K [0x0000000700000000, 0x0000000800000000)
  region size 2048K, 3 young (6144K), 3 survivors (6144K)
 Metaspace       used 126160K, committed 128448K, reserved 1179648K
  class space    used 17038K, committed 18112K, reserved 1048576K
}
Event: 16.458 GC heap before
{Heap before GC invocations=47 (full 0):
 garbage-first heap   total 305152K, used 263079K [0x0000000700000000, 0x0000000800000000)
  region size 2048K, 43 young (88064K), 3 survivors (6144K)
 Metaspace       used 138609K, committed 140928K, reserved 1179648K
  class space    used 18287K, committed 19392K, reserved 1048576K
}
Event: 16.467 GC heap after
{Heap after GC invocations=48 (full 0):
 garbage-first heap   total 305152K, used 184814K [0x0000000700000000, 0x0000000800000000)
  region size 2048K, 5 young (10240K), 5 survivors (10240K)
 Metaspace       used 138609K, committed 140928K, reserved 1179648K
  class space    used 18287K, committed 19392K, reserved 1048576K
}
Event: 17.891 GC heap before
{Heap before GC invocations=48 (full 0):
 garbage-first heap   total 305152K, used 274926K [0x0000000700000000, 0x0000000800000000)
  region size 2048K, 48 young (98304K), 5 survivors (10240K)
 Metaspace       used 146557K, committed 148928K, reserved 1179648K
  class space    used 19137K, committed 20288K, reserved 1048576K
}
Event: 17.908 GC heap after
{Heap after GC invocations=49 (full 0):
 garbage-first heap   total 305152K, used 193521K [0x0000000700000000, 0x0000000800000000)
  region size 2048K, 6 young (12288K), 6 survivors (12288K)
 Metaspace       used 146557K, committed 148928K, reserved 1179648K
  class space    used 19137K, committed 20288K, reserved 1048576K
}
Event: 19.114 GC heap before
{Heap before GC invocations=49 (full 0):
 garbage-first heap   total 305152K, used 273393K [0x0000000700000000, 0x0000000800000000)
  region size 2048K, 46 young (94208K), 6 survivors (12288K)
 Metaspace       used 153638K, committed 156096K, reserved 1245184K
  class space    used 20053K, committed 21248K, reserved 1048576K
}
Event: 19.123 GC heap after
{Heap after GC invocations=50 (full 0):
 garbage-first heap   total 305152K, used 201387K [0x0000000700000000, 0x0000000800000000)
  region size 2048K, 4 young (8192K), 4 survivors (8192K)
 Metaspace       used 153638K, committed 156096K, reserved 1245184K
  class space    used 20053K, committed 21248K, reserved 1048576K
}
Event: 20.445 GC heap before
{Heap before GC invocations=51 (full 0):
 garbage-first heap   total 337920K, used 281259K [0x0000000700000000, 0x0000000800000000)
  region size 2048K, 41 young (83968K), 4 survivors (8192K)
 Metaspace       used 160123K, committed 162688K, reserved 1245184K
  class space    used 20916K, committed 22144K, reserved 1048576K
}
Event: 20.456 GC heap after
{Heap after GC invocations=52 (full 0):
 garbage-first heap   total 337920K, used 208802K [0x0000000700000000, 0x0000000800000000)
  region size 2048K, 2 young (4096K), 2 survivors (4096K)
 Metaspace       used 160123K, committed 162688K, reserved 1245184K
  class space    used 20916K, committed 22144K, reserved 1048576K
}
Event: 21.823 GC heap before
{Heap before GC invocations=52 (full 0):
 garbage-first heap   total 337920K, used 309154K [0x0000000700000000, 0x0000000800000000)
  region size 2048K, 51 young (104448K), 2 survivors (4096K)
 Metaspace       used 163913K, committed 166528K, reserved 1245184K
  class space    used 21444K, committed 22720K, reserved 1048576K
}
Event: 21.847 GC heap after
{Heap after GC invocations=53 (full 0):
 garbage-first heap   total 337920K, used 217009K [0x0000000700000000, 0x0000000800000000)
  region size 2048K, 6 young (12288K), 6 survivors (12288K)
 Metaspace       used 163913K, committed 166528K, reserved 1245184K
  class space    used 21444K, committed 22720K, reserved 1048576K
}
Event: 22.631 GC heap before
{Heap before GC invocations=53 (full 0):
 garbage-first heap   total 337920K, used 307121K [0x0000000700000000, 0x0000000800000000)
  region size 2048K, 50 young (102400K), 6 survivors (12288K)
 Metaspace       used 164302K, committed 166848K, reserved 1245184K
  class space    used 21459K, committed 22720K, reserved 1048576K
}
Event: 22.649 GC heap after
{Heap after GC invocations=54 (full 0):
 garbage-first heap   total 337920K, used 226940K [0x0000000700000000, 0x0000000800000000)
  region size 2048K, 5 young (10240K), 5 survivors (10240K)
 Metaspace       used 164302K, committed 166848K, reserved 1245184K
  class space    used 21459K, committed 22720K, reserved 1048576K
}

