# JRE version: OpenJDK Runtime Environment (21.0.7) (build 21.0.7+-13880790-b1038.58)
# Java VM: OpenJDK 64-Bit Server VM (21.0.7+-13880790-b1038.58, mixed mode, tiered, compressed oops, compressed class ptrs, g1 gc, windows-amd64)
GC Precious Log:
 CardTable entry size: 512
 Card Set container configuration: InlinePtr #cards 4 size 8 Array Of Cards #cards 16 size 48 Howl #buckets 8 coarsen threshold 3686 Howl Bitmap #cards 512 size 80 coarsen threshold 460 Card regions per heap region 1 cards per card region 4096
 CPUs: 12 total, 12 available
 Memory: 7520M
 Large Page Support: Disabled
 NUMA Support: Disabled
 Compressed Oops: Enabled (Zero based)
 Heap Region Size: 2M
 Heap Min Capacity: 8M
 Heap Initial Capacity: 118M
 Heap Max Capacity: 4G
 Pre-touch: Disabled
 Parallel Workers: 10
 Concurrent Workers: 3
 Concurrent Refinement Workers: 10
 Periodic GC: Disabled
Heap:
 garbage-first heap   total 440320K, used 323153K [0x0000000700000000, 0x0000000800000000)
  region size 2048K, 7 young (14336K), 7 survivors (14336K)
 Metaspace       used 135898K, committed 138240K, reserved 1179648K
  class space    used 18824K, committed 19968K, reserved 1048576K
GC Heap History (20 events):
Event: 12.973 GC heap after
{Heap after GC invocations=43 (full 0):
 garbage-first heap   total 229376K, used 138034K [0x0000000700000000, 0x0000000800000000)
  region size 2048K, 4 young (8192K), 4 survivors (8192K)
 Metaspace       used 122262K, committed 124544K, reserved 1179648K
  class space    used 16720K, committed 17856K, reserved 1048576K
}
Event: 13.365 GC heap before
{Heap before GC invocations=43 (full 0):
 garbage-first heap   total 229376K, used 201522K [0x0000000700000000, 0x0000000800000000)
  region size 2048K, 36 young (73728K), 4 survivors (8192K)
 Metaspace       used 123870K, committed 126144K, reserved 1179648K
  class space    used 16933K, committed 18048K, reserved 1048576K
}
Event: 13.375 GC heap after
{Heap after GC invocations=44 (full 0):
 garbage-first heap   total 276480K, used 140205K [0x0000000700000000, 0x0000000800000000)
  region size 2048K, 5 young (10240K), 5 survivors (10240K)
 Metaspace       used 123870K, committed 126144K, reserved 1179648K
  class space    used 16933K, committed 18048K, reserved 1048576K
}
Event: 13.658 GC heap before
{Heap before GC invocations=44 (full 0):
 garbage-first heap   total 276480K, used 254893K [0x0000000700000000, 0x0000000800000000)
  region size 2048K, 57 young (116736K), 5 survivors (10240K)
 Metaspace       used 124324K, committed 126656K, reserved 1179648K
  class space    used 17011K, committed 18176K, reserved 1048576K
}
Event: 13.668 GC heap after
{Heap after GC invocations=45 (full 0):
 garbage-first heap   total 278528K, used 150570K [0x0000000700000000, 0x0000000800000000)
  region size 2048K, 8 young (16384K), 8 survivors (16384K)
 Metaspace       used 124324K, committed 126656K, reserved 1179648K
  class space    used 17011K, committed 18176K, reserved 1048576K
}
Event: 13.779 GC heap before
{Heap before GC invocations=45 (full 0):
 garbage-first heap   total 278528K, used 240682K [0x0000000700000000, 0x0000000800000000)
  region size 2048K, 53 young (108544K), 8 survivors (16384K)
 Metaspace       used 124869K, committed 127168K, reserved 1179648K
  class space    used 17086K, committed 18240K, reserved 1048576K
}
Event: 13.791 GC heap after
{Heap after GC invocations=46 (full 0):
 garbage-first heap   total 282624K, used 172447K [0x0000000700000000, 0x0000000800000000)
  region size 2048K, 7 young (14336K), 7 survivors (14336K)
 Metaspace       used 124869K, committed 127168K, reserved 1179648K
  class space    used 17086K, committed 18240K, reserved 1048576K
}
Event: 13.857 GC heap before
{Heap before GC invocations=46 (full 0):
 garbage-first heap   total 282624K, used 246175K [0x0000000700000000, 0x0000000800000000)
  region size 2048K, 44 young (90112K), 7 survivors (14336K)
 Metaspace       used 125432K, committed 127680K, reserved 1179648K
  class space    used 17154K, committed 18304K, reserved 1048576K
}
Event: 13.864 GC heap after
{Heap after GC invocations=47 (full 0):
 garbage-first heap   total 282624K, used 187625K [0x0000000700000000, 0x0000000800000000)
  region size 2048K, 6 young (12288K), 6 survivors (12288K)
 Metaspace       used 125432K, committed 127680K, reserved 1179648K
  class space    used 17154K, committed 18304K, reserved 1048576K
}
Event: 14.344 GC heap before
{Heap before GC invocations=48 (full 0):
 garbage-first heap   total 315392K, used 247017K [0x0000000700000000, 0x0000000800000000)
  region size 2048K, 36 young (73728K), 6 survivors (12288K)
 Metaspace       used 129423K, committed 131712K, reserved 1179648K
  class space    used 17767K, committed 18880K, reserved 1048576K
}
Event: 14.351 GC heap after
{Heap after GC invocations=49 (full 0):
 garbage-first heap   total 315392K, used 196818K [0x0000000700000000, 0x0000000800000000)
  region size 2048K, 5 young (10240K), 5 survivors (10240K)
 Metaspace       used 129423K, committed 131712K, reserved 1179648K
  class space    used 17767K, committed 18880K, reserved 1048576K
}
Event: 14.522 GC heap before
{Heap before GC invocations=49 (full 0):
 garbage-first heap   total 315392K, used 274642K [0x0000000700000000, 0x0000000800000000)
  region size 2048K, 44 young (90112K), 5 survivors (10240K)
 Metaspace       used 129940K, committed 132224K, reserved 1179648K
  class space    used 17826K, committed 18944K, reserved 1048576K
}
Event: 14.540 GC heap after
{Heap after GC invocations=50 (full 0):
 garbage-first heap   total 440320K, used 210944K [0x0000000700000000, 0x0000000800000000)
  region size 2048K, 6 young (12288K), 6 survivors (12288K)
 Metaspace       used 129940K, committed 132224K, reserved 1179648K
  class space    used 17826K, committed 18944K, reserved 1048576K
}
Event: 14.811 GC heap before
{Heap before GC invocations=50 (full 0):
 garbage-first heap   total 440320K, used 370688K [0x0000000700000000, 0x0000000800000000)
  region size 2048K, 85 young (174080K), 6 survivors (12288K)
 Metaspace       used 131963K, committed 134208K, reserved 1179648K
  class space    used 18173K, committed 19264K, reserved 1048576K
}
Event: 14.839 GC heap after
{Heap after GC invocations=51 (full 0):
 garbage-first heap   total 440320K, used 244229K [0x0000000700000000, 0x0000000800000000)
  region size 2048K, 11 young (22528K), 11 survivors (22528K)
 Metaspace       used 131963K, committed 134208K, reserved 1179648K
  class space    used 18173K, committed 19264K, reserved 1048576K
}
Event: 14.971 GC heap before
{Heap before GC invocations=51 (full 0):
 garbage-first heap   total 440320K, used 369157K [0x0000000700000000, 0x0000000800000000)
  region size 2048K, 72 young (147456K), 11 survivors (22528K)
 Metaspace       used 132435K, committed 134720K, reserved 1179648K
  class space    used 18225K, committed 19328K, reserved 1048576K
}
Event: 14.998 GC heap after
{Heap after GC invocations=52 (full 0):
 garbage-first heap   total 440320K, used 274264K [0x0000000700000000, 0x0000000800000000)
  region size 2048K, 9 young (18432K), 9 survivors (18432K)
 Metaspace       used 132435K, committed 134720K, reserved 1179648K
  class space    used 18225K, committed 19328K, reserved 1048576K
}
Event: 15.110 GC heap before
{Heap before GC invocations=52 (full 0):
 garbage-first heap   total 440320K, used 382808K [0x0000000700000000, 0x0000000800000000)
  region size 2048K, 62 young (126976K), 9 survivors (18432K)
 Metaspace       used 133230K, committed 135488K, reserved 1179648K
  class space    used 18334K, committed 19456K, reserved 1048576K
}
Event: 15.137 GC heap after
{Heap after GC invocations=53 (full 0):
 garbage-first heap   total 440320K, used 301610K [0x0000000700000000, 0x0000000800000000)
  region size 2048K, 8 young (16384K), 8 survivors (16384K)
 Metaspace       used 133230K, committed 135488K, reserved 1179648K
  class space    used 18334K, committed 19456K, reserved 1048576K
}
Event: 15.479 GC heap before
{Heap before GC invocations=53 (full 0):
 garbage-first heap   total 440320K, used 387626K [0x0000000700000000, 0x0000000800000000)
  region size 2048K, 51 young (104448K), 8 survivors (16384K)
 Metaspace       used 135898K, committed 138240K, reserved 1179648K
  class space    used 18824K, committed 19968K, reserved 1048576K
}

