# JRE version: OpenJDK Runtime Environment (21.0.7) (build 21.0.7+-13880790-b1038.58)
# Java VM: OpenJDK 64-Bit Server VM (21.0.7+-13880790-b1038.58, mixed mode, tiered, compressed oops, compressed class ptrs, g1 gc, windows-amd64)
GC Precious Log:
 CardTable entry size: 512
 Card Set container configuration: InlinePtr #cards 4 size 8 Array Of Cards #cards 16 size 48 Howl #buckets 8 coarsen threshold 3686 Howl Bitmap #cards 512 size 80 coarsen threshold 460 Card regions per heap region 1 cards per card region 4096
 CPUs: 12 total, 12 available
 Memory: 7520M
 Large Page Support: Disabled
 NUMA Support: Disabled
 Compressed Oops: Enabled (Zero based)
 Heap Region Size: 2M
 Heap Min Capacity: 8M
 Heap Initial Capacity: 118M
 Heap Max Capacity: 4G
 Pre-touch: Disabled
 Parallel Workers: 10
 Concurrent Workers: 3
 Concurrent Refinement Workers: 10
 Periodic GC: Disabled
Heap:
 garbage-first heap   total 391168K, used 263584K [0x0000000700000000, 0x0000000800000000)
  region size 2048K, 8 young (16384K), 8 survivors (16384K)
 Metaspace       used 132194K, committed 134400K, reserved 1179648K
  class space    used 18236K, committed 19328K, reserved 1048576K
GC Heap History (20 events):
Event: 11.544 GC heap after
{Heap after GC invocations=41 (full 0):
 garbage-first heap   total 190464K, used 114198K [0x0000000700000000, 0x0000000800000000)
  region size 2048K, 5 young (10240K), 5 survivors (10240K)
 Metaspace       used 117094K, committed 119360K, reserved 1179648K
  class space    used 16170K, committed 17280K, reserved 1048576K
}
Event: 11.990 GC heap before
{Heap before GC invocations=42 (full 0):
 garbage-first heap   total 192512K, used 165398K [0x0000000700000000, 0x0000000800000000)
  region size 2048K, 31 young (63488K), 5 survivors (10240K)
 Metaspace       used 118247K, committed 120448K, reserved 1179648K
  class space    used 16269K, committed 17344K, reserved 1048576K
}
Event: 12.001 GC heap after
{Heap after GC invocations=43 (full 0):
 garbage-first heap   total 192512K, used 123868K [0x0000000700000000, 0x0000000800000000)
  region size 2048K, 4 young (8192K), 4 survivors (8192K)
 Metaspace       used 118247K, committed 120448K, reserved 1179648K
  class space    used 16269K, committed 17344K, reserved 1048576K
}
Event: 12.461 GC heap before
{Heap before GC invocations=43 (full 0):
 garbage-first heap   total 192512K, used 168924K [0x0000000700000000, 0x0000000800000000)
  region size 2048K, 27 young (55296K), 4 survivors (8192K)
 Metaspace       used 121568K, committed 123840K, reserved 1179648K
  class space    used 16633K, committed 17792K, reserved 1048576K
}
Event: 12.472 GC heap after
{Heap after GC invocations=44 (full 0):
 garbage-first heap   total 192512K, used 129456K [0x0000000700000000, 0x0000000800000000)
  region size 2048K, 4 young (8192K), 4 survivors (8192K)
 Metaspace       used 121568K, committed 123840K, reserved 1179648K
  class space    used 16633K, committed 17792K, reserved 1048576K
}
Event: 12.578 GC heap before
{Heap before GC invocations=44 (full 0):
 garbage-first heap   total 192512K, used 170416K [0x0000000700000000, 0x0000000800000000)
  region size 2048K, 24 young (49152K), 4 survivors (8192K)
 Metaspace       used 121698K, committed 123968K, reserved 1179648K
  class space    used 16641K, committed 17792K, reserved 1048576K
}
Event: 12.583 GC heap after
{Heap after GC invocations=45 (full 0):
 garbage-first heap   total 192512K, used 133256K [0x0000000700000000, 0x0000000800000000)
  region size 2048K, 3 young (6144K), 3 survivors (6144K)
 Metaspace       used 121698K, committed 123968K, reserved 1179648K
  class space    used 16641K, committed 17792K, reserved 1048576K
}
Event: 12.713 GC heap before
{Heap before GC invocations=46 (full 0):
 garbage-first heap   total 225280K, used 170120K [0x0000000700000000, 0x0000000800000000)
  region size 2048K, 22 young (45056K), 3 survivors (6144K)
 Metaspace       used 121719K, committed 124032K, reserved 1179648K
  class space    used 16641K, committed 17792K, reserved 1048576K
}
Event: 12.716 GC heap after
{Heap after GC invocations=47 (full 0):
 garbage-first heap   total 225280K, used 134610K [0x0000000700000000, 0x0000000800000000)
  region size 2048K, 2 young (4096K), 2 survivors (4096K)
 Metaspace       used 121719K, committed 124032K, reserved 1179648K
  class space    used 16641K, committed 17792K, reserved 1048576K
}
Event: 13.006 GC heap before
{Heap before GC invocations=47 (full 0):
 garbage-first heap   total 225280K, used 200146K [0x0000000700000000, 0x0000000800000000)
  region size 2048K, 35 young (71680K), 2 survivors (4096K)
 Metaspace       used 122270K, committed 124544K, reserved 1179648K
  class space    used 16742K, committed 17856K, reserved 1048576K
}
Event: 13.012 GC heap after
{Heap after GC invocations=48 (full 0):
 garbage-first heap   total 391168K, used 136080K [0x0000000700000000, 0x0000000800000000)
  region size 2048K, 4 young (8192K), 4 survivors (8192K)
 Metaspace       used 122270K, committed 124544K, reserved 1179648K
  class space    used 16742K, committed 17856K, reserved 1048576K
}
Event: 13.729 GC heap before
{Heap before GC invocations=48 (full 0):
 garbage-first heap   total 391168K, used 347024K [0x0000000700000000, 0x0000000800000000)
  region size 2048K, 103 young (210944K), 4 survivors (8192K)
 Metaspace       used 124739K, committed 126976K, reserved 1179648K
  class space    used 17085K, committed 18176K, reserved 1048576K
}
Event: 13.742 GC heap after
{Heap after GC invocations=49 (full 0):
 garbage-first heap   total 391168K, used 162935K [0x0000000700000000, 0x0000000800000000)
  region size 2048K, 13 young (26624K), 13 survivors (26624K)
 Metaspace       used 124739K, committed 126976K, reserved 1179648K
  class space    used 17085K, committed 18176K, reserved 1048576K
}
Event: 14.372 GC heap before
{Heap before GC invocations=49 (full 0):
 garbage-first heap   total 391168K, used 322679K [0x0000000700000000, 0x0000000800000000)
  region size 2048K, 92 young (188416K), 13 survivors (26624K)
 Metaspace       used 129362K, committed 131584K, reserved 1179648K
  class space    used 17786K, committed 18880K, reserved 1048576K
}
Event: 14.386 GC heap after
{Heap after GC invocations=50 (full 0):
 garbage-first heap   total 391168K, used 192209K [0x0000000700000000, 0x0000000800000000)
  region size 2048K, 12 young (24576K), 12 survivors (24576K)
 Metaspace       used 129362K, committed 131584K, reserved 1179648K
  class space    used 17786K, committed 18880K, reserved 1048576K
}
Event: 14.594 GC heap before
{Heap before GC invocations=50 (full 0):
 garbage-first heap   total 391168K, used 325329K [0x0000000700000000, 0x0000000800000000)
  region size 2048K, 77 young (157696K), 12 survivors (24576K)
 Metaspace       used 130264K, committed 132480K, reserved 1179648K
  class space    used 17896K, committed 19008K, reserved 1048576K
}
Event: 14.615 GC heap after
{Heap after GC invocations=51 (full 0):
 garbage-first heap   total 391168K, used 218326K [0x0000000700000000, 0x0000000800000000)
  region size 2048K, 10 young (20480K), 10 survivors (20480K)
 Metaspace       used 130264K, committed 132480K, reserved 1179648K
  class space    used 17896K, committed 19008K, reserved 1048576K
}
Event: 14.804 GC heap before
{Heap before GC invocations=52 (full 0):
 garbage-first heap   total 391168K, used 330966K [0x0000000700000000, 0x0000000800000000)
  region size 2048K, 65 young (133120K), 10 survivors (20480K)
 Metaspace       used 131369K, committed 133568K, reserved 1179648K
  class space    used 18109K, committed 19200K, reserved 1048576K
}
Event: 14.829 GC heap after
{Heap after GC invocations=53 (full 0):
 garbage-first heap   total 391168K, used 241664K [0x0000000700000000, 0x0000000800000000)
  region size 2048K, 9 young (18432K), 9 survivors (18432K)
 Metaspace       used 131369K, committed 133568K, reserved 1179648K
  class space    used 18109K, committed 19200K, reserved 1048576K
}
Event: 15.117 GC heap before
{Heap before GC invocations=53 (full 0):
 garbage-first heap   total 391168K, used 339968K [0x0000000700000000, 0x0000000800000000)
  region size 2048K, 57 young (116736K), 9 survivors (18432K)
 Metaspace       used 132194K, committed 134400K, reserved 1179648K
  class space    used 18236K, committed 19328K, reserved 1048576K
}

