# JRE version: OpenJDK Runtime Environment (21.0.7) (build 21.0.7+-13880790-b1038.58)
# Java VM: OpenJDK 64-Bit Server VM (21.0.7+-13880790-b1038.58, mixed mode, tiered, compressed oops, compressed class ptrs, g1 gc, windows-amd64)
GC Precious Log:
 CardTable entry size: 512
 Card Set container configuration: InlinePtr #cards 4 size 8 Array Of Cards #cards 16 size 48 Howl #buckets 8 coarsen threshold 3686 Howl Bitmap #cards 512 size 80 coarsen threshold 460 Card regions per heap region 1 cards per card region 4096
 CPUs: 12 total, 12 available
 Memory: 7520M
 Large Page Support: Disabled
 NUMA Support: Disabled
 Compressed Oops: Enabled (Zero based)
 Heap Region Size: 2M
 Heap Min Capacity: 8M
 Heap Initial Capacity: 118M
 Heap Max Capacity: 4G
 Pre-touch: Disabled
 Parallel Workers: 10
 Concurrent Workers: 3
 Concurrent Refinement Workers: 10
 Periodic GC: Disabled
Heap:
 garbage-first heap   total 755712K, used 326831K [0x0000000700000000, 0x0000000800000000)
  region size 2048K, 3 young (6144K), 3 survivors (6144K)
 Metaspace       used 137399K, committed 139776K, reserved 1179648K
  class space    used 19057K, committed 20224K, reserved 1048576K
GC Heap History (20 events):
Event: 97.004 GC heap after
{Heap after GC invocations=55 (full 0):
 garbage-first heap   total 342016K, used 203978K [0x0000000700000000, 0x0000000800000000)
  region size 2048K, 7 young (14336K), 7 survivors (14336K)
 Metaspace       used 131029K, committed 133376K, reserved 1179648K
  class space    used 18006K, committed 19200K, reserved 1048576K
}
Event: 98.852 GC heap before
{Heap before GC invocations=55 (full 0):
 garbage-first heap   total 342016K, used 294090K [0x0000000700000000, 0x0000000800000000)
  region size 2048K, 51 young (104448K), 7 survivors (14336K)
 Metaspace       used 132105K, committed 134400K, reserved 1179648K
  class space    used 18192K, committed 19328K, reserved 1048576K
}
Event: 98.968 GC heap after
{Heap after GC invocations=56 (full 0):
 garbage-first heap   total 342016K, used 220651K [0x0000000700000000, 0x0000000800000000)
  region size 2048K, 7 young (14336K), 7 survivors (14336K)
 Metaspace       used 132105K, committed 134400K, reserved 1179648K
  class space    used 18192K, committed 19328K, reserved 1048576K
}
Event: 100.813 GC heap before
{Heap before GC invocations=56 (full 0):
 garbage-first heap   total 342016K, used 302571K [0x0000000700000000, 0x0000000800000000)
  region size 2048K, 47 young (96256K), 7 survivors (14336K)
 Metaspace       used 133244K, committed 135552K, reserved 1179648K
  class space    used 18391K, committed 19584K, reserved 1048576K
}
Event: 100.935 GC heap after
{Heap after GC invocations=57 (full 0):
 garbage-first heap   total 342016K, used 237568K [0x0000000700000000, 0x0000000800000000)
  region size 2048K, 6 young (12288K), 6 survivors (12288K)
 Metaspace       used 133244K, committed 135552K, reserved 1179648K
  class space    used 18391K, committed 19584K, reserved 1048576K
}
Event: 102.801 GC heap before
{Heap before GC invocations=57 (full 0):
 garbage-first heap   total 397312K, used 307200K [0x0000000700000000, 0x0000000800000000)
  region size 2048K, 40 young (81920K), 6 survivors (12288K)
 Metaspace       used 133786K, committed 136064K, reserved 1179648K
  class space    used 18490K, committed 19648K, reserved 1048576K
}
Event: 102.924 GC heap after
{Heap after GC invocations=58 (full 0):
 garbage-first heap   total 397312K, used 253587K [0x0000000700000000, 0x0000000800000000)
  region size 2048K, 5 young (10240K), 5 survivors (10240K)
 Metaspace       used 133786K, committed 136064K, reserved 1179648K
  class space    used 18490K, committed 19648K, reserved 1048576K
}
Event: 104.630 GC heap before
{Heap before GC invocations=59 (full 0):
 garbage-first heap   total 397312K, used 345747K [0x0000000700000000, 0x0000000800000000)
  region size 2048K, 51 young (104448K), 5 survivors (10240K)
 Metaspace       used 134293K, committed 136576K, reserved 1179648K
  class space    used 18538K, committed 19712K, reserved 1048576K
}
Event: 104.797 GC heap after
{Heap after GC invocations=60 (full 0):
 garbage-first heap   total 397312K, used 273022K [0x0000000700000000, 0x0000000800000000)
  region size 2048K, 7 young (14336K), 7 survivors (14336K)
 Metaspace       used 134293K, committed 136576K, reserved 1179648K
  class space    used 18538K, committed 19712K, reserved 1048576K
}
Event: 105.909 GC heap before
{Heap before GC invocations=60 (full 0):
 garbage-first heap   total 397312K, used 352894K [0x0000000700000000, 0x0000000800000000)
  region size 2048K, 47 young (96256K), 7 survivors (14336K)
 Metaspace       used 135255K, committed 137536K, reserved 1179648K
  class space    used 18665K, committed 19840K, reserved 1048576K
}
Event: 106.049 GC heap after
{Heap after GC invocations=61 (full 0):
 garbage-first heap   total 397312K, used 288735K [0x0000000700000000, 0x0000000800000000)
  region size 2048K, 6 young (12288K), 6 survivors (12288K)
 Metaspace       used 135255K, committed 137536K, reserved 1179648K
  class space    used 18665K, committed 19840K, reserved 1048576K
}
Event: 107.249 GC heap before
{Heap before GC invocations=61 (full 0):
 garbage-first heap   total 397312K, used 358367K [0x0000000700000000, 0x0000000800000000)
  region size 2048K, 41 young (83968K), 6 survivors (12288K)
 Metaspace       used 137032K, committed 139328K, reserved 1179648K
  class space    used 19002K, committed 20160K, reserved 1048576K
}
Event: 108.227 GC heap after
{Heap after GC invocations=62 (full 0):
 garbage-first heap   total 755712K, used 301853K [0x0000000700000000, 0x0000000800000000)
  region size 2048K, 6 young (12288K), 6 survivors (12288K)
 Metaspace       used 137032K, committed 139328K, reserved 1179648K
  class space    used 19002K, committed 20160K, reserved 1048576K
}
Event: 109.971 GC heap before
{Heap before GC invocations=62 (full 0):
 garbage-first heap   total 755712K, used 326429K [0x0000000700000000, 0x0000000800000000)
  region size 2048K, 18 young (36864K), 6 survivors (12288K)
 Metaspace       used 137193K, committed 139520K, reserved 1179648K
  class space    used 19029K, committed 20224K, reserved 1048576K
}
Event: 110.283 GC heap after
{Heap after GC invocations=63 (full 0):
 garbage-first heap   total 755712K, used 308684K [0x0000000700000000, 0x0000000800000000)
  region size 2048K, 3 young (6144K), 3 survivors (6144K)
 Metaspace       used 137193K, committed 139520K, reserved 1179648K
  class space    used 19029K, committed 20224K, reserved 1048576K
}
Event: 111.107 GC heap before
{Heap before GC invocations=63 (full 0):
 garbage-first heap   total 755712K, used 339404K [0x0000000700000000, 0x0000000800000000)
  region size 2048K, 18 young (36864K), 3 survivors (6144K)
 Metaspace       used 137346K, committed 139648K, reserved 1179648K
  class space    used 19056K, committed 20224K, reserved 1048576K
}
Event: 111.444 GC heap after
{Heap after GC invocations=64 (full 0):
 garbage-first heap   total 755712K, used 314772K [0x0000000700000000, 0x0000000800000000)
  region size 2048K, 3 young (6144K), 3 survivors (6144K)
 Metaspace       used 137346K, committed 139648K, reserved 1179648K
  class space    used 19056K, committed 20224K, reserved 1048576K
}
Event: 112.114 GC heap before
{Heap before GC invocations=64 (full 0):
 garbage-first heap   total 755712K, used 345492K [0x0000000700000000, 0x0000000800000000)
  region size 2048K, 18 young (36864K), 3 survivors (6144K)
 Metaspace       used 137383K, committed 139712K, reserved 1179648K
  class space    used 19057K, committed 20224K, reserved 1048576K
}
Event: 112.183 GC heap after
{Heap after GC invocations=65 (full 0):
 garbage-first heap   total 755712K, used 320634K [0x0000000700000000, 0x0000000800000000)
  region size 2048K, 3 young (6144K), 3 survivors (6144K)
 Metaspace       used 137383K, committed 139712K, reserved 1179648K
  class space    used 19057K, committed 20224K, reserved 1048576K
}
Event: 112.596 GC heap before
{Heap before GC invocations=65 (full 0):
 garbage-first heap   total 755712K, used 351354K [0x0000000700000000, 0x0000000800000000)
  region size 2048K, 18 young (36864K), 3 survivors (6144K)
 Metaspace       used 137399K, committed 139776K, reserved 1179648K
  class space    used 19057K, committed 20224K, reserved 1048576K
}

