# JRE version: OpenJDK Runtime Environment (21.0.7) (build 21.0.7+-13880790-b1038.58)
# Java VM: OpenJDK 64-Bit Server VM (21.0.7+-13880790-b1038.58, mixed mode, tiered, compressed oops, compressed class ptrs, g1 gc, windows-amd64)
GC Precious Log:
 CardTable entry size: 512
 Card Set container configuration: InlinePtr #cards 4 size 8 Array Of Cards #cards 16 size 48 Howl #buckets 8 coarsen threshold 3686 Howl Bitmap #cards 512 size 80 coarsen threshold 460 Card regions per heap region 1 cards per card region 4096
 CPUs: 12 total, 12 available
 Memory: 7520M
 Large Page Support: Disabled
 NUMA Support: Disabled
 Compressed Oops: Enabled (Zero based)
 Heap Region Size: 2M
 Heap Min Capacity: 8M
 Heap Initial Capacity: 118M
 Heap Max Capacity: 4G
 Pre-touch: Disabled
 Parallel Workers: 10
 Concurrent Workers: 3
 Concurrent Refinement Workers: 10
 Periodic GC: Disabled
Heap:
 garbage-first heap   total 317440K, used 153714K [0x0000000700000000, 0x0000000800000000)
  region size 2048K, 3 young (6144K), 3 survivors (6144K)
 Metaspace       used 154318K, committed 156608K, reserved 1245184K
  class space    used 19805K, committed 20928K, reserved 1048576K
GC Heap History (20 events):
Event: 10.893 GC heap after
{Heap after GC invocations=39 (full 0):
 garbage-first heap   total 204800K, used 112479K [0x0000000700000000, 0x0000000800000000)
  region size 2048K, 6 young (12288K), 6 survivors (12288K)
 Metaspace       used 142644K, committed 144960K, reserved 1179648K
  class space    used 18460K, committed 19584K, reserved 1048576K
}
Event: 11.434 GC heap before
{Heap before GC invocations=39 (full 0):
 garbage-first heap   total 204800K, used 180063K [0x0000000700000000, 0x0000000800000000)
  region size 2048K, 40 young (81920K), 6 survivors (12288K)
 Metaspace       used 147725K, committed 150016K, reserved 1179648K
  class space    used 19034K, committed 20160K, reserved 1048576K
}
Event: 11.444 GC heap after
{Heap after GC invocations=40 (full 0):
 garbage-first heap   total 204800K, used 120294K [0x0000000700000000, 0x0000000800000000)
  region size 2048K, 4 young (8192K), 4 survivors (8192K)
 Metaspace       used 147725K, committed 150016K, reserved 1179648K
  class space    used 19034K, committed 20160K, reserved 1048576K
}
Event: 13.365 GC heap before
{Heap before GC invocations=41 (full 0):
 garbage-first heap   total 204800K, used 181734K [0x0000000700000000, 0x0000000800000000)
  region size 2048K, 36 young (73728K), 4 survivors (8192K)
 Metaspace       used 152471K, committed 154816K, reserved 1245184K
  class space    used 19674K, committed 20800K, reserved 1048576K
}
Event: 13.372 GC heap after
{Heap after GC invocations=42 (full 0):
 garbage-first heap   total 204800K, used 131011K [0x0000000700000000, 0x0000000800000000)
  region size 2048K, 5 young (10240K), 5 survivors (10240K)
 Metaspace       used 152471K, committed 154816K, reserved 1245184K
  class space    used 19674K, committed 20800K, reserved 1048576K
}
Event: 13.439 GC heap before
{Heap before GC invocations=42 (full 0):
 garbage-first heap   total 204800K, used 182211K [0x0000000700000000, 0x0000000800000000)
  region size 2048K, 31 young (63488K), 5 survivors (10240K)
 Metaspace       used 152662K, committed 154944K, reserved 1245184K
  class space    used 19690K, committed 20800K, reserved 1048576K
}
Event: 13.445 GC heap after
{Heap after GC invocations=43 (full 0):
 garbage-first heap   total 204800K, used 118234K [0x0000000700000000, 0x0000000800000000)
  region size 2048K, 2 young (4096K), 2 survivors (4096K)
 Metaspace       used 152662K, committed 154944K, reserved 1245184K
  class space    used 19690K, committed 20800K, reserved 1048576K
}
Event: 13.545 GC heap before
{Heap before GC invocations=43 (full 0):
 garbage-first heap   total 204800K, used 181722K [0x0000000700000000, 0x0000000800000000)
  region size 2048K, 34 young (69632K), 2 survivors (4096K)
 Metaspace       used 152824K, committed 155136K, reserved 1245184K
  class space    used 19691K, committed 20800K, reserved 1048576K
}
Event: 13.548 GC heap after
{Heap after GC invocations=44 (full 0):
 garbage-first heap   total 204800K, used 120885K [0x0000000700000000, 0x0000000800000000)
  region size 2048K, 4 young (8192K), 4 survivors (8192K)
 Metaspace       used 152824K, committed 155136K, reserved 1245184K
  class space    used 19691K, committed 20800K, reserved 1048576K
}
Event: 13.632 GC heap before
{Heap before GC invocations=44 (full 0):
 garbage-first heap   total 204800K, used 182325K [0x0000000700000000, 0x0000000800000000)
  region size 2048K, 35 young (71680K), 4 survivors (8192K)
 Metaspace       used 152891K, committed 155200K, reserved 1245184K
  class space    used 19691K, committed 20800K, reserved 1048576K
}
Event: 13.635 GC heap after
{Heap after GC invocations=45 (full 0):
 garbage-first heap   total 311296K, used 122811K [0x0000000700000000, 0x0000000800000000)
  region size 2048K, 4 young (8192K), 4 survivors (8192K)
 Metaspace       used 152891K, committed 155200K, reserved 1245184K
  class space    used 19691K, committed 20800K, reserved 1048576K
}
Event: 13.795 GC heap before
{Heap before GC invocations=46 (full 0):
 garbage-first heap   total 311296K, used 266171K [0x0000000700000000, 0x0000000800000000)
  region size 2048K, 75 young (153600K), 4 survivors (8192K)
 Metaspace       used 152900K, committed 155200K, reserved 1245184K
  class space    used 19691K, committed 20800K, reserved 1048576K
}
Event: 13.807 GC heap after
{Heap after GC invocations=47 (full 0):
 garbage-first heap   total 311296K, used 126488K [0x0000000700000000, 0x0000000800000000)
  region size 2048K, 6 young (12288K), 6 survivors (12288K)
 Metaspace       used 152900K, committed 155200K, reserved 1245184K
  class space    used 19691K, committed 20800K, reserved 1048576K
}
Event: 14.213 GC heap before
{Heap before GC invocations=47 (full 0):
 garbage-first heap   total 311296K, used 273944K [0x0000000700000000, 0x0000000800000000)
  region size 2048K, 79 young (161792K), 6 survivors (12288K)
 Metaspace       used 153031K, committed 155264K, reserved 1245184K
  class space    used 19697K, committed 20800K, reserved 1048576K
}
Event: 14.239 GC heap after
{Heap after GC invocations=48 (full 0):
 garbage-first heap   total 317440K, used 139388K [0x0000000700000000, 0x0000000800000000)
  region size 2048K, 10 young (20480K), 10 survivors (20480K)
 Metaspace       used 153031K, committed 155264K, reserved 1245184K
  class space    used 19697K, committed 20800K, reserved 1048576K
}
Event: 14.610 GC heap before
{Heap before GC invocations=48 (full 0):
 garbage-first heap   total 317440K, used 270460K [0x0000000700000000, 0x0000000800000000)
  region size 2048K, 75 young (153600K), 10 survivors (20480K)
 Metaspace       used 154095K, committed 156416K, reserved 1245184K
  class space    used 19803K, committed 20928K, reserved 1048576K
}
Event: 14.627 GC heap after
{Heap after GC invocations=49 (full 0):
 garbage-first heap   total 317440K, used 153834K [0x0000000700000000, 0x0000000800000000)
  region size 2048K, 8 young (16384K), 8 survivors (16384K)
 Metaspace       used 154095K, committed 156416K, reserved 1245184K
  class space    used 19803K, committed 20928K, reserved 1048576K
}
Event: 14.869 GC heap before
{Heap before GC invocations=50 (full 0):
 garbage-first heap   total 317440K, used 276714K [0x0000000700000000, 0x0000000800000000)
  region size 2048K, 69 young (141312K), 8 survivors (16384K)
 Metaspace       used 154209K, committed 156544K, reserved 1245184K
  class space    used 19804K, committed 20928K, reserved 1048576K
}
Event: 14.875 GC heap after
{Heap after GC invocations=51 (full 0):
 garbage-first heap   total 317440K, used 154832K [0x0000000700000000, 0x0000000800000000)
  region size 2048K, 2 young (4096K), 2 survivors (4096K)
 Metaspace       used 154209K, committed 156544K, reserved 1245184K
  class space    used 19804K, committed 20928K, reserved 1048576K
}
Event: 15.096 GC heap before
{Heap before GC invocations=51 (full 0):
 garbage-first heap   total 317440K, used 279760K [0x0000000700000000, 0x0000000800000000)
  region size 2048K, 64 young (131072K), 2 survivors (4096K)
 Metaspace       used 154318K, committed 156608K, reserved 1245184K
  class space    used 19805K, committed 20928K, reserved 1048576K
}

