# JRE version: OpenJDK Runtime Environment (21.0.7) (build 21.0.7+-13880790-b1038.58)
# Java VM: OpenJDK 64-Bit Server VM (21.0.7+-13880790-b1038.58, mixed mode, tiered, compressed oops, compressed class ptrs, g1 gc, windows-amd64)
GC Precious Log:
 CardTable entry size: 512
 Card Set container configuration: InlinePtr #cards 4 size 8 Array Of Cards #cards 16 size 48 Howl #buckets 8 coarsen threshold 3686 Howl Bitmap #cards 512 size 80 coarsen threshold 460 Card regions per heap region 1 cards per card region 4096
 CPUs: 12 total, 12 available
 Memory: 7520M
 Large Page Support: Disabled
 NUMA Support: Disabled
 Compressed Oops: Enabled (Zero based)
 Heap Region Size: 2M
 Heap Min Capacity: 8M
 Heap Initial Capacity: 118M
 Heap Max Capacity: 4G
 Pre-touch: Disabled
 Parallel Workers: 10
 Concurrent Workers: 3
 Concurrent Refinement Workers: 10
 Periodic GC: Disabled
Heap:
 garbage-first heap   total 352256K, used 268870K [0x0000000700000000, 0x0000000800000000)
  region size 2048K, 5 young (10240K), 5 survivors (10240K)
 Metaspace       used 137384K, committed 139648K, reserved 1179648K
  class space    used 18928K, committed 20032K, reserved 1048576K
GC Heap History (20 events):
Event: 102.282 GC heap after
{Heap after GC invocations=52 (full 0):
 garbage-first heap   total 233472K, used 136272K [0x0000000700000000, 0x0000000800000000)
  region size 2048K, 1 young (2048K), 1 survivors (2048K)
 Metaspace       used 125607K, committed 127936K, reserved 1179648K
  class space    used 17115K, committed 18240K, reserved 1048576K
}
Event: 107.700 GC heap before
{Heap before GC invocations=52 (full 0):
 garbage-first heap   total 233472K, used 207952K [0x0000000700000000, 0x0000000800000000)
  region size 2048K, 37 young (75776K), 1 survivors (2048K)
 Metaspace       used 128414K, committed 130688K, reserved 1179648K
  class space    used 17456K, committed 18560K, reserved 1048576K
}
Event: 107.747 GC heap after
{Heap after GC invocations=53 (full 0):
 garbage-first heap   total 233472K, used 141904K [0x0000000700000000, 0x0000000800000000)
  region size 2048K, 4 young (8192K), 4 survivors (8192K)
 Metaspace       used 128414K, committed 130688K, reserved 1179648K
  class space    used 17456K, committed 18560K, reserved 1048576K
}
Event: 109.898 GC heap before
{Heap before GC invocations=53 (full 0):
 garbage-first heap   total 233472K, used 229968K [0x0000000700000000, 0x0000000800000000)
  region size 2048K, 37 young (75776K), 4 survivors (8192K)
 Metaspace       used 128869K, committed 131200K, reserved 1179648K
  class space    used 17531K, committed 18624K, reserved 1048576K
}
Event: 109.966 GC heap after
{Heap after GC invocations=54 (full 0):
 garbage-first heap   total 249856K, used 150292K [0x0000000700000000, 0x0000000800000000)
  region size 2048K, 5 young (10240K), 5 survivors (10240K)
 Metaspace       used 128869K, committed 131200K, reserved 1179648K
  class space    used 17531K, committed 18624K, reserved 1048576K
}
Event: 111.112 GC heap before
{Heap before GC invocations=54 (full 0):
 garbage-first heap   total 249856K, used 221972K [0x0000000700000000, 0x0000000800000000)
  region size 2048K, 41 young (83968K), 5 survivors (10240K)
 Metaspace       used 129351K, committed 131712K, reserved 1179648K
  class space    used 17600K, committed 18752K, reserved 1048576K
}
Event: 111.167 GC heap after
{Heap after GC invocations=55 (full 0):
 garbage-first heap   total 301056K, used 164402K [0x0000000700000000, 0x0000000800000000)
  region size 2048K, 6 young (12288K), 6 survivors (12288K)
 Metaspace       used 129351K, committed 131712K, reserved 1179648K
  class space    used 17600K, committed 18752K, reserved 1048576K
}
Event: 112.952 GC heap before
{Heap before GC invocations=56 (full 0):
 garbage-first heap   total 301056K, used 258610K [0x0000000700000000, 0x0000000800000000)
  region size 2048K, 53 young (108544K), 6 survivors (12288K)
 Metaspace       used 129755K, committed 132032K, reserved 1179648K
  class space    used 17653K, committed 18752K, reserved 1048576K
}
Event: 112.990 GC heap after
{Heap after GC invocations=57 (full 0):
 garbage-first heap   total 301056K, used 186335K [0x0000000700000000, 0x0000000800000000)
  region size 2048K, 7 young (14336K), 7 survivors (14336K)
 Metaspace       used 129755K, committed 132032K, reserved 1179648K
  class space    used 17653K, committed 18752K, reserved 1048576K
}
Event: 118.903 GC heap before
{Heap before GC invocations=57 (full 0):
 garbage-first heap   total 301056K, used 262111K [0x0000000700000000, 0x0000000800000000)
  region size 2048K, 45 young (92160K), 7 survivors (14336K)
 Metaspace       used 133076K, committed 135360K, reserved 1179648K
  class space    used 18221K, committed 19328K, reserved 1048576K
}
Event: 118.943 GC heap after
{Heap after GC invocations=58 (full 0):
 garbage-first heap   total 301056K, used 196893K [0x0000000700000000, 0x0000000800000000)
  region size 2048K, 6 young (12288K), 6 survivors (12288K)
 Metaspace       used 133076K, committed 135360K, reserved 1179648K
  class space    used 18221K, committed 19328K, reserved 1048576K
}
Event: 122.410 GC heap before
{Heap before GC invocations=58 (full 0):
 garbage-first heap   total 301056K, used 266525K [0x0000000700000000, 0x0000000800000000)
  region size 2048K, 40 young (81920K), 6 survivors (12288K)
 Metaspace       used 134737K, committed 136960K, reserved 1179648K
  class space    used 18429K, committed 19520K, reserved 1048576K
}
Event: 122.478 GC heap after
{Heap after GC invocations=59 (full 0):
 garbage-first heap   total 301056K, used 209769K [0x0000000700000000, 0x0000000800000000)
  region size 2048K, 5 young (10240K), 5 survivors (10240K)
 Metaspace       used 134737K, committed 136960K, reserved 1179648K
  class space    used 18429K, committed 19520K, reserved 1048576K
}
Event: 123.844 GC heap before
{Heap before GC invocations=60 (full 0):
 garbage-first heap   total 352256K, used 269161K [0x0000000700000000, 0x0000000800000000)
  region size 2048K, 34 young (69632K), 5 survivors (10240K)
 Metaspace       used 135165K, committed 137472K, reserved 1179648K
  class space    used 18523K, committed 19648K, reserved 1048576K
}
Event: 123.947 GC heap after
{Heap after GC invocations=61 (full 0):
 garbage-first heap   total 352256K, used 222576K [0x0000000700000000, 0x0000000800000000)
  region size 2048K, 5 young (10240K), 5 survivors (10240K)
 Metaspace       used 135165K, committed 137472K, reserved 1179648K
  class space    used 18523K, committed 19648K, reserved 1048576K
}
Event: 125.329 GC heap before
{Heap before GC invocations=61 (full 0):
 garbage-first heap   total 352256K, used 308592K [0x0000000700000000, 0x0000000800000000)
  region size 2048K, 47 young (96256K), 5 survivors (10240K)
 Metaspace       used 136060K, committed 138368K, reserved 1179648K
  class space    used 18699K, committed 19840K, reserved 1048576K
}
Event: 125.455 GC heap after
{Heap after GC invocations=62 (full 0):
 garbage-first heap   total 352256K, used 238039K [0x0000000700000000, 0x0000000800000000)
  region size 2048K, 6 young (12288K), 6 survivors (12288K)
 Metaspace       used 136060K, committed 138368K, reserved 1179648K
  class space    used 18699K, committed 19840K, reserved 1048576K
}
Event: 126.966 GC heap before
{Heap before GC invocations=62 (full 0):
 garbage-first heap   total 352256K, used 313815K [0x0000000700000000, 0x0000000800000000)
  region size 2048K, 43 young (88064K), 6 survivors (12288K)
 Metaspace       used 137332K, committed 139584K, reserved 1179648K
  class space    used 18926K, committed 20032K, reserved 1048576K
}
Event: 127.088 GC heap after
{Heap after GC invocations=63 (full 0):
 garbage-first heap   total 352256K, used 253557K [0x0000000700000000, 0x0000000800000000)
  region size 2048K, 6 young (12288K), 6 survivors (12288K)
 Metaspace       used 137332K, committed 139584K, reserved 1179648K
  class space    used 18926K, committed 20032K, reserved 1048576K
}
Event: 127.963 GC heap before
{Heap before GC invocations=63 (full 0):
 garbage-first heap   total 352256K, used 317045K [0x0000000700000000, 0x0000000800000000)
  region size 2048K, 38 young (77824K), 6 survivors (12288K)
 Metaspace       used 137384K, committed 139648K, reserved 1179648K
  class space    used 18928K, committed 20032K, reserved 1048576K
}

