# JRE version: OpenJDK Runtime Environment (21.0.7) (build 21.0.7+-13880790-b1038.58)
# Java VM: OpenJDK 64-Bit Server VM (21.0.7+-13880790-b1038.58, mixed mode, tiered, compressed oops, compressed class ptrs, g1 gc, windows-amd64)
GC Precious Log:
 CardTable entry size: 512
 Card Set container configuration: InlinePtr #cards 5 size 8 Array Of Cards #cards 12 size 40 Howl #buckets 4 coarsen threshold 1843 Howl Bitmap #cards 512 size 80 coarsen threshold 460 Card regions per heap region 1 cards per card region 2048
 CPUs: 12 total, 12 available
 Memory: 7520M
 Large Page Support: Disabled
 NUMA Support: Disabled
 Compressed Oops: Enabled (32-bit)
 Heap Region Size: 1M
 Heap Min Capacity: 8M
 Heap Initial Capacity: 118M
 Heap Max Capacity: 1882M
 Pre-touch: Disabled
 Parallel Workers: 10
 Concurrent Workers: 3
 Concurrent Refinement Workers: 10
 Periodic GC: Disabled
Heap:
 garbage-first heap   total 83968K, used 60810K [0x000000008a600000, 0x0000000100000000)
  region size 1024K, 3 young (3072K), 3 survivors (3072K)
 Metaspace       used 50820K, committed 51072K, reserved 1114112K
  class space    used 5785K, committed 5888K, reserved 1048576K
GC Heap History (20 events):
Event: 2.314 GC heap after
{Heap after GC invocations=9 (full 0):
 garbage-first heap   total 58368K, used 22477K [0x000000008a600000, 0x0000000100000000)
  region size 1024K, 1 young (1024K), 1 survivors (1024K)
 Metaspace       used 29964K, committed 30272K, reserved 1114112K
  class space    used 3240K, committed 3392K, reserved 1048576K
}
Event: 3.412 GC heap before
{Heap before GC invocations=9 (full 0):
 garbage-first heap   total 58368K, used 45005K [0x000000008a600000, 0x0000000100000000)
  region size 1024K, 24 young (24576K), 1 survivors (1024K)
 Metaspace       used 36271K, committed 36544K, reserved 1114112K
  class space    used 4394K, committed 4544K, reserved 1048576K
}
Event: 3.417 GC heap after
{Heap after GC invocations=10 (full 0):
 garbage-first heap   total 58368K, used 23587K [0x000000008a600000, 0x0000000100000000)
  region size 1024K, 3 young (3072K), 3 survivors (3072K)
 Metaspace       used 36271K, committed 36544K, reserved 1114112K
  class space    used 4394K, committed 4544K, reserved 1048576K
}
Event: 4.076 GC heap before
{Heap before GC invocations=10 (full 0):
 garbage-first heap   total 58368K, used 46115K [0x000000008a600000, 0x0000000100000000)
  region size 1024K, 26 young (26624K), 3 survivors (3072K)
 Metaspace       used 42439K, committed 42752K, reserved 1114112K
  class space    used 4995K, committed 5120K, reserved 1048576K
}
Event: 4.084 GC heap after
{Heap after GC invocations=11 (full 0):
 garbage-first heap   total 58368K, used 25669K [0x000000008a600000, 0x0000000100000000)
  region size 1024K, 4 young (4096K), 4 survivors (4096K)
 Metaspace       used 42439K, committed 42752K, reserved 1114112K
  class space    used 4995K, committed 5120K, reserved 1048576K
}
Event: 4.476 GC heap before
{Heap before GC invocations=11 (full 0):
 garbage-first heap   total 58368K, used 48197K [0x000000008a600000, 0x0000000100000000)
  region size 1024K, 26 young (26624K), 4 survivors (4096K)
 Metaspace       used 44180K, committed 44416K, reserved 1114112K
  class space    used 5132K, committed 5248K, reserved 1048576K
}
Event: 4.491 GC heap after
{Heap after GC invocations=12 (full 0):
 garbage-first heap   total 58368K, used 31035K [0x000000008a600000, 0x0000000100000000)
  region size 1024K, 4 young (4096K), 4 survivors (4096K)
 Metaspace       used 44180K, committed 44416K, reserved 1114112K
  class space    used 5132K, committed 5248K, reserved 1048576K
}
Event: 4.726 GC heap before
{Heap before GC invocations=12 (full 0):
 garbage-first heap   total 58368K, used 45371K [0x000000008a600000, 0x0000000100000000)
  region size 1024K, 19 young (19456K), 4 survivors (4096K)
 Metaspace       used 46986K, committed 47168K, reserved 1114112K
  class space    used 5433K, committed 5504K, reserved 1048576K
}
Event: 4.735 GC heap after
{Heap after GC invocations=13 (full 0):
 garbage-first heap   total 58368K, used 32874K [0x000000008a600000, 0x0000000100000000)
  region size 1024K, 2 young (2048K), 2 survivors (2048K)
 Metaspace       used 46986K, committed 47168K, reserved 1114112K
  class space    used 5433K, committed 5504K, reserved 1048576K
}
Event: 5.056 GC heap before
{Heap before GC invocations=14 (full 0):
 garbage-first heap   total 58368K, used 49258K [0x000000008a600000, 0x0000000100000000)
  region size 1024K, 18 young (18432K), 2 survivors (2048K)
 Metaspace       used 49434K, committed 49728K, reserved 1114112K
  class space    used 5697K, committed 5824K, reserved 1048576K
}
Event: 5.065 GC heap after
{Heap after GC invocations=15 (full 0):
 garbage-first heap   total 70656K, used 35543K [0x000000008a600000, 0x0000000100000000)
  region size 1024K, 3 young (3072K), 3 survivors (3072K)
 Metaspace       used 49434K, committed 49728K, reserved 1114112K
  class space    used 5697K, committed 5824K, reserved 1048576K
}
Event: 5.339 GC heap before
{Heap before GC invocations=15 (full 0):
 garbage-first heap   total 70656K, used 61143K [0x000000008a600000, 0x0000000100000000)
  region size 1024K, 27 young (27648K), 3 survivors (3072K)
 Metaspace       used 50370K, committed 50688K, reserved 1114112K
  class space    used 5766K, committed 5888K, reserved 1048576K
}
Event: 5.357 GC heap after
{Heap after GC invocations=16 (full 0):
 garbage-first heap   total 72704K, used 43838K [0x000000008a600000, 0x0000000100000000)
  region size 1024K, 4 young (4096K), 4 survivors (4096K)
 Metaspace       used 50370K, committed 50688K, reserved 1114112K
  class space    used 5766K, committed 5888K, reserved 1048576K
}
Event: 5.468 GC heap before
{Heap before GC invocations=16 (full 0):
 garbage-first heap   total 72704K, used 61246K [0x000000008a600000, 0x0000000100000000)
  region size 1024K, 22 young (22528K), 4 survivors (4096K)
 Metaspace       used 50599K, committed 50880K, reserved 1114112K
  class space    used 5776K, committed 5888K, reserved 1048576K
}
Event: 5.482 GC heap after
{Heap after GC invocations=17 (full 0):
 garbage-first heap   total 72704K, used 50176K [0x000000008a600000, 0x0000000100000000)
  region size 1024K, 3 young (3072K), 3 survivors (3072K)
 Metaspace       used 50599K, committed 50880K, reserved 1114112K
  class space    used 5776K, committed 5888K, reserved 1048576K
}
Event: 5.636 GC heap before
{Heap before GC invocations=18 (full 0):
 garbage-first heap   total 83968K, used 62464K [0x000000008a600000, 0x0000000100000000)
  region size 1024K, 15 young (15360K), 3 survivors (3072K)
 Metaspace       used 50740K, committed 51008K, reserved 1114112K
  class space    used 5785K, committed 5888K, reserved 1048576K
}
Event: 5.644 GC heap after
{Heap after GC invocations=19 (full 0):
 garbage-first heap   total 83968K, used 53248K [0x000000008a600000, 0x0000000100000000)
  region size 1024K, 2 young (2048K), 2 survivors (2048K)
 Metaspace       used 50740K, committed 51008K, reserved 1114112K
  class space    used 5785K, committed 5888K, reserved 1048576K
}
Event: 5.696 GC heap before
{Heap before GC invocations=19 (full 0):
 garbage-first heap   total 83968K, used 71680K [0x000000008a600000, 0x0000000100000000)
  region size 1024K, 20 young (20480K), 2 survivors (2048K)
 Metaspace       used 50820K, committed 51072K, reserved 1114112K
  class space    used 5785K, committed 5888K, reserved 1048576K
}
Event: 5.702 GC heap after
{Heap after GC invocations=20 (full 0):
 garbage-first heap   total 83968K, used 57344K [0x000000008a600000, 0x0000000100000000)
  region size 1024K, 3 young (3072K), 3 survivors (3072K)
 Metaspace       used 50820K, committed 51072K, reserved 1114112K
  class space    used 5785K, committed 5888K, reserved 1048576K
}
Event: 5.727 GC heap before
{Heap before GC invocations=20 (full 0):
 garbage-first heap   total 83968K, used 72704K [0x000000008a600000, 0x0000000100000000)
  region size 1024K, 18 young (18432K), 3 survivors (3072K)
 Metaspace       used 50820K, committed 51072K, reserved 1114112K
  class space    used 5785K, committed 5888K, reserved 1048576K
}

