# JRE version: OpenJDK Runtime Environment (21.0.7) (build 21.0.7+-13880790-b1038.58)
# Java VM: OpenJDK 64-Bit Server VM (21.0.7+-13880790-b1038.58, mixed mode, tiered, compressed oops, compressed class ptrs, g1 gc, windows-amd64)
GC Precious Log:
 CardTable entry size: 512
 Card Set container configuration: InlinePtr #cards 4 size 8 Array Of Cards #cards 16 size 48 Howl #buckets 8 coarsen threshold 3686 Howl Bitmap #cards 512 size 80 coarsen threshold 460 Card regions per heap region 1 cards per card region 4096
 CPUs: 12 total, 12 available
 Memory: 7520M
 Large Page Support: Disabled
 NUMA Support: Disabled
 Compressed Oops: Enabled (Zero based)
 Heap Region Size: 2M
 Heap Min Capacity: 8M
 Heap Initial Capacity: 118M
 Heap Max Capacity: 4G
 Pre-touch: Disabled
 Parallel Workers: 10
 Concurrent Workers: 3
 Concurrent Refinement Workers: 10
 Periodic GC: Disabled
Heap:
 garbage-first heap   total 604160K, used 423114K [0x0000000700000000, 0x0000000800000000)
  region size 2048K, 8 young (16384K), 8 survivors (16384K)
 Metaspace       used 145712K, committed 148032K, reserved 1179648K
  class space    used 19917K, committed 21056K, reserved 1048576K
GC Heap History (20 events):
Event: 19.755 GC heap after
{Heap after GC invocations=60 (full 0):
 garbage-first heap   total 292864K, used 164713K [0x0000000700000000, 0x0000000800000000)
  region size 2048K, 4 young (8192K), 4 survivors (8192K)
 Metaspace       used 136625K, committed 138944K, reserved 1179648K
  class space    used 18509K, committed 19648K, reserved 1048576K
}
Event: 19.865 GC heap before
{Heap before GC invocations=60 (full 0):
 garbage-first heap   total 292864K, used 254825K [0x0000000700000000, 0x0000000800000000)
  region size 2048K, 49 young (100352K), 4 survivors (8192K)
 Metaspace       used 137394K, committed 139712K, reserved 1179648K
  class space    used 18620K, committed 19776K, reserved 1048576K
}
Event: 19.876 GC heap after
{Heap after GC invocations=61 (full 0):
 garbage-first heap   total 292864K, used 181684K [0x0000000700000000, 0x0000000800000000)
  region size 2048K, 7 young (14336K), 7 survivors (14336K)
 Metaspace       used 137394K, committed 139712K, reserved 1179648K
  class space    used 18620K, committed 19776K, reserved 1048576K
}
Event: 19.923 GC heap before
{Heap before GC invocations=61 (full 0):
 garbage-first heap   total 292864K, used 257460K [0x0000000700000000, 0x0000000800000000)
  region size 2048K, 45 young (92160K), 7 survivors (14336K)
 Metaspace       used 137537K, committed 139840K, reserved 1179648K
  class space    used 18631K, committed 19776K, reserved 1048576K
}
Event: 19.932 GC heap after
{Heap after GC invocations=62 (full 0):
 garbage-first heap   total 292864K, used 199781K [0x0000000700000000, 0x0000000800000000)
  region size 2048K, 6 young (12288K), 6 survivors (12288K)
 Metaspace       used 137537K, committed 139840K, reserved 1179648K
  class space    used 18631K, committed 19776K, reserved 1048576K
}
Event: 20.016 GC heap before
{Heap before GC invocations=62 (full 0):
 garbage-first heap   total 292864K, used 261221K [0x0000000700000000, 0x0000000800000000)
  region size 2048K, 37 young (75776K), 6 survivors (12288K)
 Metaspace       used 137929K, committed 140224K, reserved 1179648K
  class space    used 18695K, committed 19840K, reserved 1048576K
}
Event: 20.026 GC heap after
{Heap after GC invocations=63 (full 0):
 garbage-first heap   total 292864K, used 215350K [0x0000000700000000, 0x0000000800000000)
  region size 2048K, 5 young (10240K), 5 survivors (10240K)
 Metaspace       used 137929K, committed 140224K, reserved 1179648K
  class space    used 18695K, committed 19840K, reserved 1048576K
}
Event: 20.082 GC heap before
{Heap before GC invocations=63 (full 0):
 garbage-first heap   total 292864K, used 262454K [0x0000000700000000, 0x0000000800000000)
  region size 2048K, 29 young (59392K), 5 survivors (10240K)
 Metaspace       used 138111K, committed 140352K, reserved 1179648K
  class space    used 18731K, committed 19840K, reserved 1048576K
}
Event: 20.093 GC heap after
{Heap after GC invocations=64 (full 0):
 garbage-first heap   total 585728K, used 228244K [0x0000000700000000, 0x0000000800000000)
  region size 2048K, 4 young (8192K), 4 survivors (8192K)
 Metaspace       used 138111K, committed 140352K, reserved 1179648K
  class space    used 18731K, committed 19840K, reserved 1048576K
}
Event: 20.473 GC heap before
{Heap before GC invocations=65 (full 0):
 garbage-first heap   total 585728K, used 441236K [0x0000000700000000, 0x0000000800000000)
  region size 2048K, 109 young (223232K), 4 survivors (8192K)
 Metaspace       used 139429K, committed 141696K, reserved 1179648K
  class space    used 18945K, committed 20096K, reserved 1048576K
}
Event: 20.508 GC heap after
{Heap after GC invocations=66 (full 0):
 garbage-first heap   total 585728K, used 276034K [0x0000000700000000, 0x0000000800000000)
  region size 2048K, 14 young (28672K), 14 survivors (28672K)
 Metaspace       used 139429K, committed 141696K, reserved 1179648K
  class space    used 18945K, committed 20096K, reserved 1048576K
}
Event: 20.790 GC heap before
{Heap before GC invocations=66 (full 0):
 garbage-first heap   total 585728K, used 476738K [0x0000000700000000, 0x0000000800000000)
  region size 2048K, 103 young (210944K), 14 survivors (28672K)
 Metaspace       used 139978K, committed 142272K, reserved 1179648K
  class space    used 19013K, committed 20160K, reserved 1048576K
}
Event: 20.833 GC heap after
{Heap after GC invocations=67 (full 0):
 garbage-first heap   total 585728K, used 322852K [0x0000000700000000, 0x0000000800000000)
  region size 2048K, 13 young (26624K), 13 survivors (26624K)
 Metaspace       used 139978K, committed 142272K, reserved 1179648K
  class space    used 19013K, committed 20160K, reserved 1048576K
}
Event: 21.006 GC heap before
{Heap before GC invocations=67 (full 0):
 garbage-first heap   total 585728K, used 484644K [0x0000000700000000, 0x0000000800000000)
  region size 2048K, 92 young (188416K), 13 survivors (26624K)
 Metaspace       used 141423K, committed 143744K, reserved 1179648K
  class space    used 19260K, committed 20416K, reserved 1048576K
}
Event: 21.043 GC heap after
{Heap after GC invocations=68 (full 0):
 garbage-first heap   total 585728K, used 361206K [0x0000000700000000, 0x0000000800000000)
  region size 2048K, 12 young (24576K), 12 survivors (24576K)
 Metaspace       used 141423K, committed 143744K, reserved 1179648K
  class space    used 19260K, committed 20416K, reserved 1048576K
}
Event: 21.435 GC heap before
{Heap before GC invocations=69 (full 0):
 garbage-first heap   total 604160K, used 500470K [0x0000000700000000, 0x0000000800000000)
  region size 2048K, 81 young (165888K), 12 survivors (24576K)
 Metaspace       used 143838K, committed 146112K, reserved 1179648K
  class space    used 19630K, committed 20736K, reserved 1048576K
}
Event: 21.473 GC heap after
{Heap after GC invocations=70 (full 0):
 garbage-first heap   total 604160K, used 391908K [0x0000000700000000, 0x0000000800000000)
  region size 2048K, 11 young (22528K), 11 survivors (22528K)
 Metaspace       used 143838K, committed 146112K, reserved 1179648K
  class space    used 19630K, committed 20736K, reserved 1048576K
}
Event: 22.059 GC heap before
{Heap before GC invocations=70 (full 0):
 garbage-first heap   total 604160K, used 527076K [0x0000000700000000, 0x0000000800000000)
  region size 2048K, 78 young (159744K), 11 survivors (22528K)
 Metaspace       used 145288K, committed 147584K, reserved 1179648K
  class space    used 19892K, committed 21056K, reserved 1048576K
}
Event: 22.096 GC heap after
{Heap after GC invocations=71 (full 0):
 garbage-first heap   total 604160K, used 407552K [0x0000000700000000, 0x0000000800000000)
  region size 2048K, 10 young (20480K), 10 survivors (20480K)
 Metaspace       used 145288K, committed 147584K, reserved 1179648K
  class space    used 19892K, committed 21056K, reserved 1048576K
}
Event: 22.496 GC heap before
{Heap before GC invocations=71 (full 0):
 garbage-first heap   total 604160K, used 540672K [0x0000000700000000, 0x0000000800000000)
  region size 2048K, 75 young (153600K), 10 survivors (20480K)
 Metaspace       used 145712K, committed 148032K, reserved 1179648K
  class space    used 19917K, committed 21056K, reserved 1048576K
}

