# JRE version: OpenJDK Runtime Environment (21.0.7) (build 21.0.7+-13880790-b1038.58)
# Java VM: OpenJDK 64-Bit Server VM (21.0.7+-13880790-b1038.58, mixed mode, tiered, compressed oops, compressed class ptrs, g1 gc, windows-amd64)
GC Precious Log:
 CardTable entry size: 512
 Card Set container configuration: InlinePtr #cards 4 size 8 Array Of Cards #cards 16 size 48 Howl #buckets 8 coarsen threshold 3686 Howl Bitmap #cards 512 size 80 coarsen threshold 460 Card regions per heap region 1 cards per card region 4096
 CPUs: 12 total, 12 available
 Memory: 7520M
 Large Page Support: Disabled
 NUMA Support: Disabled
 Compressed Oops: Enabled (Zero based)
 Heap Region Size: 2M
 Heap Min Capacity: 8M
 Heap Initial Capacity: 118M
 Heap Max Capacity: 4G
 Pre-touch: Disabled
 Parallel Workers: 10
 Concurrent Workers: 3
 Concurrent Refinement Workers: 10
 Periodic GC: Disabled
Heap:
 garbage-first heap   total 321536K, used 196264K [0x0000000700000000, 0x0000000800000000)
  region size 2048K, 5 young (10240K), 5 survivors (10240K)
 Metaspace       used 149708K, committed 152064K, reserved 1179648K
  class space    used 21253K, committed 22400K, reserved 1048576K
GC Heap History (20 events):
Event: 19.323 GC heap after
{Heap after GC invocations=46 (full 0):
 garbage-first heap   total 229376K, used 138326K [0x0000000700000000, 0x0000000800000000)
  region size 2048K, 5 young (10240K), 5 survivors (10240K)
 Metaspace       used 124894K, committed 127168K, reserved 1179648K
  class space    used 17059K, committed 18176K, reserved 1048576K
}
Event: 19.501 GC heap before
{Heap before GC invocations=46 (full 0):
 garbage-first heap   total 229376K, used 201814K [0x0000000700000000, 0x0000000800000000)
  region size 2048K, 37 young (75776K), 5 survivors (10240K)
 Metaspace       used 125080K, committed 127360K, reserved 1179648K
  class space    used 17079K, committed 18176K, reserved 1048576K
}
Event: 19.507 GC heap after
{Heap after GC invocations=47 (full 0):
 garbage-first heap   total 229376K, used 140606K [0x0000000700000000, 0x0000000800000000)
  region size 2048K, 3 young (6144K), 3 survivors (6144K)
 Metaspace       used 125080K, committed 127360K, reserved 1179648K
  class space    used 17079K, committed 18176K, reserved 1048576K
}
Event: 21.128 GC heap before
{Heap before GC invocations=48 (full 0):
 garbage-first heap   total 239616K, used 204094K [0x0000000700000000, 0x0000000800000000)
  region size 2048K, 35 young (71680K), 3 survivors (6144K)
 Metaspace       used 126799K, committed 129088K, reserved 1179648K
  class space    used 17286K, committed 18432K, reserved 1048576K
}
Event: 21.137 GC heap after
{Heap after GC invocations=49 (full 0):
 garbage-first heap   total 239616K, used 143309K [0x0000000700000000, 0x0000000800000000)
  region size 2048K, 4 young (8192K), 4 survivors (8192K)
 Metaspace       used 126799K, committed 129088K, reserved 1179648K
  class space    used 17286K, committed 18432K, reserved 1048576K
}
Event: 21.613 GC heap before
{Heap before GC invocations=49 (full 0):
 garbage-first heap   total 239616K, used 214989K [0x0000000700000000, 0x0000000800000000)
  region size 2048K, 39 young (79872K), 4 survivors (8192K)
 Metaspace       used 127710K, committed 129984K, reserved 1179648K
  class space    used 17409K, committed 18560K, reserved 1048576K
}
Event: 21.622 GC heap after
{Heap after GC invocations=50 (full 0):
 garbage-first heap   total 239616K, used 149058K [0x0000000700000000, 0x0000000800000000)
  region size 2048K, 5 young (10240K), 5 survivors (10240K)
 Metaspace       used 127710K, committed 129984K, reserved 1179648K
  class space    used 17409K, committed 18560K, reserved 1048576K
}
Event: 22.097 GC heap before
{Heap before GC invocations=50 (full 0):
 garbage-first heap   total 239616K, used 212546K [0x0000000700000000, 0x0000000800000000)
  region size 2048K, 37 young (75776K), 5 survivors (10240K)
 Metaspace       used 129743K, committed 132096K, reserved 1179648K
  class space    used 17713K, committed 18880K, reserved 1048576K
}
Event: 22.105 GC heap after
{Heap after GC invocations=51 (full 0):
 garbage-first heap   total 290816K, used 159184K [0x0000000700000000, 0x0000000800000000)
  region size 2048K, 5 young (10240K), 5 survivors (10240K)
 Metaspace       used 129743K, committed 132096K, reserved 1179648K
  class space    used 17713K, committed 18880K, reserved 1048576K
}
Event: 22.745 GC heap before
{Heap before GC invocations=52 (full 0):
 garbage-first heap   total 290816K, used 251344K [0x0000000700000000, 0x0000000800000000)
  region size 2048K, 51 young (104448K), 5 survivors (10240K)
 Metaspace       used 136234K, committed 138560K, reserved 1179648K
  class space    used 18847K, committed 20032K, reserved 1048576K
}
Event: 22.755 GC heap after
{Heap after GC invocations=53 (full 0):
 garbage-first heap   total 290816K, used 169815K [0x0000000700000000, 0x0000000800000000)
  region size 2048K, 7 young (14336K), 7 survivors (14336K)
 Metaspace       used 136234K, committed 138560K, reserved 1179648K
  class space    used 18847K, committed 20032K, reserved 1048576K
}
Event: 23.073 GC heap before
{Heap before GC invocations=53 (full 0):
 garbage-first heap   total 290816K, used 253783K [0x0000000700000000, 0x0000000800000000)
  region size 2048K, 49 young (100352K), 7 survivors (14336K)
 Metaspace       used 141749K, committed 144128K, reserved 1179648K
  class space    used 19906K, committed 21056K, reserved 1048576K
}
Event: 23.087 GC heap after
{Heap after GC invocations=54 (full 0):
 garbage-first heap   total 290816K, used 181074K [0x0000000700000000, 0x0000000800000000)
  region size 2048K, 7 young (14336K), 7 survivors (14336K)
 Metaspace       used 141749K, committed 144128K, reserved 1179648K
  class space    used 19906K, committed 21056K, reserved 1048576K
}
Event: 23.310 GC heap before
{Heap before GC invocations=54 (full 0):
 garbage-first heap   total 290816K, used 256850K [0x0000000700000000, 0x0000000800000000)
  region size 2048K, 45 young (92160K), 7 survivors (14336K)
 Metaspace       used 146403K, committed 148800K, reserved 1179648K
  class space    used 20719K, committed 21888K, reserved 1048576K
}
Event: 23.324 GC heap after
{Heap after GC invocations=55 (full 0):
 garbage-first heap   total 290816K, used 190302K [0x0000000700000000, 0x0000000800000000)
  region size 2048K, 5 young (10240K), 5 survivors (10240K)
 Metaspace       used 146403K, committed 148800K, reserved 1179648K
  class space    used 20719K, committed 21888K, reserved 1048576K
}
Event: 24.003 GC heap before
{Heap before GC invocations=56 (full 0):
 garbage-first heap   total 321536K, used 259934K [0x0000000700000000, 0x0000000800000000)
  region size 2048K, 39 young (79872K), 5 survivors (10240K)
 Metaspace       used 149025K, committed 151424K, reserved 1179648K
  class space    used 21222K, committed 22400K, reserved 1048576K
}
Event: 24.019 GC heap after
{Heap after GC invocations=57 (full 0):
 garbage-first heap   total 321536K, used 196327K [0x0000000700000000, 0x0000000800000000)
  region size 2048K, 4 young (8192K), 4 survivors (8192K)
 Metaspace       used 149025K, committed 151424K, reserved 1179648K
  class space    used 21222K, committed 22400K, reserved 1048576K
}
Event: 24.373 GC heap before
{Heap before GC invocations=57 (full 0):
 garbage-first heap   total 321536K, used 284391K [0x0000000700000000, 0x0000000800000000)
  region size 2048K, 48 young (98304K), 4 survivors (8192K)
 Metaspace       used 149409K, committed 151808K, reserved 1179648K
  class space    used 21243K, committed 22400K, reserved 1048576K
}
Event: 24.386 GC heap after
{Heap after GC invocations=58 (full 0):
 garbage-first heap   total 321536K, used 193646K [0x0000000700000000, 0x0000000800000000)
  region size 2048K, 3 young (6144K), 3 survivors (6144K)
 Metaspace       used 149409K, committed 151808K, reserved 1179648K
  class space    used 21243K, committed 22400K, reserved 1048576K
}
Event: 24.740 GC heap before
{Heap before GC invocations=58 (full 0):
 garbage-first heap   total 321536K, used 287854K [0x0000000700000000, 0x0000000800000000)
  region size 2048K, 50 young (102400K), 3 survivors (6144K)
 Metaspace       used 149708K, committed 152064K, reserved 1179648K
  class space    used 21253K, committed 22400K, reserved 1048576K
}

