# JRE version: OpenJDK Runtime Environment (21.0.7) (build 21.0.7+-13880790-b1038.58)
# Java VM: OpenJDK 64-Bit Server VM (21.0.7+-13880790-b1038.58, mixed mode, tiered, compressed oops, compressed class ptrs, g1 gc, windows-amd64)
GC Precious Log:
 CardTable entry size: 512
 Card Set container configuration: InlinePtr #cards 4 size 8 Array Of Cards #cards 16 size 48 Howl #buckets 8 coarsen threshold 3686 Howl Bitmap #cards 512 size 80 coarsen threshold 460 Card regions per heap region 1 cards per card region 4096
 CPUs: 12 total, 12 available
 Memory: 7520M
 Large Page Support: Disabled
 NUMA Support: Disabled
 Compressed Oops: Enabled (Zero based)
 Heap Region Size: 2M
 Heap Min Capacity: 8M
 Heap Initial Capacity: 118M
 Heap Max Capacity: 4G
 Pre-touch: Disabled
 Parallel Workers: 10
 Concurrent Workers: 3
 Concurrent Refinement Workers: 10
 Periodic GC: Disabled
Heap:
 garbage-first heap   total 155648K, used 75013K [0x0000000700000000, 0x0000000800000000)
  region size 2048K, 8 young (16384K), 2 survivors (4096K)
 Metaspace       used 46073K, committed 47040K, reserved 1114112K
  class space    used 6217K, committed 6720K, reserved 1048576K
GC Heap History (20 events):
Event: 2.220 GC heap before
{Heap before GC invocations=3 (full 0):
 garbage-first heap   total 120832K, used 24174K [0x0000000700000000, 0x0000000800000000)
  region size 2048K, 7 young (14336K), 4 survivors (8192K)
 Metaspace       used 21243K, committed 21504K, reserved 1114112K
  class space    used 2468K, committed 2624K, reserved 1048576K
}
Event: 2.225 GC heap after
{Heap after GC invocations=4 (full 0):
 garbage-first heap   total 120832K, used 20909K [0x0000000700000000, 0x0000000800000000)
  region size 2048K, 1 young (2048K), 1 survivors (2048K)
 Metaspace       used 21243K, committed 21504K, reserved 1114112K
  class space    used 2468K, committed 2624K, reserved 1048576K
}
Event: 3.199 GC heap before
{Heap before GC invocations=5 (full 0):
 garbage-first heap   total 75776K, used 72109K [0x0000000700000000, 0x0000000800000000)
  region size 2048K, 27 young (55296K), 1 survivors (2048K)
 Metaspace       used 29771K, committed 30336K, reserved 1114112K
  class space    used 3861K, committed 4160K, reserved 1048576K
}
Event: 3.205 GC heap after
{Heap after GC invocations=6 (full 0):
 garbage-first heap   total 79872K, used 23475K [0x0000000700000000, 0x0000000800000000)
  region size 2048K, 2 young (4096K), 2 survivors (4096K)
 Metaspace       used 29771K, committed 30336K, reserved 1114112K
  class space    used 3861K, committed 4160K, reserved 1048576K
}
Event: 3.824 GC heap before
{Heap before GC invocations=6 (full 0):
 garbage-first heap   total 79872K, used 62387K [0x0000000700000000, 0x0000000800000000)
  region size 2048K, 22 young (45056K), 2 survivors (4096K)
 Metaspace       used 35176K, committed 35968K, reserved 1114112K
  class space    used 4797K, committed 5184K, reserved 1048576K
}
Event: 3.829 GC heap after
{Heap after GC invocations=7 (full 0):
 garbage-first heap   total 79872K, used 25789K [0x0000000700000000, 0x0000000800000000)
  region size 2048K, 3 young (6144K), 3 survivors (6144K)
 Metaspace       used 35176K, committed 35968K, reserved 1114112K
  class space    used 4797K, committed 5184K, reserved 1048576K
}
Event: 3.911 GC heap before
{Heap before GC invocations=7 (full 0):
 garbage-first heap   total 79872K, used 36029K [0x0000000700000000, 0x0000000800000000)
  region size 2048K, 6 young (12288K), 3 survivors (6144K)
 Metaspace       used 35457K, committed 36288K, reserved 1114112K
  class space    used 4845K, committed 5248K, reserved 1048576K
}
Event: 3.916 GC heap after
{Heap after GC invocations=8 (full 0):
 garbage-first heap   total 79872K, used 33624K [0x0000000700000000, 0x0000000800000000)
  region size 2048K, 3 young (6144K), 3 survivors (6144K)
 Metaspace       used 35457K, committed 36288K, reserved 1114112K
  class space    used 4845K, committed 5248K, reserved 1048576K
}
Event: 3.946 GC heap before
{Heap before GC invocations=9 (full 0):
 garbage-first heap   total 79872K, used 37720K [0x0000000700000000, 0x0000000800000000)
  region size 2048K, 4 young (8192K), 3 survivors (6144K)
 Metaspace       used 35494K, committed 36352K, reserved 1114112K
  class space    used 4853K, committed 5248K, reserved 1048576K
}
Event: 3.949 GC heap after
{Heap after GC invocations=10 (full 0):
 garbage-first heap   total 96256K, used 38460K [0x0000000700000000, 0x0000000800000000)
  region size 2048K, 2 young (4096K), 2 survivors (4096K)
 Metaspace       used 35494K, committed 36352K, reserved 1114112K
  class space    used 4853K, committed 5248K, reserved 1048576K
}
Event: 4.125 GC heap before
{Heap before GC invocations=10 (full 0):
 garbage-first heap   total 96256K, used 48700K [0x0000000700000000, 0x0000000800000000)
  region size 2048K, 7 young (14336K), 2 survivors (4096K)
 Metaspace       used 36302K, committed 37120K, reserved 1114112K
  class space    used 4992K, committed 5376K, reserved 1048576K
}
Event: 4.127 GC heap after
{Heap after GC invocations=11 (full 0):
 garbage-first heap   total 96256K, used 43830K [0x0000000700000000, 0x0000000800000000)
  region size 2048K, 3 young (6144K), 3 survivors (6144K)
 Metaspace       used 36302K, committed 37120K, reserved 1114112K
  class space    used 4992K, committed 5376K, reserved 1048576K
}
Event: 4.148 GC heap before
{Heap before GC invocations=11 (full 0):
 garbage-first heap   total 96256K, used 49974K [0x0000000700000000, 0x0000000800000000)
  region size 2048K, 4 young (8192K), 3 survivors (6144K)
 Metaspace       used 36302K, committed 37120K, reserved 1114112K
  class space    used 4992K, committed 5376K, reserved 1048576K
}
Event: 4.150 GC heap after
{Heap after GC invocations=12 (full 0):
 garbage-first heap   total 96256K, used 50101K [0x0000000700000000, 0x0000000800000000)
  region size 2048K, 2 young (4096K), 2 survivors (4096K)
 Metaspace       used 36302K, committed 37120K, reserved 1114112K
  class space    used 4992K, committed 5376K, reserved 1048576K
}
Event: 4.552 GC heap before
{Heap before GC invocations=13 (full 0):
 garbage-first heap   total 96256K, used 82869K [0x0000000700000000, 0x0000000800000000)
  region size 2048K, 15 young (30720K), 2 survivors (4096K)
 Metaspace       used 39602K, committed 40640K, reserved 1114112K
  class space    used 5498K, committed 6016K, reserved 1048576K
}
Event: 4.555 GC heap after
{Heap after GC invocations=14 (full 0):
 garbage-first heap   total 96256K, used 60209K [0x0000000700000000, 0x0000000800000000)
  region size 2048K, 2 young (4096K), 2 survivors (4096K)
 Metaspace       used 39602K, committed 40640K, reserved 1114112K
  class space    used 5498K, committed 6016K, reserved 1048576K
}
Event: 4.911 GC heap before
{Heap before GC invocations=14 (full 0):
 garbage-first heap   total 96256K, used 78641K [0x0000000700000000, 0x0000000800000000)
  region size 2048K, 12 young (24576K), 2 survivors (4096K)
 Metaspace       used 44346K, committed 45376K, reserved 1114112K
  class space    used 6026K, committed 6528K, reserved 1048576K
}
Event: 4.916 GC heap after
{Heap after GC invocations=15 (full 0):
 garbage-first heap   total 96256K, used 62392K [0x0000000700000000, 0x0000000800000000)
  region size 2048K, 2 young (4096K), 2 survivors (4096K)
 Metaspace       used 44346K, committed 45376K, reserved 1114112K
  class space    used 6026K, committed 6528K, reserved 1048576K
}
Event: 5.108 GC heap before
{Heap before GC invocations=15 (full 0):
 garbage-first heap   total 96256K, used 80824K [0x0000000700000000, 0x0000000800000000)
  region size 2048K, 11 young (22528K), 2 survivors (4096K)
 Metaspace       used 46049K, committed 47040K, reserved 1114112K
  class space    used 6215K, committed 6720K, reserved 1048576K
}
Event: 5.112 GC heap after
{Heap after GC invocations=16 (full 0):
 garbage-first heap   total 155648K, used 64773K [0x0000000700000000, 0x0000000800000000)
  region size 2048K, 2 young (4096K), 2 survivors (4096K)
 Metaspace       used 46049K, committed 47040K, reserved 1114112K
  class space    used 6215K, committed 6720K, reserved 1048576K
}

