# JRE version: OpenJDK Runtime Environment (21.0.7) (build 21.0.7+-13880790-b1038.58)
# Java VM: OpenJDK 64-Bit Server VM (21.0.7+-13880790-b1038.58, mixed mode, tiered, compressed oops, compressed class ptrs, g1 gc, windows-amd64)
GC Precious Log:
 CardTable entry size: 512
 Card Set container configuration: InlinePtr #cards 4 size 8 Array Of Cards #cards 16 size 48 Howl #buckets 8 coarsen threshold 3686 Howl Bitmap #cards 512 size 80 coarsen threshold 460 Card regions per heap region 1 cards per card region 4096
 CPUs: 12 total, 12 available
 Memory: 7520M
 Large Page Support: Disabled
 NUMA Support: Disabled
 Compressed Oops: Enabled (Zero based)
 Heap Region Size: 2M
 Heap Min Capacity: 8M
 Heap Initial Capacity: 118M
 Heap Max Capacity: 4G
 Pre-touch: Disabled
 Parallel Workers: 10
 Concurrent Workers: 3
 Concurrent Refinement Workers: 10
 Periodic GC: Disabled
Heap:
 garbage-first heap   total 563200K, used 399840K [0x0000000700000000, 0x0000000800000000)
  region size 2048K, 8 young (16384K), 8 survivors (16384K)
 Metaspace       used 139178K, committed 141504K, reserved 1179648K
  class space    used 19048K, committed 20224K, reserved 1048576K
GC Heap History (20 events):
Event: 14.314 GC heap after
{Heap after GC invocations=50 (full 0):
 garbage-first heap   total 219136K, used 134691K [0x0000000700000000, 0x0000000800000000)
  region size 2048K, 4 young (8192K), 4 survivors (8192K)
 Metaspace       used 122195K, committed 124480K, reserved 1179648K
  class space    used 16729K, committed 17856K, reserved 1048576K
}
Event: 14.685 GC heap before
{Heap before GC invocations=50 (full 0):
 garbage-first heap   total 219136K, used 194083K [0x0000000700000000, 0x0000000800000000)
  region size 2048K, 34 young (69632K), 4 survivors (8192K)
 Metaspace       used 122485K, committed 124800K, reserved 1179648K
  class space    used 16763K, committed 17920K, reserved 1048576K
}
Event: 14.690 GC heap after
{Heap after GC invocations=51 (full 0):
 garbage-first heap   total 219136K, used 137706K [0x0000000700000000, 0x0000000800000000)
  region size 2048K, 3 young (6144K), 3 survivors (6144K)
 Metaspace       used 122485K, committed 124800K, reserved 1179648K
  class space    used 16763K, committed 17920K, reserved 1048576K
}
Event: 15.415 GC heap before
{Heap before GC invocations=52 (full 0):
 garbage-first heap   total 233472K, used 195050K [0x0000000700000000, 0x0000000800000000)
  region size 2048K, 32 young (65536K), 3 survivors (6144K)
 Metaspace       used 126362K, committed 128704K, reserved 1179648K
  class space    used 17268K, committed 18432K, reserved 1048576K
}
Event: 15.420 GC heap after
{Heap after GC invocations=53 (full 0):
 garbage-first heap   total 233472K, used 142330K [0x0000000700000000, 0x0000000800000000)
  region size 2048K, 4 young (8192K), 4 survivors (8192K)
 Metaspace       used 126362K, committed 128704K, reserved 1179648K
  class space    used 17268K, committed 18432K, reserved 1048576K
}
Event: 15.531 GC heap before
{Heap before GC invocations=53 (full 0):
 garbage-first heap   total 233472K, used 209914K [0x0000000700000000, 0x0000000800000000)
  region size 2048K, 37 young (75776K), 4 survivors (8192K)
 Metaspace       used 127639K, committed 129984K, reserved 1179648K
  class space    used 17459K, committed 18624K, reserved 1048576K
}
Event: 15.537 GC heap after
{Heap after GC invocations=54 (full 0):
 garbage-first heap   total 233472K, used 144958K [0x0000000700000000, 0x0000000800000000)
  region size 2048K, 3 young (6144K), 3 survivors (6144K)
 Metaspace       used 127639K, committed 129984K, reserved 1179648K
  class space    used 17459K, committed 18624K, reserved 1048576K
}
Event: 15.658 GC heap before
{Heap before GC invocations=54 (full 0):
 garbage-first heap   total 233472K, used 177726K [0x0000000700000000, 0x0000000800000000)
  region size 2048K, 21 young (43008K), 3 survivors (6144K)
 Metaspace       used 128644K, committed 131008K, reserved 1179648K
  class space    used 17589K, committed 18752K, reserved 1048576K
}
Event: 15.663 GC heap after
{Heap after GC invocations=55 (full 0):
 garbage-first heap   total 372736K, used 146868K [0x0000000700000000, 0x0000000800000000)
  region size 2048K, 4 young (8192K), 4 survivors (8192K)
 Metaspace       used 128644K, committed 131008K, reserved 1179648K
  class space    used 17589K, committed 18752K, reserved 1048576K
}
Event: 15.678 GC heap before
{Heap before GC invocations=55 (full 0):
 garbage-first heap   total 372736K, used 150964K [0x0000000700000000, 0x0000000800000000)
  region size 2048K, 6 young (12288K), 4 survivors (8192K)
 Metaspace       used 128716K, committed 131136K, reserved 1179648K
  class space    used 17600K, committed 18816K, reserved 1048576K
}
Event: 15.682 GC heap after
{Heap after GC invocations=56 (full 0):
 garbage-first heap   total 372736K, used 154450K [0x0000000700000000, 0x0000000800000000)
  region size 2048K, 6 young (12288K), 6 survivors (12288K)
 Metaspace       used 128716K, committed 131136K, reserved 1179648K
  class space    used 17600K, committed 18816K, reserved 1048576K
}
Event: 16.396 GC heap before
{Heap before GC invocations=57 (full 0):
 garbage-first heap   total 411648K, used 406354K [0x0000000700000000, 0x0000000800000000)
  region size 2048K, 43 young (88064K), 6 survivors (12288K)
 Metaspace       used 131852K, committed 134272K, reserved 1179648K
  class space    used 18063K, committed 19264K, reserved 1048576K
}
Event: 16.427 GC heap after
{Heap after GC invocations=58 (full 0):
 garbage-first heap   total 448512K, used 287668K [0x0000000700000000, 0x0000000800000000)
  region size 2048K, 8 young (16384K), 8 survivors (16384K)
 Metaspace       used 131852K, committed 134272K, reserved 1179648K
  class space    used 18063K, committed 19264K, reserved 1048576K
}
Event: 16.754 GC heap before
{Heap before GC invocations=58 (full 0):
 garbage-first heap   total 448512K, used 383924K [0x0000000700000000, 0x0000000800000000)
  region size 2048K, 47 young (96256K), 8 survivors (16384K)
 Metaspace       used 132922K, committed 135360K, reserved 1179648K
  class space    used 18173K, committed 19392K, reserved 1048576K
}
Event: 16.776 GC heap after
{Heap after GC invocations=59 (full 0):
 garbage-first heap   total 448512K, used 315942K [0x0000000700000000, 0x0000000800000000)
  region size 2048K, 6 young (12288K), 6 survivors (12288K)
 Metaspace       used 132922K, committed 135360K, reserved 1179648K
  class space    used 18173K, committed 19392K, reserved 1048576K
}
Event: 17.263 GC heap before
{Heap before GC invocations=59 (full 0):
 garbage-first heap   total 448512K, used 381478K [0x0000000700000000, 0x0000000800000000)
  region size 2048K, 39 young (79872K), 6 survivors (12288K)
 Metaspace       used 135455K, committed 137856K, reserved 1179648K
  class space    used 18516K, committed 19712K, reserved 1048576K
}
Event: 17.288 GC heap after
{Heap after GC invocations=60 (full 0):
 garbage-first heap   total 448512K, used 335872K [0x0000000700000000, 0x0000000800000000)
  region size 2048K, 5 young (10240K), 5 survivors (10240K)
 Metaspace       used 135455K, committed 137856K, reserved 1179648K
  class space    used 18516K, committed 19712K, reserved 1048576K
}
Event: 17.929 GC heap before
{Heap before GC invocations=61 (full 0):
 garbage-first heap   total 563200K, used 415744K [0x0000000700000000, 0x0000000800000000)
  region size 2048K, 34 young (69632K), 5 survivors (10240K)
 Metaspace       used 138794K, committed 141184K, reserved 1179648K
  class space    used 19011K, committed 20224K, reserved 1048576K
}
Event: 17.960 GC heap after
{Heap after GC invocations=62 (full 0):
 garbage-first heap   total 563200K, used 360038K [0x0000000700000000, 0x0000000800000000)
  region size 2048K, 5 young (10240K), 5 survivors (10240K)
 Metaspace       used 138794K, committed 141184K, reserved 1179648K
  class space    used 19011K, committed 20224K, reserved 1048576K
}
Event: 18.366 GC heap before
{Heap before GC invocations=62 (full 0):
 garbage-first heap   total 563200K, used 474726K [0x0000000700000000, 0x0000000800000000)
  region size 2048K, 57 young (116736K), 5 survivors (10240K)
 Metaspace       used 139178K, committed 141504K, reserved 1179648K
  class space    used 19048K, committed 20224K, reserved 1048576K
}

